<html>
<body>
<pre>
<h1>Vision Build Log</h1>
<h2>Project:</h2>
E:\Project\PowerManagement\PowerManagement2.0\软件\PowerManagement_20\Project\PW.uvproj
Project File Date:  09/27/2014

<h2>Output:</h2>
Build target 'Target 1'
compiling main.c...
..\User\main.h(1): error:  #5: cannot open source input file "STM32F10X_Periph.h": No such file or directory
..\User\main.h:   #include "STM32F10X_Periph.h"
..\User\main.h:                                ^
..\User\main.h: ..\User\main.c: 0 warnings, 1 error
compiling Memory.c...
..\Basis_Lib\Memory.c(1): error:  #5: cannot open source input file "TypeDef.h": No such file or directory
..\Basis_Lib\Memory.c:   #include "TypeDef.h"
..\Basis_Lib\Memory.c:                       ^
..\Basis_Lib\Memory.c: ..\Basis_Lib\Memory.c: 0 warnings, 1 error
compiling Queue.c...
..\Basis_Lib\Queue.c(11): error:  #5: cannot open source input file "TypeDef.h": No such file or directory
..\Basis_Lib\Queue.c:   #include "TypeDef.h"
..\Basis_Lib\Queue.c:                       ^
..\Basis_Lib\Queue.c: ..\Basis_Lib\Queue.c: 0 warnings, 1 error
compiling CAN1.c...
..\STM32_Driver\TypeDef.h(6): error:  #256: invalid redeclaration of type name "bool" (declared at line 345 of "D:\Engineer software\Keil\ARM\INC\ST\STM32F10x\stm32f10x.h")
..\STM32_Driver\TypeDef.h:   typedef    unsigned        char    bool;
..\STM32_Driver\TypeDef.h:                                      ^
..\STM32_Driver\TypeDef.h: ..\STM32_Driver\CAN1.c: 0 warnings, 1 error
compiling CAN2.c...
compiling Flash.c...
..\STM32_Driver\TypeDef.h(6): error:  #256: invalid redeclaration of type name "bool" (declared at line 345 of "D:\Engineer software\Keil\ARM\INC\ST\STM32F10x\stm32f10x.h")
..\STM32_Driver\TypeDef.h:   typedef    unsigned        char    bool;
..\STM32_Driver\TypeDef.h:                                      ^
..\STM32_Driver\Flash.c(12): error:  #20: identifier "FLASH_Status" is undefined
..\STM32_Driver\Flash.c:        volatile FLASH_Status FLASHStatus;      
..\STM32_Driver\Flash.c:                 ^
..\STM32_Driver\Flash.c: KB: Unexpected type: 0
error type>(19): warning:  #223-D: function "FLASH_Unlock" declared implicitly
error type>:    FLASH_Unlock();          //
error type>:    ^
..\STM32_Driver\Flash.c(21): warning:  #223-D: function "FLASH_ClearFlag" declared implicitly
..\STM32_Driver\Flash.c:        FLASH_ClearFlag(FLASH_FLAG_BSY | FLASH_FLAG_EOP | FLASH_FLAG_PGERR | FLASH_FLAG_WRPRTERR);
..\STM32_Driver\Flash.c:        ^
..\STM32_Driver\Flash.c(21): error:  #20: identifier "FLASH_FLAG_BSY" is undefined
..\STM32_Driver\Flash.c:        FLASH_ClearFlag(FLASH_FLAG_BSY | FLASH_FLAG_EOP | FLASH_FLAG_PGERR | FLASH_FLAG_WRPRTERR);
..\STM32_Driver\Flash.c:                        ^
..\STM32_Driver\Flash.c(21): error:  #20: identifier "FLASH_FLAG_EOP" is undefined
..\STM32_Driver\Flash.c:        FLASH_ClearFlag(FLASH_FLAG_BSY | FLASH_FLAG_EOP | FLASH_FLAG_PGERR | FLASH_FLAG_WRPRTERR);
..\STM32_Driver\Flash.c:                                         ^
..\STM32_Driver\Flash.c(21): error:  #20: identifier "FLASH_FLAG_PGERR" is undefined
..\STM32_Driver\Flash.c:        FLASH_ClearFlag(FLASH_FLAG_BSY | FLASH_FLAG_EOP | FLASH_FLAG_PGERR | FLASH_FLAG_WRPRTERR);
..\STM32_Driver\Flash.c:                                                          ^
..\STM32_Driver\Flash.c(21): error:  #20: identifier "FLASH_FLAG_WRPRTERR" is undefined
..\STM32_Driver\Flash.c:        FLASH_ClearFlag(FLASH_FLAG_BSY | FLASH_FLAG_EOP | FLASH_FLAG_PGERR | FLASH_FLAG_WRPRTERR);
..\STM32_Driver\Flash.c:                                                                             ^
..\STM32_Driver\Flash.c(22): error:  #20: identifier "FLASH_COMPLETE" is undefined
..\STM32_Driver\Flash.c:        FLASHStatus=FLASH_COMPLETE;
..\STM32_Driver\Flash.c:                    ^
..\STM32_Driver\Flash.c(25): warning:  #223-D: function "FLASH_ErasePage" declared implicitly
..\STM32_Driver\Flash.c:                FLASHStatus=FLASH_ErasePage(StartAddr+(PageSize*EraseCounter)); 
..\STM32_Driver\Flash.c:                            ^
..\STM32_Driver\Flash.c(30): warning:  #223-D: function "FLASH_ProgramWord" declared implicitly
..\STM32_Driver\Flash.c:        {       FLASHStatus=FLASH_ProgramWord(Address,p_data[i++]);
..\STM32_Driver\Flash.c:                            ^
..\STM32_Driver\Flash.c: ..\STM32_Driver\Flash.c: 4 warnings, 7 errors
compiling I2C1.c...
compiling ISRHandler.c...
D:\Engineer software\Keil\ARM\INC\ST\STM32F10x\stm32f10x.h(345): error:  #40: expected an identifier
D:\Engineer software\Keil\ARM\INC\ST\STM32F10x\stm32f10x.h:   typedef enum {FALSE = 0, TRUE = !FALSE} bool;
D:\Engineer software\Keil\ARM\INC\ST\STM32F10x\stm32f10x.h:                 ^
D:\Engineer software\Keil\ARM\INC\ST\STM32F10x\stm32f10x.h(345): error:  #40: expected an identifier
D:\Engineer software\Keil\ARM\INC\ST\STM32F10x\stm32f10x.h:   typedef enum {FALSE = 0, TRUE = !FALSE} bool;
D:\Engineer software\Keil\ARM\INC\ST\STM32F10x\stm32f10x.h:                            ^
D:\Engineer software\Keil\ARM\INC\ST\STM32F10x\stm32f10x.h(345): error:  #256: invalid redeclaration of type name "bool" (declared at line 6 of "..\STM32_Driver\TypeDef.h")
D:\Engineer software\Keil\ARM\INC\ST\STM32F10x\stm32f10x.h:   typedef enum {FALSE = 0, TRUE = !FALSE} bool;
D:\Engineer software\Keil\ARM\INC\ST\STM32F10x\stm32f10x.h:                                           ^
..\STM32_Driver\ISRHandler.c(10): warning:  #223-D: function "NVIC_PriorityGroupConfig" declared implicitly
..\STM32_Driver\ISRHandler.c:       NVIC_PriorityGroupConfig(NVIC_PriorityGroup_3);
..\STM32_Driver\ISRHandler.c:       ^
..\STM32_Driver\ISRHandler.c(10): error:  #20: identifier "NVIC_PriorityGroup_3" is undefined
..\STM32_Driver\ISRHandler.c:       NVIC_PriorityGroupConfig(NVIC_PriorityGroup_3);
..\STM32_Driver\ISRHandler.c:                                ^
..\STM32_Driver\ISRHandler.c: ..\STM32_Driver\ISRHandler.c: 1 warning, 4 errors
Project build/rebuild aborted.
Target not created
Build target 'Target 1'
compiling main.c...
..\User\main.h(1): error:  #5: cannot open source input file "STM32F10X_Periph.h": No such file or directory
..\User\main.h:   #include "STM32F10X_Periph.h"
..\User\main.h:                                ^
..\User\main.h: ..\User\main.c: 0 warnings, 1 error
compiling Memory.c...
..\Basis_Lib\Memory.c(1): error:  #5: cannot open source input file "TypeDef.h": No such file or directory
..\Basis_Lib\Memory.c:   #include "TypeDef.h"
..\Basis_Lib\Memory.c:                       ^
..\Basis_Lib\Memory.c: ..\Basis_Lib\Memory.c: 0 warnings, 1 error
compiling Queue.c...
..\Basis_Lib\Queue.c(11): error:  #5: cannot open source input file "TypeDef.h": No such file or directory
..\Basis_Lib\Queue.c:   #include "TypeDef.h"
..\Basis_Lib\Queue.c:                       ^
..\Basis_Lib\Queue.c: ..\Basis_Lib\Queue.c: 0 warnings, 1 error
compiling CAN1.c...
..\STM32_Driver\TypeDef.h(6): error:  #256: invalid redeclaration of type name "bool" (declared at line 345 of "D:\Engineer software\Keil\ARM\INC\ST\STM32F10x\stm32f10x.h")
..\STM32_Driver\TypeDef.h:   typedef    unsigned        char    bool;
..\STM32_Driver\TypeDef.h:                                      ^
..\STM32_Driver\TypeDef.h: ..\STM32_Driver\CAN1.c: 0 warnings, 1 error
compiling Flash.c...
..\STM32_Driver\TypeDef.h(6): error:  #256: invalid redeclaration of type name "bool" (declared at line 345 of "D:\Engineer software\Keil\ARM\INC\ST\STM32F10x\stm32f10x.h")
..\STM32_Driver\TypeDef.h:   typedef    unsigned        char    bool;
..\STM32_Driver\TypeDef.h:                                      ^
..\STM32_Driver\Flash.c(12): error:  #20: identifier "FLASH_Status" is undefined
..\STM32_Driver\Flash.c:        volatile FLASH_Status FLASHStatus;      
..\STM32_Driver\Flash.c:                 ^
..\STM32_Driver\Flash.c: KB: Unexpected type: 0
error type>(19): warning:  #223-D: function "FLASH_Unlock" declared implicitly
error type>:    FLASH_Unlock();          //
error type>:    ^
..\STM32_Driver\Flash.c(21): warning:  #223-D: function "FLASH_ClearFlag" declared implicitly
..\STM32_Driver\Flash.c:        FLASH_ClearFlag(FLASH_FLAG_BSY | FLASH_FLAG_EOP | FLASH_FLAG_PGERR | FLASH_FLAG_WRPRTERR);
..\STM32_Driver\Flash.c:        ^
..\STM32_Driver\Flash.c(21): error:  #20: identifier "FLASH_FLAG_BSY" is undefined
..\STM32_Driver\Flash.c:        FLASH_ClearFlag(FLASH_FLAG_BSY | FLASH_FLAG_EOP | FLASH_FLAG_PGERR | FLASH_FLAG_WRPRTERR);
..\STM32_Driver\Flash.c:                        ^
..\STM32_Driver\Flash.c(21): error:  #20: identifier "FLASH_FLAG_EOP" is undefined
..\STM32_Driver\Flash.c:        FLASH_ClearFlag(FLASH_FLAG_BSY | FLASH_FLAG_EOP | FLASH_FLAG_PGERR | FLASH_FLAG_WRPRTERR);
..\STM32_Driver\Flash.c:                                         ^
..\STM32_Driver\Flash.c(21): error:  #20: identifier "FLASH_FLAG_PGERR" is undefined
..\STM32_Driver\Flash.c:        FLASH_ClearFlag(FLASH_FLAG_BSY | FLASH_FLAG_EOP | FLASH_FLAG_PGERR | FLASH_FLAG_WRPRTERR);
..\STM32_Driver\Flash.c:                                                          ^
..\STM32_Driver\Flash.c(21): error:  #20: identifier "FLASH_FLAG_WRPRTERR" is undefined
..\STM32_Driver\Flash.c:        FLASH_ClearFlag(FLASH_FLAG_BSY | FLASH_FLAG_EOP | FLASH_FLAG_PGERR | FLASH_FLAG_WRPRTERR);
..\STM32_Driver\Flash.c:                                                                             ^
..\STM32_Driver\Flash.c(22): error:  #20: identifier "FLASH_COMPLETE" is undefined
..\STM32_Driver\Flash.c:        FLASHStatus=FLASH_COMPLETE;
..\STM32_Driver\Flash.c:                    ^
..\STM32_Driver\Flash.c(25): warning:  #223-D: function "FLASH_ErasePage" declared implicitly
..\STM32_Driver\Flash.c:                FLASHStatus=FLASH_ErasePage(StartAddr+(PageSize*EraseCounter)); 
..\STM32_Driver\Flash.c:                            ^
..\STM32_Driver\Flash.c(30): warning:  #223-D: function "FLASH_ProgramWord" declared implicitly
..\STM32_Driver\Flash.c:        {       FLASHStatus=FLASH_ProgramWord(Address,p_data[i++]);
..\STM32_Driver\Flash.c:                            ^
..\STM32_Driver\Flash.c: ..\STM32_Driver\Flash.c: 4 warnings, 7 errors
compiling ISRHandler.c...
D:\Engineer software\Keil\ARM\INC\ST\STM32F10x\stm32f10x.h(345): error:  #40: expected an identifier
D:\Engineer software\Keil\ARM\INC\ST\STM32F10x\stm32f10x.h:   typedef enum {FALSE = 0, TRUE = !FALSE} bool;
D:\Engineer software\Keil\ARM\INC\ST\STM32F10x\stm32f10x.h:                 ^
D:\Engineer software\Keil\ARM\INC\ST\STM32F10x\stm32f10x.h(345): error:  #40: expected an identifier
D:\Engineer software\Keil\ARM\INC\ST\STM32F10x\stm32f10x.h:   typedef enum {FALSE = 0, TRUE = !FALSE} bool;
D:\Engineer software\Keil\ARM\INC\ST\STM32F10x\stm32f10x.h:                            ^
D:\Engineer software\Keil\ARM\INC\ST\STM32F10x\stm32f10x.h(345): error:  #256: invalid redeclaration of type name "bool" (declared at line 6 of "..\STM32_Driver\TypeDef.h")
D:\Engineer software\Keil\ARM\INC\ST\STM32F10x\stm32f10x.h:   typedef enum {FALSE = 0, TRUE = !FALSE} bool;
D:\Engineer software\Keil\ARM\INC\ST\STM32F10x\stm32f10x.h:                                           ^
..\STM32_Driver\ISRHandler.c(10): warning:  #223-D: function "NVIC_PriorityGroupConfig" declared implicitly
..\STM32_Driver\ISRHandler.c:       NVIC_PriorityGroupConfig(NVIC_PriorityGroup_3);
..\STM32_Driver\ISRHandler.c:       ^
..\STM32_Driver\ISRHandler.c(10): error:  #20: identifier "NVIC_PriorityGroup_3" is undefined
..\STM32_Driver\ISRHandler.c:       NVIC_PriorityGroupConfig(NVIC_PriorityGroup_3);
..\STM32_Driver\ISRHandler.c:                                ^
..\STM32_Driver\ISRHandler.c: ..\STM32_Driver\ISRHandler.c: 1 warning, 4 errors
compiling LED1.c...
..\STM32_Driver\LED1.c(5): error:  #20: identifier "GPIO_InitTypeDef" is undefined
..\STM32_Driver\LED1.c:       GPIO_InitTypeDef GPIO_InitStructure;
..\STM32_Driver\LED1.c:       ^
..\STM32_Driver\LED1.c(7): warning:  #223-D: function "RCC_APB2PeriphClockCmd" declared implicitly
..\STM32_Driver\LED1.c:       RCC_APB2PeriphClockCmd(LED1_RCC_APB2Periph, ENABLE);
..\STM32_Driver\LED1.c:       ^
..\STM32_Driver\LED1.c(7): error:  #20: identifier "RCC_APB2Periph_GPIOB" is undefined
..\STM32_Driver\LED1.c:       RCC_APB2PeriphClockCmd(LED1_RCC_APB2Periph, ENABLE);
..\STM32_Driver\LED1.c:                              ^
..\STM32_Driver\LED1.c(8): error:  #20: identifier "GPIO_Mode_Out_PP" is undefined
..\STM32_Driver\LED1.c:       GPIO_InitStructure.GPIO_Mode = GPIO_Mode_Out_PP;
..\STM32_Driver\LED1.c:                                      ^
..\STM32_Driver\LED1.c(9): error:  #20: identifier "GPIO_Speed_50MHz" is undefined
..\STM32_Driver\LED1.c:       GPIO_InitStructure.GPIO_Speed = GPIO_Speed_50MHz;
..\STM32_Driver\LED1.c:                                       ^
..\STM32_Driver\LED1.c(10): error:  #20: identifier "GPIO_Pin_3" is undefined
..\STM32_Driver\LED1.c:       GPIO_InitStructure.GPIO_Pin = LED1_Pin;
..\STM32_Driver\LED1.c:                                     ^
..\STM32_Driver\LED1.c(11): warning:  #223-D: function "GPIO_Init" declared implicitly
..\STM32_Driver\LED1.c:       GPIO_Init(LED1_Port, &GPIO_InitStructure);
..\STM32_Driver\LED1.c:       ^
..\STM32_Driver\LED1.c(16): warning:  #223-D: function "GPIO_ResetBits" declared implicitly
..\STM32_Driver\LED1.c:       GPIO_ResetBits(LED1_Port, LED1_Pin);
..\STM32_Driver\LED1.c:       ^
..\STM32_Driver\LED1.c(16): error:  #20: identifier "GPIO_Pin_3" is undefined
..\STM32_Driver\LED1.c:       GPIO_ResetBits(LED1_Port, LED1_Pin);
..\STM32_Driver\LED1.c:                                 ^
..\STM32_Driver\LED1.c(21): warning:  #223-D: function "GPIO_SetBits" declared implicitly
..\STM32_Driver\LED1.c:       GPIO_SetBits(LED1_Port, LED1_Pin);
..\STM32_Driver\LED1.c:       ^
..\STM32_Driver\LED1.c(21): error:  #20: identifier "GPIO_Pin_3" is undefined
..\STM32_Driver\LED1.c:       GPIO_SetBits(LED1_Port, LED1_Pin);
..\STM32_Driver\LED1.c:                               ^
..\STM32_Driver\LED1.c(27): warning:  #223-D: function "GPIO_ReadOutputDataBit" declared implicitly
..\STM32_Driver\LED1.c:       LED_State = GPIO_ReadOutputDataBit(LED1_Port, LED1_Pin);
..\STM32_Driver\LED1.c:                   ^
..\STM32_Driver\LED1.c(27): error:  #20: identifier "GPIO_Pin_3" is undefined
..\STM32_Driver\LED1.c:       LED_State = GPIO_ReadOutputDataBit(LED1_Port, LED1_Pin);
..\STM32_Driver\LED1.c:                                                     ^
..\STM32_Driver\LED1.c(30): warning:  #223-D: function "GPIO_ResetBits" declared implicitly
..\STM32_Driver\LED1.c:           GPIO_ResetBits(LED1_Port, LED1_Pin);
..\STM32_Driver\LED1.c:           ^
..\STM32_Driver\LED1.c(34): warning:  #223-D: function "GPIO_SetBits" declared implicitly
..\STM32_Driver\LED1.c:           GPIO_SetBits(LED1_Port, LED1_Pin);
..\STM32_Driver\LED1.c:           ^
..\STM32_Driver\LED1.c: ..\STM32_Driver\LED1.c: 7 warnings, 8 errors
compiling LED2.c...
..\STM32_Driver\LED2.c(5): error:  #20: identifier "GPIO_InitTypeDef" is undefined
..\STM32_Driver\LED2.c:       GPIO_InitTypeDef GPIO_InitStructure;
..\STM32_Driver\LED2.c:       ^
..\STM32_Driver\LED2.c(7): warning:  #223-D: function "RCC_APB2PeriphClockCmd" declared implicitly
..\STM32_Driver\LED2.c:       RCC_APB2PeriphClockCmd(LED2_RCC_APB2Periph, ENABLE);
..\STM32_Driver\LED2.c:       ^
..\STM32_Driver\LED2.c(7): error:  #20: identifier "RCC_APB2Periph_GPIOB" is undefined
..\STM32_Driver\LED2.c:       RCC_APB2PeriphClockCmd(LED2_RCC_APB2Periph, ENABLE);
..\STM32_Driver\LED2.c:                              ^
..\STM32_Driver\LED2.c(8): error:  #20: identifier "GPIO_Mode_Out_PP" is undefined
..\STM32_Driver\LED2.c:       GPIO_InitStructure.GPIO_Mode = GPIO_Mode_Out_PP;
..\STM32_Driver\LED2.c:                                      ^
..\STM32_Driver\LED2.c(9): error:  #20: identifier "GPIO_Speed_50MHz" is undefined
..\STM32_Driver\LED2.c:       GPIO_InitStructure.GPIO_Speed = GPIO_Speed_50MHz;
..\STM32_Driver\LED2.c:                                       ^
..\STM32_Driver\LED2.c(10): error:  #20: identifier "GPIO_Pin_4" is undefined
..\STM32_Driver\LED2.c:       GPIO_InitStructure.GPIO_Pin = LED2_Pin;
..\STM32_Driver\LED2.c:                                     ^
..\STM32_Driver\LED2.c(11): warning:  #223-D: function "GPIO_Init" declared implicitly
..\STM32_Driver\LED2.c:       GPIO_Init(LED2_Port, &GPIO_InitStructure);
..\STM32_Driver\LED2.c:       ^
..\STM32_Driver\LED2.c(16): warning:  #223-D: function "GPIO_ResetBits" declared implicitly
..\STM32_Driver\LED2.c:       GPIO_ResetBits(LED2_Port, LED2_Pin);
..\STM32_Driver\LED2.c:       ^
..\STM32_Driver\LED2.c(16): error:  #20: identifier "GPIO_Pin_4" is undefined
..\STM32_Driver\LED2.c:       GPIO_ResetBits(LED2_Port, LED2_Pin);
..\STM32_Driver\LED2.c:                                 ^
..\STM32_Driver\LED2.c(21): warning:  #223-D: function "GPIO_SetBits" declared implicitly
..\STM32_Driver\LED2.c:       GPIO_SetBits(LED2_Port, LED2_Pin);
..\STM32_Driver\LED2.c:       ^
..\STM32_Driver\LED2.c(21): error:  #20: identifier "GPIO_Pin_4" is undefined
..\STM32_Driver\LED2.c:       GPIO_SetBits(LED2_Port, LED2_Pin);
..\STM32_Driver\LED2.c:                               ^
..\STM32_Driver\LED2.c(27): warning:  #223-D: function "GPIO_ReadOutputDataBit" declared implicitly
..\STM32_Driver\LED2.c:       LED_State = GPIO_ReadOutputDataBit(LED2_Port, LED2_Pin);
..\STM32_Driver\LED2.c:                   ^
..\STM32_Driver\LED2.c(27): error:  #20: identifier "GPIO_Pin_4" is undefined
..\STM32_Driver\LED2.c:       LED_State = GPIO_ReadOutputDataBit(LED2_Port, LED2_Pin);
..\STM32_Driver\LED2.c:                                                     ^
..\STM32_Driver\LED2.c(30): warning:  #223-D: function "GPIO_ResetBits" declared implicitly
..\STM32_Driver\LED2.c:           GPIO_ResetBits(LED2_Port, LED2_Pin);
..\STM32_Driver\LED2.c:           ^
..\STM32_Driver\LED2.c(34): warning:  #223-D: function "GPIO_SetBits" declared implicitly
..\STM32_Driver\LED2.c:           GPIO_SetBits(LED2_Port, LED2_Pin);
..\STM32_Driver\LED2.c:           ^
..\STM32_Driver\LED2.c: ..\STM32_Driver\LED2.c: 7 warnings, 8 errors
compiling LED3.c...
..\STM32_Driver\LED3.c(5): error:  #20: identifier "GPIO_InitTypeDef" is undefined
..\STM32_Driver\LED3.c:       GPIO_InitTypeDef GPIO_InitStructure;
..\STM32_Driver\LED3.c:       ^
..\STM32_Driver\LED3.c(7): warning:  #223-D: function "RCC_APB2PeriphClockCmd" declared implicitly
..\STM32_Driver\LED3.c:       RCC_APB2PeriphClockCmd(LED3_RCC_APB2Periph, ENABLE);
..\STM32_Driver\LED3.c:       ^
..\STM32_Driver\LED3.c(7): error:  #20: identifier "RCC_APB2Periph_GPIOB" is undefined
..\STM32_Driver\LED3.c:       RCC_APB2PeriphClockCmd(LED3_RCC_APB2Periph, ENABLE);
..\STM32_Driver\LED3.c:                              ^
..\STM32_Driver\LED3.c(8): error:  #20: identifier "GPIO_Mode_Out_PP" is undefined
..\STM32_Driver\LED3.c:       GPIO_InitStructure.GPIO_Mode = GPIO_Mode_Out_PP;
..\STM32_Driver\LED3.c:                                      ^
..\STM32_Driver\LED3.c(9): error:  #20: identifier "GPIO_Speed_50MHz" is undefined
..\STM32_Driver\LED3.c:       GPIO_InitStructure.GPIO_Speed = GPIO_Speed_50MHz;
..\STM32_Driver\LED3.c:                                       ^
..\STM32_Driver\LED3.c(10): error:  #20: identifier "GPIO_Pin_5" is undefined
..\STM32_Driver\LED3.c:       GPIO_InitStructure.GPIO_Pin = LED3_Pin;
..\STM32_Driver\LED3.c:                                     ^
..\STM32_Driver\LED3.c(11): warning:  #223-D: function "GPIO_Init" declared implicitly
..\STM32_Driver\LED3.c:       GPIO_Init(LED3_Port, &GPIO_InitStructure);
..\STM32_Driver\LED3.c:       ^
..\STM32_Driver\LED3.c(16): warning:  #223-D: function "GPIO_ResetBits" declared implicitly
..\STM32_Driver\LED3.c:       GPIO_ResetBits(LED3_Port, LED3_Pin);
..\STM32_Driver\LED3.c:       ^
..\STM32_Driver\LED3.c(16): error:  #20: identifier "GPIO_Pin_5" is undefined
..\STM32_Driver\LED3.c:       GPIO_ResetBits(LED3_Port, LED3_Pin);
..\STM32_Driver\LED3.c:                                 ^
..\STM32_Driver\LED3.c(21): warning:  #223-D: function "GPIO_SetBits" declared implicitly
..\STM32_Driver\LED3.c:       GPIO_SetBits(LED3_Port, LED3_Pin);
..\STM32_Driver\LED3.c:       ^
..\STM32_Driver\LED3.c(21): error:  #20: identifier "GPIO_Pin_5" is undefined
..\STM32_Driver\LED3.c:       GPIO_SetBits(LED3_Port, LED3_Pin);
..\STM32_Driver\LED3.c:                               ^
..\STM32_Driver\LED3.c(28): warning:  #223-D: function "GPIO_ReadOutputDataBit" declared implicitly
..\STM32_Driver\LED3.c:       LED_State = GPIO_ReadOutputDataBit(LED3_Port, LED3_Pin);
..\STM32_Driver\LED3.c:                   ^
..\STM32_Driver\LED3.c(28): error:  #20: identifier "GPIO_Pin_5" is undefined
..\STM32_Driver\LED3.c:       LED_State = GPIO_ReadOutputDataBit(LED3_Port, LED3_Pin);
..\STM32_Driver\LED3.c:                                                     ^
..\STM32_Driver\LED3.c(31): warning:  #223-D: function "GPIO_ResetBits" declared implicitly
..\STM32_Driver\LED3.c:           GPIO_ResetBits(LED3_Port, LED3_Pin);
..\STM32_Driver\LED3.c:           ^
..\STM32_Driver\LED3.c(35): warning:  #223-D: function "GPIO_SetBits" declared implicitly
..\STM32_Driver\LED3.c:           GPIO_SetBits(LED3_Port, LED3_Pin);
..\STM32_Driver\LED3.c:           ^
..\STM32_Driver\LED3.c: ..\STM32_Driver\LED3.c: 7 warnings, 8 errors
compiling SPI1.c...
..\STM32_Driver\TypeDef.h(6): error:  #256: invalid redeclaration of type name "bool" (declared at line 345 of "D:\Engineer software\Keil\ARM\INC\ST\STM32F10x\stm32f10x.h")
..\STM32_Driver\TypeDef.h:   typedef    unsigned        char    bool;
..\STM32_Driver\TypeDef.h:                                      ^
..\STM32_Driver\SPI1.c(5): error:  #20: identifier "GPIO_InitTypeDef" is undefined
..\STM32_Driver\SPI1.c:       GPIO_InitTypeDef GPIO_InitStructure;
..\STM32_Driver\SPI1.c:       ^
..\STM32_Driver\SPI1.c(6): error:  #20: identifier "SPI_InitTypeDef" is undefined
..\STM32_Driver\SPI1.c:       SPI_InitTypeDef SPI_InitStructure;
..\STM32_Driver\SPI1.c:       ^
..\STM32_Driver\SPI1.c(8): warning:  #223-D: function "RCC_APB2PeriphClockCmd" declared implicitly
..\STM32_Driver\SPI1.c:       RCC_APB2PeriphClockCmd(RCC_APB2Periph_SPI1 | SPI1_RCC_APB2Periph , ENABLE);
..\STM32_Driver\SPI1.c:       ^
..\STM32_Driver\SPI1.c(8): error:  #20: identifier "RCC_APB2Periph_SPI1" is undefined
..\STM32_Driver\SPI1.c:       RCC_APB2PeriphClockCmd(RCC_APB2Periph_SPI1 | SPI1_RCC_APB2Periph , ENABLE);
..\STM32_Driver\SPI1.c:                              ^
..\STM32_Driver\SPI1.c(8): error:  #20: identifier "RCC_APB2Periph_GPIOA" is undefined
..\STM32_Driver\SPI1.c:       RCC_APB2PeriphClockCmd(RCC_APB2Periph_SPI1 | SPI1_RCC_APB2Periph , ENABLE);
..\STM32_Driver\SPI1.c:                                                    ^
..\STM32_Driver\SPI1.c(12): error:  #20: identifier "RCC_APB2Periph_GPIOC" is undefined
..\STM32_Driver\SPI1.c:       RCC_APB2PeriphClockCmd(SPI1_CS1_RCC_APB2Periph | SPI1_CS2_RCC_APB2Periph | SPI1_CS3_RCC_APB2Periph
..\STM32_Driver\SPI1.c:                              ^
..\STM32_Driver\SPI1.c(15): error:  #20: identifier "GPIO_Mode_Out_PP" is undefined
..\STM32_Driver\SPI1.c:       GPIO_InitStructure.GPIO_Mode = GPIO_Mode_Out_PP;                   //CS1
..\STM32_Driver\SPI1.c:                                      ^
..\STM32_Driver\SPI1.c(16): error:  #20: identifier "GPIO_Speed_50MHz" is undefined
..\STM32_Driver\SPI1.c:       GPIO_InitStructure.GPIO_Speed = GPIO_Speed_50MHz;
..\STM32_Driver\SPI1.c:                                       ^
..\STM32_Driver\SPI1.c(17): error:  #20: identifier "GPIO_Pin_0" is undefined
..\STM32_Driver\SPI1.c:       GPIO_InitStructure.GPIO_Pin = SPI1_CS1_Pin;
..\STM32_Driver\SPI1.c:                                     ^
..\STM32_Driver\SPI1.c(18): warning:  #223-D: function "GPIO_Init" declared implicitly
..\STM32_Driver\SPI1.c:       GPIO_Init(SPI1_CS1_Port, &GPIO_InitStructure);
..\STM32_Driver\SPI1.c:       ^
..\STM32_Driver\SPI1.c(22): error:  #20: identifier "GPIO_Pin_1" is undefined
..\STM32_Driver\SPI1.c:       GPIO_InitStructure.GPIO_Pin = SPI1_CS2_Pin;
..\STM32_Driver\SPI1.c:                                     ^
..\STM32_Driver\SPI1.c(27): error:  #20: identifier "GPIO_Pin_2" is undefined
..\STM32_Driver\SPI1.c:       GPIO_InitStructure.GPIO_Pin = SPI1_CS3_Pin;
..\STM32_Driver\SPI1.c:                                     ^
..\STM32_Driver\SPI1.c(32): error:  #20: identifier "GPIO_Pin_3" is undefined
..\STM32_Driver\SPI1.c:       GPIO_InitStructure.GPIO_Pin = SPI1_CS4_Pin;
..\STM32_Driver\SPI1.c:                                     ^
..\STM32_Driver\SPI1.c(37): error:  #20: identifier "GPIO_Pin_4" is undefined
..\STM32_Driver\SPI1.c:       GPIO_InitStructure.GPIO_Pin = SPI1_CS5_Pin;
..\STM32_Driver\SPI1.c:                                     ^
..\STM32_Driver\SPI1.c(42): error:  #20: identifier "GPIO_Pin_5" is undefined
..\STM32_Driver\SPI1.c:       GPIO_InitStructure.GPIO_Pin = SPI1_CS6_Pin;
..\STM32_Driver\SPI1.c:                                     ^
..\STM32_Driver\SPI1.c(45): error:  #20: identifier "GPIO_Mode_AF_PP" is undefined
..\STM32_Driver\SPI1.c:       GPIO_InitStructure.GPIO_Mode = GPIO_Mode_AF_PP;
..\STM32_Driver\SPI1.c:                                      ^
..\STM32_Driver\SPI1.c(52): error:  #20: identifier "GPIO_Pin_7" is undefined
..\STM32_Driver\SPI1.c:       GPIO_InitStructure.GPIO_Pin = SPI1_MOSI_Pin;
..\STM32_Driver\SPI1.c:                                     ^
..\STM32_Driver\SPI1.c(55): error:  #20: identifier "GPIO_Mode_IN_FLOATING" is undefined
..\STM32_Driver\SPI1.c:       GPIO_InitStructure.GPIO_Mode = GPIO_Mode_IN_FLOATING;
..\STM32_Driver\SPI1.c:                                      ^
..\STM32_Driver\SPI1.c(56): error:  #20: identifier "GPIO_Pin_6" is undefined
..\STM32_Driver\SPI1.c:       GPIO_InitStructure.GPIO_Pin = SPI1_MISO_Pin;
..\STM32_Driver\SPI1.c:                                     ^
..\STM32_Driver\SPI1.c(59): error:  #20: identifier "SPI_Direction_2Lines_FullDuplex" is undefined
..\STM32_Driver\SPI1.c:       SPI_InitStructure.SPI_Direction = SPI_Direction_2Lines_FullDuplex;
..\STM32_Driver\SPI1.c:                                         ^
..\STM32_Driver\SPI1.c(60): error:  #20: identifier "SPI_Mode_Master" is undefined
..\STM32_Driver\SPI1.c:       SPI_InitStructure.SPI_Mode = SPI_Mode_Master;                                      //
..\STM32_Driver\SPI1.c:                                    ^
..\STM32_Driver\SPI1.c(61): error:  #20: identifier "SPI_DataSize_8b" is undefined
..\STM32_Driver\SPI1.c:       SPI_InitStructure.SPI_DataSize = SPI_DataSize_8b;
..\STM32_Driver\SPI1.c:                                        ^
..\STM32_Driver\SPI1.c(62): error:  #20: identifier "SPI_CPOL_Low" is undefined
..\STM32_Driver\SPI1.c:       SPI_InitStructure.SPI_CPOL = SPI_CPOL_Low;
..\STM32_Driver\SPI1.c:                                    ^
..\STM32_Driver\SPI1.c(63): error:  #20: identifier "SPI_CPHA_1Edge" is undefined
..\STM32_Driver\SPI1.c:       SPI_InitStructure.SPI_CPHA = SPI_CPHA_1Edge;
..\STM32_Driver\SPI1.c:                                    ^
..\STM32_Driver\SPI1.c(64): error:  #20: identifier "SPI_NSS_Soft" is undefined
..\STM32_Driver\SPI1.c:       SPI_InitStructure.SPI_NSS = SPI_NSS_Soft;
..\STM32_Driver\SPI1.c:                                   ^
..\STM32_Driver\SPI1.c(65): error:  #20: identifier "SPI_BaudRatePrescaler_8" is undefined
..\STM32_Driver\SPI1.c:       SPI_InitStructure.SPI_BaudRatePrescaler = SPI_BaudRatePrescaler_8;
..\STM32_Driver\SPI1.c:                                                 ^
..\STM32_Driver\SPI1.c(66): error:  #20: identifier "SPI_FirstBit_MSB" is undefined
..\STM32_Driver\SPI1.c:       SPI_InitStructure.SPI_FirstBit = SPI_FirstBit_MSB;
..\STM32_Driver\SPI1.c:                                        ^
..\STM32_Driver\SPI1.c(68): warning:  #223-D: function "SPI_Init" declared implicitly
..\STM32_Driver\SPI1.c:       SPI_Init(SPI1, &SPI_InitStructure);
..\STM32_Driver\SPI1.c:       ^
..\STM32_Driver\SPI1.c(70): warning:  #223-D: function "SPI_Cmd" declared implicitly
..\STM32_Driver\SPI1.c:       SPI_Cmd(SPI1, ENABLE);
..\STM32_Driver\SPI1.c:       ^
..\STM32_Driver\SPI1.c(91): warning:  #223-D: function "SPI_I2S_GetFlagStatus" declared implicitly
..\STM32_Driver\SPI1.c:       while(SPI_I2S_GetFlagStatus(SPI1, SPI_I2S_FLAG_TXE) == 0)  ; //等待发送数据寄存器空
..\STM32_Driver\SPI1.c:             ^
..\STM32_Driver\SPI1.c(91): error:  #20: identifier "SPI_I2S_FLAG_TXE" is undefined
..\STM32_Driver\SPI1.c:       while(SPI_I2S_GetFlagStatus(SPI1, SPI_I2S_FLAG_TXE) == 0)  ; //等待发送数据寄存器空
..\STM32_Driver\SPI1.c:                                         ^
..\STM32_Driver\SPI1.c(93): warning:  #223-D: function "SPI_I2S_SendData" declared implicitly
..\STM32_Driver\SPI1.c:       SPI_I2S_SendData(SPI1, TxData);
..\STM32_Driver\SPI1.c:       ^
..\STM32_Driver\SPI1.c(95): error:  #20: identifier "SPI_I2S_FLAG_RXNE" is undefined
..\STM32_Driver\SPI1.c:       while(SPI_I2S_GetFlagStatus(SPI1, SPI_I2S_FLAG_RXNE) == 0)         ;
..\STM32_Driver\SPI1.c:                                         ^
..\STM32_Driver\SPI1.c(97): warning:  #223-D: function "SPI_I2S_ReceiveData" declared implicitly
..\STM32_Driver\SPI1.c:       return SPI_I2S_ReceiveData(SPI1);
..\STM32_Driver\SPI1.c:              ^
..\STM32_Driver\SPI1.c(88): warning:  #550-D: variable "retry" was set but never used
..\STM32_Driver\SPI1.c:       U16 retry = 0;
..\STM32_Driver\SPI1.c:           ^
..\STM32_Driver\SPI1.c(107): warning:  #223-D: function "GPIO_ResetBits" declared implicitly
..\STM32_Driver\SPI1.c:               GPIO_ResetBits(SPI1_CS1_Port, SPI1_CS1_Pin);
..\STM32_Driver\SPI1.c:               ^
..\STM32_Driver\SPI1.c(107): error:  #20: identifier "GPIO_Pin_0" is undefined
..\STM32_Driver\SPI1.c:               GPIO_ResetBits(SPI1_CS1_Port, SPI1_CS1_Pin);
..\STM32_Driver\SPI1.c:                                             ^
..\STM32_Driver\SPI1.c(111): warning:  #223-D: function "GPIO_SetBits" declared implicitly
..\STM32_Driver\SPI1.c:               GPIO_SetBits(SPI1_CS1_Port, SPI1_CS1_Pin);
..\STM32_Driver\SPI1.c:               ^
..\STM32_Driver\SPI1.c(111): error:  #20: identifier "GPIO_Pin_0" is undefined
..\STM32_Driver\SPI1.c:               GPIO_SetBits(SPI1_CS1_Port, SPI1_CS1_Pin);
..\STM32_Driver\SPI1.c:                                           ^
..\STM32_Driver\SPI1.c: ..\STM32_Driver\SPI1.c: 10 warnings, 30 errors
compiling stm32f10x_it.c...
..\STM32_Driver\TypeDef.h(6): error:  #256: invalid redeclaration of type name "bool" (declared at line 345 of "D:\Engineer software\Keil\ARM\INC\ST\STM32F10x\stm32f10x.h")
..\STM32_Driver\TypeDef.h:   typedef    unsigned        char    bool;
..\STM32_Driver\TypeDef.h:                                      ^
..\STM32_Driver\stm32f10x_it.c(28): error:  #5: cannot open source input file "Devices.h": No such file or directory
..\STM32_Driver\stm32f10x_it.c:   #include "Devices.h"
..\STM32_Driver\stm32f10x_it.c:                       ^
..\STM32_Driver\stm32f10x_it.c: ..\STM32_Driver\stm32f10x_it.c: 0 warnings, 2 errors
compiling SysTick.c...
..\STM32_Driver\SysTick.c(11): error:  #20: identifier "SystemCoreClock" is undefined
..\STM32_Driver\SysTick.c:       if (SysTick_Config(SystemCoreClock / 1000000))
..\STM32_Driver\SysTick.c:                          ^
..\STM32_Driver\SysTick.c: ..\STM32_Driver\SysTick.c: 0 warnings, 1 error
compiling TIM2.c...
..\STM32_Driver\TypeDef.h(6): error:  #256: invalid redeclaration of type name "bool" (declared at line 345 of "D:\Engineer software\Keil\ARM\INC\ST\STM32F10x\stm32f10x.h")
..\STM32_Driver\TypeDef.h:   typedef    unsigned        char    bool;
..\STM32_Driver\TypeDef.h:                                      ^
..\STM32_Driver\TIM2.c(2): error:  #5: cannot open source input file "STM32F10X_Periph.h": No such file or directory
..\STM32_Driver\TIM2.c:   #include "STM32F10X_Periph.h"
..\STM32_Driver\TIM2.c:                                ^
..\STM32_Driver\TIM2.c: ..\STM32_Driver\TIM2.c: 0 warnings, 2 errors
compiling TIM3.c...
..\STM32_Driver\TypeDef.h(6): error:  #256: invalid redeclaration of type name "bool" (declared at line 345 of "D:\Engineer software\Keil\ARM\INC\ST\STM32F10x\stm32f10x.h")
..\STM32_Driver\TypeDef.h:   typedef    unsigned        char    bool;
..\STM32_Driver\TypeDef.h:                                      ^
..\STM32_Driver\TIM3.c(2): error:  #5: cannot open source input file "STM32F10X_Periph.h": No such file or directory
..\STM32_Driver\TIM3.c:   #include "STM32F10X_Periph.h"
..\STM32_Driver\TIM3.c:                                ^
..\STM32_Driver\TIM3.c: ..\STM32_Driver\TIM3.c: 0 warnings, 2 errors
compiling TIM4.c...
..\STM32_Driver\TypeDef.h(6): error:  #256: invalid redeclaration of type name "bool" (declared at line 345 of "D:\Engineer software\Keil\ARM\INC\ST\STM32F10x\stm32f10x.h")
..\STM32_Driver\TypeDef.h:   typedef    unsigned        char    bool;
..\STM32_Driver\TypeDef.h:                                      ^
..\STM32_Driver\TIM4.c(2): error:  #5: cannot open source input file "STM32F10X_Periph.h": No such file or directory
..\STM32_Driver\TIM4.c:   #include "STM32F10X_Periph.h"
..\STM32_Driver\TIM4.c:                                ^
..\STM32_Driver\TIM4.c: ..\STM32_Driver\TIM4.c: 0 warnings, 2 errors
compiling UART1.c...
..\STM32_Driver\TypeDef.h(6): error:  #256: invalid redeclaration of type name "bool" (declared at line 345 of "D:\Engineer software\Keil\ARM\INC\ST\STM32F10x\stm32f10x.h")
..\STM32_Driver\TypeDef.h:   typedef    unsigned        char    bool;
..\STM32_Driver\TypeDef.h:                                      ^
..\STM32_Driver\UART1.h(7): error:  #5: cannot open source input file "Queue.h": No such file or directory
..\STM32_Driver\UART1.h:   #include"Queue.h"
..\STM32_Driver\UART1.h:                    ^
..\STM32_Driver\UART1.h: ..\STM32_Driver\UART1.c: 0 warnings, 2 errors
compiling UART2.c...
..\STM32_Driver\TypeDef.h(6): error:  #256: invalid redeclaration of type name "bool" (declared at line 345 of "D:\Engineer software\Keil\ARM\INC\ST\STM32F10x\stm32f10x.h")
..\STM32_Driver\TypeDef.h:   typedef    unsigned        char    bool;
..\STM32_Driver\TypeDef.h:                                      ^
..\STM32_Driver\UART2.h(7): error:  #5: cannot open source input file "Queue.h": No such file or directory
..\STM32_Driver\UART2.h:   #include "Queue.h"
..\STM32_Driver\UART2.h:                     ^
..\STM32_Driver\UART2.h: ..\STM32_Driver\UART2.c: 0 warnings, 2 errors
compiling misc.c...
..\STM32_Lib\STM32F10x_StdPeriph_Driver\src\misc.c(23): error:  #5: cannot open source input file "misc.h": No such file or directory
..\STM32_Lib\STM32F10x_StdPeriph_Driver\src\misc.c:   #include "misc.h"
..\STM32_Lib\STM32F10x_StdPeriph_Driver\src\misc.c:                    ^
..\STM32_Lib\STM32F10x_StdPeriph_Driver\src\misc.c: ..\STM32_Lib\STM32F10x_StdPeriph_Driver\src\misc.c: 0 warnings, 1 error
compiling stm32f10x_adc.c...
..\STM32_Lib\STM32F10x_StdPeriph_Driver\src\stm32f10x_adc.c(219): error:  #20: identifier "uint32_t" is undefined
..\STM32_Lib\STM32F10x_StdPeriph_Driver\src\stm32f10x_adc.c:     uint32_t tmpreg1 = 0;
..\STM32_Lib\STM32F10x_StdPeriph_Driver\src\stm32f10x_adc.c:     ^
..\STM32_Lib\STM32F10x_StdPeriph_Driver\src\stm32f10x_adc.c(220): error:  #20: identifier "uint8_t" is undefined
..\STM32_Lib\STM32F10x_StdPeriph_Driver\src\stm32f10x_adc.c:     uint8_t tmpreg2 = 0;
..\STM32_Lib\STM32F10x_StdPeriph_Driver\src\stm32f10x_adc.c:     ^
..\STM32_Lib\STM32F10x_StdPeriph_Driver\src\stm32f10x_adc.c(234): error:  #20: identifier "uint32_t" is undefined
..\STM32_Lib\STM32F10x_StdPeriph_Driver\src\stm32f10x_adc.c:     tmpreg1 &= CR1_CLEAR_Mask;
..\STM32_Lib\STM32F10x_StdPeriph_Driver\src\stm32f10x_adc.c:                ^
..\STM32_Lib\STM32F10x_StdPeriph_Driver\src\stm32f10x_adc.c(234): error:  #18: expected a ")"
..\STM32_Lib\STM32F10x_StdPeriph_Driver\src\stm32f10x_adc.c:     tmpreg1 &= CR1_CLEAR_Mask;
..\STM32_Lib\STM32F10x_StdPeriph_Driver\src\stm32f10x_adc.c:                ^
..\STM32_Lib\STM32F10x_StdPeriph_Driver\src\stm32f10x_adc.c(238): error:  #18: expected a ")"
..\STM32_Lib\STM32F10x_StdPeriph_Driver\src\stm32f10x_adc.c:     tmpreg1 |= (uint32_t)(ADC_InitStruct->ADC_Mode | ((uint32_t)ADC_InitStruct->ADC_ScanConvMode << 8));
..\STM32_Lib\STM32F10x_StdPeriph_Driver\src\stm32f10x_adc.c:                                                                 ^
..\STM32_Lib\STM32F10x_StdPeriph_Driver\src\stm32f10x_adc.c(246): error:  #18: expected a ")"
..\STM32_Lib\STM32F10x_StdPeriph_Driver\src\stm32f10x_adc.c:     tmpreg1 &= CR2_CLEAR_Mask;
..\STM32_Lib\STM32F10x_StdPeriph_Driver\src\stm32f10x_adc.c:                ^
..\STM32_Lib\STM32F10x_StdPeriph_Driver\src\stm32f10x_adc.c(252): error:  #18: expected a ")"
..\STM32_Lib\STM32F10x_StdPeriph_Driver\src\stm32f10x_adc.c:               ((uint32_t)ADC_InitStruct->ADC_ContinuousConvMode << 1));
..\STM32_Lib\STM32F10x_StdPeriph_Driver\src\stm32f10x_adc.c:                          ^
..\STM32_Lib\STM32F10x_StdPeriph_Driver\src\stm32f10x_adc.c(260): error:  #18: expected a ")"
..\STM32_Lib\STM32F10x_StdPeriph_Driver\src\stm32f10x_adc.c:     tmpreg1 &= SQR1_CLEAR_Mask;
..\STM32_Lib\STM32F10x_StdPeriph_Driver\src\stm32f10x_adc.c:                ^
..\STM32_Lib\STM32F10x_StdPeriph_Driver\src\stm32f10x_adc.c(263): error:  #20: identifier "uint8_t" is undefined
..\STM32_Lib\STM32F10x_StdPeriph_Driver\src\stm32f10x_adc.c:     tmpreg2 |= (uint8_t) (ADC_InitStruct->ADC_NbrOfChannel - (uint8_t)1);
..\STM32_Lib\STM32F10x_StdPeriph_Driver\src\stm32f10x_adc.c:                 ^
..\STM32_Lib\STM32F10x_StdPeriph_Driver\src\stm32f10x_adc.c(263): error:  #18: expected a ")"
..\STM32_Lib\STM32F10x_StdPeriph_Driver\src\stm32f10x_adc.c:     tmpreg2 |= (uint8_t) (ADC_InitStruct->ADC_NbrOfChannel - (uint8_t)1);
..\STM32_Lib\STM32F10x_StdPeriph_Driver\src\stm32f10x_adc.c:                                                                       ^
..\STM32_Lib\STM32F10x_StdPeriph_Driver\src\stm32f10x_adc.c(264): error:  #65: expected a ";"
..\STM32_Lib\STM32F10x_StdPeriph_Driver\src\stm32f10x_adc.c:     tmpreg1 |= (uint32_t)tmpreg2 << 20;
..\STM32_Lib\STM32F10x_StdPeriph_Driver\src\stm32f10x_adc.c:                          ^
..\STM32_Lib\STM32F10x_StdPeriph_Driver\src\stm32f10x_adc.c(306): error:  #20: identifier "uint32_t" is undefined
..\STM32_Lib\STM32F10x_StdPeriph_Driver\src\stm32f10x_adc.c:       ADCx->CR2 |= CR2_ADON_Set;
..\STM32_Lib\STM32F10x_StdPeriph_Driver\src\stm32f10x_adc.c:                    ^
..\STM32_Lib\STM32F10x_StdPeriph_Driver\src\stm32f10x_adc.c(306): error:  #18: expected a ")"
..\STM32_Lib\STM32F10x_StdPeriph_Driver\src\stm32f10x_adc.c:       ADCx->CR2 |= CR2_ADON_Set;
..\STM32_Lib\STM32F10x_StdPeriph_Driver\src\stm32f10x_adc.c:                    ^
..\STM32_Lib\STM32F10x_StdPeriph_Driver\src\stm32f10x_adc.c(311): error:  #20: identifier "uint32_t" is undefined
..\STM32_Lib\STM32F10x_StdPeriph_Driver\src\stm32f10x_adc.c:       ADCx->CR2 &= CR2_ADON_Reset;
..\STM32_Lib\STM32F10x_StdPeriph_Driver\src\stm32f10x_adc.c:                    ^
..\STM32_Lib\STM32F10x_StdPeriph_Driver\src\stm32f10x_adc.c(311): error:  #18: expected a ")"
..\STM32_Lib\STM32F10x_StdPeriph_Driver\src\stm32f10x_adc.c:       ADCx->CR2 &= CR2_ADON_Reset;
..\STM32_Lib\STM32F10x_StdPeriph_Driver\src\stm32f10x_adc.c:                    ^
..\STM32_Lib\STM32F10x_StdPeriph_Driver\src\stm32f10x_adc.c(331): error:  #20: identifier "uint32_t" is undefined
..\STM32_Lib\STM32F10x_StdPeriph_Driver\src\stm32f10x_adc.c:       ADCx->CR2 |= CR2_DMA_Set;
..\STM32_Lib\STM32F10x_StdPeriph_Driver\src\stm32f10x_adc.c:                    ^
..\STM32_Lib\STM32F10x_StdPeriph_Driver\src\stm32f10x_adc.c(331): error:  #18: expected a ")"
..\STM32_Lib\STM32F10x_StdPeriph_Driver\src\stm32f10x_adc.c:       ADCx->CR2 |= CR2_DMA_Set;
..\STM32_Lib\STM32F10x_StdPeriph_Driver\src\stm32f10x_adc.c:                    ^
..\STM32_Lib\STM32F10x_StdPeriph_Driver\src\stm32f10x_adc.c(336): error:  #20: identifier "uint32_t" is undefined
..\STM32_Lib\STM32F10x_StdPeriph_Driver\src\stm32f10x_adc.c:       ADCx->CR2 &= CR2_DMA_Reset;
..\STM32_Lib\STM32F10x_StdPeriph_Driver\src\stm32f10x_adc.c:                    ^
..\STM32_Lib\STM32F10x_StdPeriph_Driver\src\stm32f10x_adc.c(336): error:  #18: expected a ")"
..\STM32_Lib\STM32F10x_StdPeriph_Driver\src\stm32f10x_adc.c:       ADCx->CR2 &= CR2_DMA_Reset;
..\STM32_Lib\STM32F10x_StdPeriph_Driver\src\stm32f10x_adc.c:                    ^
..\STM32_Lib\STM32F10x_StdPeriph_Driver\src\stm32f10x_adc.c(352): error:  #20: identifier "uint16_t" is undefined
..\STM32_Lib\STM32F10x_StdPeriph_Driver\src\stm32f10x_adc.c:   void ADC_ITConfig(ADC_TypeDef* ADCx, uint16_t ADC_IT, FunctionalState NewState)
..\STM32_Lib\STM32F10x_StdPeriph_Driver\src\stm32f10x_adc.c:                                        ^
..\STM32_Lib\STM32F10x_StdPeriph_Driver\src\stm32f10x_adc.c(354): error:  #20: identifier "uint8_t" is undefined
..\STM32_Lib\STM32F10x_StdPeriph_Driver\src\stm32f10x_adc.c:     uint8_t itmask = 0;
..\STM32_Lib\STM32F10x_StdPeriph_Driver\src\stm32f10x_adc.c:     ^
..\STM32_Lib\STM32F10x_StdPeriph_Driver\src\stm32f10x_adc.c(360): error:  #20: identifier "uint8_t" is undefined
..\STM32_Lib\STM32F10x_StdPeriph_Driver\src\stm32f10x_adc.c:     itmask = (uint8_t)ADC_IT;
..\STM32_Lib\STM32F10x_StdPeriph_Driver\src\stm32f10x_adc.c:               ^
..\STM32_Lib\STM32F10x_StdPeriph_Driver\src\stm32f10x_adc.c(360): error:  #65: expected a ";"
..\STM32_Lib\STM32F10x_StdPeriph_Driver\src\stm32f10x_adc.c:     itmask = (uint8_t)ADC_IT;
..\STM32_Lib\STM32F10x_StdPeriph_Driver\src\stm32f10x_adc.c:                       ^
..\STM32_Lib\STM32F10x_StdPeriph_Driver\src\stm32f10x_adc.c(369): error:  #20: identifier "uint32_t" is undefined
..\STM32_Lib\STM32F10x_StdPeriph_Driver\src\stm32f10x_adc.c:       ADCx->CR1 &= (~(uint32_t)itmask);
..\STM32_Lib\STM32F10x_StdPeriph_Driver\src\stm32f10x_adc.c:                       ^
..\STM32_Lib\STM32F10x_StdPeriph_Driver\src\stm32f10x_adc.c(369): error:  #18: expected a ")"
..\STM32_Lib\STM32F10x_StdPeriph_Driver\src\stm32f10x_adc.c:       ADCx->CR1 &= (~(uint32_t)itmask);
..\STM32_Lib\STM32F10x_StdPeriph_Driver\src\stm32f10x_adc.c:                                ^
..\STM32_Lib\STM32F10x_StdPeriph_Driver\src\stm32f10x_adc.c(383): error:  #20: identifier "uint32_t" is undefined
..\STM32_Lib\STM32F10x_StdPeriph_Driver\src\stm32f10x_adc.c:     ADCx->CR2 |= CR2_RSTCAL_Set;
..\STM32_Lib\STM32F10x_StdPeriph_Driver\src\stm32f10x_adc.c:                  ^
..\STM32_Lib\STM32F10x_StdPeriph_Driver\src\stm32f10x_adc.c(383): error:  #18: expected a ")"
..\STM32_Lib\STM32F10x_StdPeriph_Driver\src\stm32f10x_adc.c:     ADCx->CR2 |= CR2_RSTCAL_Set;
..\STM32_Lib\STM32F10x_StdPeriph_Driver\src\stm32f10x_adc.c:                  ^
..\STM32_Lib\STM32F10x_StdPeriph_Driver\src\stm32f10x_adc.c(397): error:  #20: identifier "uint32_t" is undefined
..\STM32_Lib\STM32F10x_StdPeriph_Driver\src\stm32f10x_adc.c:     if ((ADCx->CR2 & CR2_RSTCAL_Set) != (uint32_t)RESET)
..\STM32_Lib\STM32F10x_StdPeriph_Driver\src\stm32f10x_adc.c:                      ^
..\STM32_Lib\STM32F10x_StdPeriph_Driver\src\stm32f10x_adc.c(397): error:  #18: expected a ")"
..\STM32_Lib\STM32F10x_StdPeriph_Driver\src\stm32f10x_adc.c:     if ((ADCx->CR2 & CR2_RSTCAL_Set) != (uint32_t)RESET)
..\STM32_Lib\STM32F10x_StdPeriph_Driver\src\stm32f10x_adc.c:                      ^
..\STM32_Lib\STM32F10x_StdPeriph_Driver\src\stm32f10x_adc.c(397): error:  #18: expected a ")"
..\STM32_Lib\STM32F10x_StdPeriph_Driver\src\stm32f10x_adc.c:     if ((ADCx->CR2 & CR2_RSTCAL_Set) != (uint32_t)RESET)
..\STM32_Lib\STM32F10x_StdPeriph_Driver\src\stm32f10x_adc.c:                                                   ^
..\STM32_Lib\STM32F10x_StdPeriph_Driver\src\stm32f10x_adc.c: ..\STM32_Lib\STM32F10x_StdPeriph_Driver\src\stm32f10x_adc.c: 0 warnings, 30 errors
compiling stm32f10x_can.c...
..\STM32_Lib\STM32F10x_StdPeriph_Driver\src\stm32f10x_can.c(128): error:  #20: identifier "uint32_t" is undefined
..\STM32_Lib\STM32F10x_StdPeriph_Driver\src\stm32f10x_can.c:   static ITStatus CheckITStatus(uint32_t CAN_Reg, uint32_t It_Bit);
..\STM32_Lib\STM32F10x_StdPeriph_Driver\src\stm32f10x_can.c:                                 ^
..\STM32_Lib\STM32F10x_StdPeriph_Driver\src\stm32f10x_can.c(128): error:  #20: identifier "uint32_t" is undefined
..\STM32_Lib\STM32F10x_StdPeriph_Driver\src\stm32f10x_can.c:   static ITStatus CheckITStatus(uint32_t CAN_Reg, uint32_t It_Bit);
..\STM32_Lib\STM32F10x_StdPeriph_Driver\src\stm32f10x_can.c:                                                   ^
..\STM32_Lib\STM32F10x_StdPeriph_Driver\src\stm32f10x_can.c(143): error:  #147-D: declaration is incompatible with "void CAN_DeInit(void)" (declared at line 243 of "D:\Engineer software\Keil\ARM\INC\ST\STM32F10x\stm32f10x_can.h")
..\STM32_Lib\STM32F10x_StdPeriph_Driver\src\stm32f10x_can.c:   void CAN_DeInit(CAN_TypeDef* CANx)
..\STM32_Lib\STM32F10x_StdPeriph_Driver\src\stm32f10x_can.c:        ^
..\STM32_Lib\STM32F10x_StdPeriph_Driver\src\stm32f10x_can.c(148): error:  #20: identifier "CAN1" is undefined
..\STM32_Lib\STM32F10x_StdPeriph_Driver\src\stm32f10x_can.c:     if (CANx == CAN1)
..\STM32_Lib\STM32F10x_StdPeriph_Driver\src\stm32f10x_can.c:                 ^
..\STM32_Lib\STM32F10x_StdPeriph_Driver\src\stm32f10x_can.c(151): error:  #20: identifier "RCC_APB1Periph_CAN1" is undefined
..\STM32_Lib\STM32F10x_StdPeriph_Driver\src\stm32f10x_can.c:       RCC_APB1PeriphResetCmd(RCC_APB1Periph_CAN1, ENABLE);
..\STM32_Lib\STM32F10x_StdPeriph_Driver\src\stm32f10x_can.c:                              ^
..\STM32_Lib\STM32F10x_StdPeriph_Driver\src\stm32f10x_can.c(158): error:  #20: identifier "RCC_APB1Periph_CAN2" is undefined
..\STM32_Lib\STM32F10x_StdPeriph_Driver\src\stm32f10x_can.c:       RCC_APB1PeriphResetCmd(RCC_APB1Periph_CAN2, ENABLE);
..\STM32_Lib\STM32F10x_StdPeriph_Driver\src\stm32f10x_can.c:                              ^
..\STM32_Lib\STM32F10x_StdPeriph_Driver\src\stm32f10x_can.c(173): error:  #20: identifier "uint8_t" is undefined
..\STM32_Lib\STM32F10x_StdPeriph_Driver\src\stm32f10x_can.c:   uint8_t CAN_Init(CAN_TypeDef* CANx, CAN_InitTypeDef* CAN_InitStruct)
..\STM32_Lib\STM32F10x_StdPeriph_Driver\src\stm32f10x_can.c:   ^
..\STM32_Lib\STM32F10x_StdPeriph_Driver\src\stm32f10x_can.c(173): error:  #147-D: declaration is incompatible with "u8 CAN_Init(CAN_InitTypeDef *)" (declared at line 244 of "D:\Engineer software\Keil\ARM\INC\ST\STM32F10x\stm32f10x_can.h")
..\STM32_Lib\STM32F10x_StdPeriph_Driver\src\stm32f10x_can.c:   uint8_t CAN_Init(CAN_TypeDef* CANx, CAN_InitTypeDef* CAN_InitStruct)
..\STM32_Lib\STM32F10x_StdPeriph_Driver\src\stm32f10x_can.c:           ^
..\STM32_Lib\STM32F10x_StdPeriph_Driver\src\stm32f10x_can.c(175): error:  #20: identifier "uint8_t" is undefined
..\STM32_Lib\STM32F10x_StdPeriph_Driver\src\stm32f10x_can.c:     uint8_t InitStatus = CANINITFAILED;
..\STM32_Lib\STM32F10x_StdPeriph_Driver\src\stm32f10x_can.c:     ^
..\STM32_Lib\STM32F10x_StdPeriph_Driver\src\stm32f10x_can.c(176): error:  #20: identifier "uint32_t" is undefined
..\STM32_Lib\STM32F10x_StdPeriph_Driver\src\stm32f10x_can.c:     uint32_t wait_ack = 0x00000000;
..\STM32_Lib\STM32F10x_StdPeriph_Driver\src\stm32f10x_can.c:     ^
..\STM32_Lib\STM32F10x_StdPeriph_Driver\src\stm32f10x_can.c(192): error:  #20: identifier "uint32_t" is undefined
..\STM32_Lib\STM32F10x_StdPeriph_Driver\src\stm32f10x_can.c:     CANx->MCR &= ~MCR_SLEEP;
..\STM32_Lib\STM32F10x_StdPeriph_Driver\src\stm32f10x_can.c:                   ^
..\STM32_Lib\STM32F10x_StdPeriph_Driver\src\stm32f10x_can.c(192): error:  #18: expected a ")"
..\STM32_Lib\STM32F10x_StdPeriph_Driver\src\stm32f10x_can.c:     CANx->MCR &= ~MCR_SLEEP;
..\STM32_Lib\STM32F10x_StdPeriph_Driver\src\stm32f10x_can.c:                   ^
..\STM32_Lib\STM32F10x_StdPeriph_Driver\src\stm32f10x_can.c(195): error:  #18: expected a ")"
..\STM32_Lib\STM32F10x_StdPeriph_Driver\src\stm32f10x_can.c:     CANx->MCR |= MCR_INRQ ;
..\STM32_Lib\STM32F10x_StdPeriph_Driver\src\stm32f10x_can.c:                  ^
..\STM32_Lib\STM32F10x_StdPeriph_Driver\src\stm32f10x_can.c(198): error:  #18: expected a ")"
..\STM32_Lib\STM32F10x_StdPeriph_Driver\src\stm32f10x_can.c:     while (((CANx->MSR & MSR_INAK) != MSR_INAK) && (wait_ack != INAK_TimeOut))
..\STM32_Lib\STM32F10x_StdPeriph_Driver\src\stm32f10x_can.c:                          ^
..\STM32_Lib\STM32F10x_StdPeriph_Driver\src\stm32f10x_can.c(198): error:  #18: expected a ")"
..\STM32_Lib\STM32F10x_StdPeriph_Driver\src\stm32f10x_can.c:     while (((CANx->MSR & MSR_INAK) != MSR_INAK) && (wait_ack != INAK_TimeOut))
..\STM32_Lib\STM32F10x_StdPeriph_Driver\src\stm32f10x_can.c:                                       ^
..\STM32_Lib\STM32F10x_StdPeriph_Driver\src\stm32f10x_can.c(198): error:  #18: expected a ")"
..\STM32_Lib\STM32F10x_StdPeriph_Driver\src\stm32f10x_can.c:     while (((CANx->MSR & MSR_INAK) != MSR_INAK) && (wait_ack != INAK_TimeOut))
..\STM32_Lib\STM32F10x_StdPeriph_Driver\src\stm32f10x_can.c:                                                                 ^
..\STM32_Lib\STM32F10x_StdPeriph_Driver\src\stm32f10x_can.c(204): error:  #18: expected a ")"
..\STM32_Lib\STM32F10x_StdPeriph_Driver\src\stm32f10x_can.c:     if ((CANx->MSR & MSR_INAK) != MSR_INAK)
..\STM32_Lib\STM32F10x_StdPeriph_Driver\src\stm32f10x_can.c:                      ^
..\STM32_Lib\STM32F10x_StdPeriph_Driver\src\stm32f10x_can.c(204): error:  #18: expected a ")"
..\STM32_Lib\STM32F10x_StdPeriph_Driver\src\stm32f10x_can.c:     if ((CANx->MSR & MSR_INAK) != MSR_INAK)
..\STM32_Lib\STM32F10x_StdPeriph_Driver\src\stm32f10x_can.c:                                   ^
..\STM32_Lib\STM32F10x_StdPeriph_Driver\src\stm32f10x_can.c(213): error:  #18: expected a ")"
..\STM32_Lib\STM32F10x_StdPeriph_Driver\src\stm32f10x_can.c:         CANx->MCR |= MCR_TTCM;
..\STM32_Lib\STM32F10x_StdPeriph_Driver\src\stm32f10x_can.c:                      ^
..\STM32_Lib\STM32F10x_StdPeriph_Driver\src\stm32f10x_can.c(217): error:  #18: expected a ")"
..\STM32_Lib\STM32F10x_StdPeriph_Driver\src\stm32f10x_can.c:         CANx->MCR &= ~MCR_TTCM;
..\STM32_Lib\STM32F10x_StdPeriph_Driver\src\stm32f10x_can.c:                       ^
..\STM32_Lib\STM32F10x_StdPeriph_Driver\src\stm32f10x_can.c(223): error:  #18: expected a ")"
..\STM32_Lib\STM32F10x_StdPeriph_Driver\src\stm32f10x_can.c:         CANx->MCR |= MCR_ABOM;
..\STM32_Lib\STM32F10x_StdPeriph_Driver\src\stm32f10x_can.c:                      ^
..\STM32_Lib\STM32F10x_StdPeriph_Driver\src\stm32f10x_can.c(227): error:  #18: expected a ")"
..\STM32_Lib\STM32F10x_StdPeriph_Driver\src\stm32f10x_can.c:         CANx->MCR &= ~MCR_ABOM;
..\STM32_Lib\STM32F10x_StdPeriph_Driver\src\stm32f10x_can.c:                       ^
..\STM32_Lib\STM32F10x_StdPeriph_Driver\src\stm32f10x_can.c(233): error:  #18: expected a ")"
..\STM32_Lib\STM32F10x_StdPeriph_Driver\src\stm32f10x_can.c:         CANx->MCR |= MCR_AWUM;
..\STM32_Lib\STM32F10x_StdPeriph_Driver\src\stm32f10x_can.c:                      ^
..\STM32_Lib\STM32F10x_StdPeriph_Driver\src\stm32f10x_can.c(237): error:  #18: expected a ")"
..\STM32_Lib\STM32F10x_StdPeriph_Driver\src\stm32f10x_can.c:         CANx->MCR &= ~MCR_AWUM;
..\STM32_Lib\STM32F10x_StdPeriph_Driver\src\stm32f10x_can.c:                       ^
..\STM32_Lib\STM32F10x_StdPeriph_Driver\src\stm32f10x_can.c(243): error:  #18: expected a ")"
..\STM32_Lib\STM32F10x_StdPeriph_Driver\src\stm32f10x_can.c:         CANx->MCR |= MCR_NART;
..\STM32_Lib\STM32F10x_StdPeriph_Driver\src\stm32f10x_can.c:                      ^
..\STM32_Lib\STM32F10x_StdPeriph_Driver\src\stm32f10x_can.c(247): error:  #18: expected a ")"
..\STM32_Lib\STM32F10x_StdPeriph_Driver\src\stm32f10x_can.c:         CANx->MCR &= ~MCR_NART;
..\STM32_Lib\STM32F10x_StdPeriph_Driver\src\stm32f10x_can.c:                       ^
..\STM32_Lib\STM32F10x_StdPeriph_Driver\src\stm32f10x_can.c(253): error:  #18: expected a ")"
..\STM32_Lib\STM32F10x_StdPeriph_Driver\src\stm32f10x_can.c:         CANx->MCR |= MCR_RFLM;
..\STM32_Lib\STM32F10x_StdPeriph_Driver\src\stm32f10x_can.c:                      ^
..\STM32_Lib\STM32F10x_StdPeriph_Driver\src\stm32f10x_can.c(257): error:  #18: expected a ")"
..\STM32_Lib\STM32F10x_StdPeriph_Driver\src\stm32f10x_can.c:         CANx->MCR &= ~MCR_RFLM;
..\STM32_Lib\STM32F10x_StdPeriph_Driver\src\stm32f10x_can.c:                       ^
..\STM32_Lib\STM32F10x_StdPeriph_Driver\src\stm32f10x_can.c(263): error:  #18: expected a ")"
..\STM32_Lib\STM32F10x_StdPeriph_Driver\src\stm32f10x_can.c:         CANx->MCR |= MCR_TXFP;
..\STM32_Lib\STM32F10x_StdPeriph_Driver\src\stm32f10x_can.c:                      ^
..\STM32_Lib\STM32F10x_StdPeriph_Driver\src\stm32f10x_can.c(267): error:  #18: expected a ")"
..\STM32_Lib\STM32F10x_StdPeriph_Driver\src\stm32f10x_can.c:         CANx->MCR &= ~MCR_TXFP;
..\STM32_Lib\STM32F10x_StdPeriph_Driver\src\stm32f10x_can.c:                       ^
..\STM32_Lib\STM32F10x_StdPeriph_Driver\src\stm32f10x_can.c: ..\STM32_Lib\STM32F10x_StdPeriph_Driver\src\stm32f10x_can.c: 0 warnings, 30 errors
compiling stm32f10x_dma.c...
..\STM32_Lib\STM32F10x_StdPeriph_Driver\src\stm32f10x_dma.c(115): error:  #20: identifier "uint32_t" is undefined
..\STM32_Lib\STM32F10x_StdPeriph_Driver\src\stm32f10x_dma.c:     DMAy_Channelx->CCR &= CCR_ENABLE_Reset;
..\STM32_Lib\STM32F10x_StdPeriph_Driver\src\stm32f10x_dma.c:                           ^
..\STM32_Lib\STM32F10x_StdPeriph_Driver\src\stm32f10x_dma.c(115): error:  #18: expected a ")"
..\STM32_Lib\STM32F10x_StdPeriph_Driver\src\stm32f10x_dma.c:     DMAy_Channelx->CCR &= CCR_ENABLE_Reset;
..\STM32_Lib\STM32F10x_StdPeriph_Driver\src\stm32f10x_dma.c:                           ^
..\STM32_Lib\STM32F10x_StdPeriph_Driver\src\stm32f10x_dma.c(131): error:  #18: expected a ")"
..\STM32_Lib\STM32F10x_StdPeriph_Driver\src\stm32f10x_dma.c:       DMA1->IFCR |= DMA1_Channel1_IT_Mask;
..\STM32_Lib\STM32F10x_StdPeriph_Driver\src\stm32f10x_dma.c:                     ^
..\STM32_Lib\STM32F10x_StdPeriph_Driver\src\stm32f10x_dma.c(136): error:  #18: expected a ")"
..\STM32_Lib\STM32F10x_StdPeriph_Driver\src\stm32f10x_dma.c:       DMA1->IFCR |= DMA1_Channel2_IT_Mask;
..\STM32_Lib\STM32F10x_StdPeriph_Driver\src\stm32f10x_dma.c:                     ^
..\STM32_Lib\STM32F10x_StdPeriph_Driver\src\stm32f10x_dma.c(141): error:  #18: expected a ")"
..\STM32_Lib\STM32F10x_StdPeriph_Driver\src\stm32f10x_dma.c:       DMA1->IFCR |= DMA1_Channel3_IT_Mask;
..\STM32_Lib\STM32F10x_StdPeriph_Driver\src\stm32f10x_dma.c:                     ^
..\STM32_Lib\STM32F10x_StdPeriph_Driver\src\stm32f10x_dma.c(146): error:  #18: expected a ")"
..\STM32_Lib\STM32F10x_StdPeriph_Driver\src\stm32f10x_dma.c:       DMA1->IFCR |= DMA1_Channel4_IT_Mask;
..\STM32_Lib\STM32F10x_StdPeriph_Driver\src\stm32f10x_dma.c:                     ^
..\STM32_Lib\STM32F10x_StdPeriph_Driver\src\stm32f10x_dma.c(151): error:  #18: expected a ")"
..\STM32_Lib\STM32F10x_StdPeriph_Driver\src\stm32f10x_dma.c:       DMA1->IFCR |= DMA1_Channel5_IT_Mask;
..\STM32_Lib\STM32F10x_StdPeriph_Driver\src\stm32f10x_dma.c:                     ^
..\STM32_Lib\STM32F10x_StdPeriph_Driver\src\stm32f10x_dma.c(156): error:  #18: expected a ")"
..\STM32_Lib\STM32F10x_StdPeriph_Driver\src\stm32f10x_dma.c:       DMA1->IFCR |= DMA1_Channel6_IT_Mask;
..\STM32_Lib\STM32F10x_StdPeriph_Driver\src\stm32f10x_dma.c:                     ^
..\STM32_Lib\STM32F10x_StdPeriph_Driver\src\stm32f10x_dma.c(161): error:  #18: expected a ")"
..\STM32_Lib\STM32F10x_StdPeriph_Driver\src\stm32f10x_dma.c:       DMA1->IFCR |= DMA1_Channel7_IT_Mask;
..\STM32_Lib\STM32F10x_StdPeriph_Driver\src\stm32f10x_dma.c:                     ^
..\STM32_Lib\STM32F10x_StdPeriph_Driver\src\stm32f10x_dma.c(166): error:  #18: expected a ")"
..\STM32_Lib\STM32F10x_StdPeriph_Driver\src\stm32f10x_dma.c:       DMA2->IFCR |= DMA2_Channel1_IT_Mask;
..\STM32_Lib\STM32F10x_StdPeriph_Driver\src\stm32f10x_dma.c:                     ^
..\STM32_Lib\STM32F10x_StdPeriph_Driver\src\stm32f10x_dma.c(171): error:  #18: expected a ")"
..\STM32_Lib\STM32F10x_StdPeriph_Driver\src\stm32f10x_dma.c:       DMA2->IFCR |= DMA2_Channel2_IT_Mask;
..\STM32_Lib\STM32F10x_StdPeriph_Driver\src\stm32f10x_dma.c:                     ^
..\STM32_Lib\STM32F10x_StdPeriph_Driver\src\stm32f10x_dma.c(176): error:  #18: expected a ")"
..\STM32_Lib\STM32F10x_StdPeriph_Driver\src\stm32f10x_dma.c:       DMA2->IFCR |= DMA2_Channel3_IT_Mask;
..\STM32_Lib\STM32F10x_StdPeriph_Driver\src\stm32f10x_dma.c:                     ^
..\STM32_Lib\STM32F10x_StdPeriph_Driver\src\stm32f10x_dma.c(181): error:  #18: expected a ")"
..\STM32_Lib\STM32F10x_StdPeriph_Driver\src\stm32f10x_dma.c:       DMA2->IFCR |= DMA2_Channel4_IT_Mask;
..\STM32_Lib\STM32F10x_StdPeriph_Driver\src\stm32f10x_dma.c:                     ^
..\STM32_Lib\STM32F10x_StdPeriph_Driver\src\stm32f10x_dma.c(188): error:  #18: expected a ")"
..\STM32_Lib\STM32F10x_StdPeriph_Driver\src\stm32f10x_dma.c:         DMA2->IFCR |= DMA2_Channel5_IT_Mask;
..\STM32_Lib\STM32F10x_StdPeriph_Driver\src\stm32f10x_dma.c:                       ^
..\STM32_Lib\STM32F10x_StdPeriph_Driver\src\stm32f10x_dma.c(204): error:  #20: identifier "uint32_t" is undefined
..\STM32_Lib\STM32F10x_StdPeriph_Driver\src\stm32f10x_dma.c:     uint32_t tmpreg = 0;
..\STM32_Lib\STM32F10x_StdPeriph_Driver\src\stm32f10x_dma.c:     ^
..\STM32_Lib\STM32F10x_StdPeriph_Driver\src\stm32f10x_dma.c(222): error:  #20: identifier "uint32_t" is undefined
..\STM32_Lib\STM32F10x_StdPeriph_Driver\src\stm32f10x_dma.c:     tmpreg &= CCR_CLEAR_Mask;
..\STM32_Lib\STM32F10x_StdPeriph_Driver\src\stm32f10x_dma.c:               ^
..\STM32_Lib\STM32F10x_StdPeriph_Driver\src\stm32f10x_dma.c(222): error:  #18: expected a ")"
..\STM32_Lib\STM32F10x_StdPeriph_Driver\src\stm32f10x_dma.c:     tmpreg &= CCR_CLEAR_Mask;
..\STM32_Lib\STM32F10x_StdPeriph_Driver\src\stm32f10x_dma.c:               ^
..\STM32_Lib\STM32F10x_StdPeriph_Driver\src\stm32f10x_dma.c(303): error:  #20: identifier "uint32_t" is undefined
..\STM32_Lib\STM32F10x_StdPeriph_Driver\src\stm32f10x_dma.c:       DMAy_Channelx->CCR |= CCR_ENABLE_Set;
..\STM32_Lib\STM32F10x_StdPeriph_Driver\src\stm32f10x_dma.c:                             ^
..\STM32_Lib\STM32F10x_StdPeriph_Driver\src\stm32f10x_dma.c(303): error:  #18: expected a ")"
..\STM32_Lib\STM32F10x_StdPeriph_Driver\src\stm32f10x_dma.c:       DMAy_Channelx->CCR |= CCR_ENABLE_Set;
..\STM32_Lib\STM32F10x_StdPeriph_Driver\src\stm32f10x_dma.c:                             ^
..\STM32_Lib\STM32F10x_StdPeriph_Driver\src\stm32f10x_dma.c(308): error:  #20: identifier "uint32_t" is undefined
..\STM32_Lib\STM32F10x_StdPeriph_Driver\src\stm32f10x_dma.c:       DMAy_Channelx->CCR &= CCR_ENABLE_Reset;
..\STM32_Lib\STM32F10x_StdPeriph_Driver\src\stm32f10x_dma.c:                             ^
..\STM32_Lib\STM32F10x_StdPeriph_Driver\src\stm32f10x_dma.c(308): error:  #18: expected a ")"
..\STM32_Lib\STM32F10x_StdPeriph_Driver\src\stm32f10x_dma.c:       DMAy_Channelx->CCR &= CCR_ENABLE_Reset;
..\STM32_Lib\STM32F10x_StdPeriph_Driver\src\stm32f10x_dma.c:                             ^
..\STM32_Lib\STM32F10x_StdPeriph_Driver\src\stm32f10x_dma.c(326): error:  #20: identifier "uint32_t" is undefined
..\STM32_Lib\STM32F10x_StdPeriph_Driver\src\stm32f10x_dma.c:   void DMA_ITConfig(DMA_Channel_TypeDef* DMAy_Channelx, uint32_t DMA_IT, FunctionalState NewState)
..\STM32_Lib\STM32F10x_StdPeriph_Driver\src\stm32f10x_dma.c:                                                         ^
..\STM32_Lib\STM32F10x_StdPeriph_Driver\src\stm32f10x_dma.c(352): error:  #20: identifier "uint16_t" is undefined
..\STM32_Lib\STM32F10x_StdPeriph_Driver\src\stm32f10x_dma.c:   uint16_t DMA_GetCurrDataCounter(DMA_Channel_TypeDef* DMAy_Channelx)
..\STM32_Lib\STM32F10x_StdPeriph_Driver\src\stm32f10x_dma.c:   ^
..\STM32_Lib\STM32F10x_StdPeriph_Driver\src\stm32f10x_dma.c(357): error:  #20: identifier "uint16_t" is undefined
..\STM32_Lib\STM32F10x_StdPeriph_Driver\src\stm32f10x_dma.c:     return ((uint16_t)(DMAy_Channelx->CNDTR));
..\STM32_Lib\STM32F10x_StdPeriph_Driver\src\stm32f10x_dma.c:              ^
..\STM32_Lib\STM32F10x_StdPeriph_Driver\src\stm32f10x_dma.c(414): error:  #20: identifier "uint32_t" is undefined
..\STM32_Lib\STM32F10x_StdPeriph_Driver\src\stm32f10x_dma.c:   FlagStatus DMA_GetFlagStatus(uint32_t DMA_FLAG)
..\STM32_Lib\STM32F10x_StdPeriph_Driver\src\stm32f10x_dma.c:                                ^
..\STM32_Lib\STM32F10x_StdPeriph_Driver\src\stm32f10x_dma.c(417): error:  #20: identifier "uint32_t" is undefined
..\STM32_Lib\STM32F10x_StdPeriph_Driver\src\stm32f10x_dma.c:     uint32_t tmpreg = 0;
..\STM32_Lib\STM32F10x_StdPeriph_Driver\src\stm32f10x_dma.c:     ^
..\STM32_Lib\STM32F10x_StdPeriph_Driver\src\stm32f10x_dma.c(422): error:  #20: identifier "uint32_t" is undefined
..\STM32_Lib\STM32F10x_StdPeriph_Driver\src\stm32f10x_dma.c:     if ((DMA_FLAG & FLAG_Mask) != (uint32_t)RESET)
..\STM32_Lib\STM32F10x_StdPeriph_Driver\src\stm32f10x_dma.c:                     ^
..\STM32_Lib\STM32F10x_StdPeriph_Driver\src\stm32f10x_dma.c(422): error:  #18: expected a ")"
..\STM32_Lib\STM32F10x_StdPeriph_Driver\src\stm32f10x_dma.c:     if ((DMA_FLAG & FLAG_Mask) != (uint32_t)RESET)
..\STM32_Lib\STM32F10x_StdPeriph_Driver\src\stm32f10x_dma.c:                     ^
..\STM32_Lib\STM32F10x_StdPeriph_Driver\src\stm32f10x_dma.c(422): error:  #18: expected a ")"
..\STM32_Lib\STM32F10x_StdPeriph_Driver\src\stm32f10x_dma.c:     if ((DMA_FLAG & FLAG_Mask) != (uint32_t)RESET)
..\STM32_Lib\STM32F10x_StdPeriph_Driver\src\stm32f10x_dma.c:                                             ^
..\STM32_Lib\STM32F10x_StdPeriph_Driver\src\stm32f10x_dma.c(434): error:  #18: expected a ")"
..\STM32_Lib\STM32F10x_StdPeriph_Driver\src\stm32f10x_dma.c:     if ((tmpreg & DMA_FLAG) != (uint32_t)RESET)
..\STM32_Lib\STM32F10x_StdPeriph_Driver\src\stm32f10x_dma.c:                                          ^
..\STM32_Lib\STM32F10x_StdPeriph_Driver\src\stm32f10x_dma.c: ..\STM32_Lib\STM32F10x_StdPeriph_Driver\src\stm32f10x_dma.c: 0 warnings, 30 errors
compiling stm32f10x_flash.c...
..\STM32_Lib\STM32F10x_StdPeriph_Driver\src\stm32f10x_flash.c(253): error:  #20: identifier "uint32_t" is undefined
..\STM32_Lib\STM32F10x_StdPeriph_Driver\src\stm32f10x_flash.c:   void FLASH_SetLatency(uint32_t FLASH_Latency)
..\STM32_Lib\STM32F10x_StdPeriph_Driver\src\stm32f10x_flash.c:                         ^
..\STM32_Lib\STM32F10x_StdPeriph_Driver\src\stm32f10x_flash.c(255): error:  #20: identifier "uint32_t" is undefined
..\STM32_Lib\STM32F10x_StdPeriph_Driver\src\stm32f10x_flash.c:     uint32_t tmpreg = 0;
..\STM32_Lib\STM32F10x_StdPeriph_Driver\src\stm32f10x_flash.c:     ^
..\STM32_Lib\STM32F10x_StdPeriph_Driver\src\stm32f10x_flash.c(264): error:  #20: identifier "uint32_t" is undefined
..\STM32_Lib\STM32F10x_StdPeriph_Driver\src\stm32f10x_flash.c:     tmpreg &= ACR_LATENCY_Mask;
..\STM32_Lib\STM32F10x_StdPeriph_Driver\src\stm32f10x_flash.c:               ^
..\STM32_Lib\STM32F10x_StdPeriph_Driver\src\stm32f10x_flash.c(264): error:  #18: expected a ")"
..\STM32_Lib\STM32F10x_StdPeriph_Driver\src\stm32f10x_flash.c:     tmpreg &= ACR_LATENCY_Mask;
..\STM32_Lib\STM32F10x_StdPeriph_Driver\src\stm32f10x_flash.c:               ^
..\STM32_Lib\STM32F10x_StdPeriph_Driver\src\stm32f10x_flash.c(280): error:  #20: identifier "uint32_t" is undefined
..\STM32_Lib\STM32F10x_StdPeriph_Driver\src\stm32f10x_flash.c:   void FLASH_HalfCycleAccessCmd(uint32_t FLASH_HalfCycleAccess)
..\STM32_Lib\STM32F10x_StdPeriph_Driver\src\stm32f10x_flash.c:                                 ^
..\STM32_Lib\STM32F10x_StdPeriph_Driver\src\stm32f10x_flash.c(286): error:  #20: identifier "uint32_t" is undefined
..\STM32_Lib\STM32F10x_StdPeriph_Driver\src\stm32f10x_flash.c:     FLASH->ACR &= ACR_HLFCYA_Mask;
..\STM32_Lib\STM32F10x_StdPeriph_Driver\src\stm32f10x_flash.c:                   ^
..\STM32_Lib\STM32F10x_StdPeriph_Driver\src\stm32f10x_flash.c(286): error:  #18: expected a ")"
..\STM32_Lib\STM32F10x_StdPeriph_Driver\src\stm32f10x_flash.c:     FLASH->ACR &= ACR_HLFCYA_Mask;
..\STM32_Lib\STM32F10x_StdPeriph_Driver\src\stm32f10x_flash.c:                   ^
..\STM32_Lib\STM32F10x_StdPeriph_Driver\src\stm32f10x_flash.c(299): error:  #20: identifier "uint32_t" is undefined
..\STM32_Lib\STM32F10x_StdPeriph_Driver\src\stm32f10x_flash.c:   void FLASH_PrefetchBufferCmd(uint32_t FLASH_PrefetchBuffer)
..\STM32_Lib\STM32F10x_StdPeriph_Driver\src\stm32f10x_flash.c:                                ^
..\STM32_Lib\STM32F10x_StdPeriph_Driver\src\stm32f10x_flash.c(305): error:  #20: identifier "uint32_t" is undefined
..\STM32_Lib\STM32F10x_StdPeriph_Driver\src\stm32f10x_flash.c:     FLASH->ACR &= ACR_PRFTBE_Mask;
..\STM32_Lib\STM32F10x_StdPeriph_Driver\src\stm32f10x_flash.c:                   ^
..\STM32_Lib\STM32F10x_StdPeriph_Driver\src\stm32f10x_flash.c(305): error:  #18: expected a ")"
..\STM32_Lib\STM32F10x_StdPeriph_Driver\src\stm32f10x_flash.c:     FLASH->ACR &= ACR_PRFTBE_Mask;
..\STM32_Lib\STM32F10x_StdPeriph_Driver\src\stm32f10x_flash.c:                   ^
..\STM32_Lib\STM32F10x_StdPeriph_Driver\src\stm32f10x_flash.c(321): error:  #20: identifier "uint32_t" is undefined
..\STM32_Lib\STM32F10x_StdPeriph_Driver\src\stm32f10x_flash.c:     FLASH->KEYR = FLASH_KEY1;
..\STM32_Lib\STM32F10x_StdPeriph_Driver\src\stm32f10x_flash.c:                   ^
..\STM32_Lib\STM32F10x_StdPeriph_Driver\src\stm32f10x_flash.c(321): error:  #18: expected a ")"
..\STM32_Lib\STM32F10x_StdPeriph_Driver\src\stm32f10x_flash.c:     FLASH->KEYR = FLASH_KEY1;
..\STM32_Lib\STM32F10x_StdPeriph_Driver\src\stm32f10x_flash.c:                   ^
..\STM32_Lib\STM32F10x_StdPeriph_Driver\src\stm32f10x_flash.c(322): error:  #18: expected a ")"
..\STM32_Lib\STM32F10x_StdPeriph_Driver\src\stm32f10x_flash.c:     FLASH->KEYR = FLASH_KEY2;
..\STM32_Lib\STM32F10x_StdPeriph_Driver\src\stm32f10x_flash.c:                   ^
..\STM32_Lib\STM32F10x_StdPeriph_Driver\src\stm32f10x_flash.c(342): error:  #20: identifier "uint32_t" is undefined
..\STM32_Lib\STM32F10x_StdPeriph_Driver\src\stm32f10x_flash.c:     FLASH->KEYR = FLASH_KEY1;
..\STM32_Lib\STM32F10x_StdPeriph_Driver\src\stm32f10x_flash.c:                   ^
..\STM32_Lib\STM32F10x_StdPeriph_Driver\src\stm32f10x_flash.c(342): error:  #18: expected a ")"
..\STM32_Lib\STM32F10x_StdPeriph_Driver\src\stm32f10x_flash.c:     FLASH->KEYR = FLASH_KEY1;
..\STM32_Lib\STM32F10x_StdPeriph_Driver\src\stm32f10x_flash.c:                   ^
..\STM32_Lib\STM32F10x_StdPeriph_Driver\src\stm32f10x_flash.c(343): error:  #18: expected a ")"
..\STM32_Lib\STM32F10x_StdPeriph_Driver\src\stm32f10x_flash.c:     FLASH->KEYR = FLASH_KEY2;
..\STM32_Lib\STM32F10x_StdPeriph_Driver\src\stm32f10x_flash.c:                   ^
..\STM32_Lib\STM32F10x_StdPeriph_Driver\src\stm32f10x_flash.c(374): error:  #20: identifier "uint32_t" is undefined
..\STM32_Lib\STM32F10x_StdPeriph_Driver\src\stm32f10x_flash.c:     FLASH->CR |= CR_LOCK_Set;
..\STM32_Lib\STM32F10x_StdPeriph_Driver\src\stm32f10x_flash.c:                  ^
..\STM32_Lib\STM32F10x_StdPeriph_Driver\src\stm32f10x_flash.c(374): error:  #18: expected a ")"
..\STM32_Lib\STM32F10x_StdPeriph_Driver\src\stm32f10x_flash.c:     FLASH->CR |= CR_LOCK_Set;
..\STM32_Lib\STM32F10x_StdPeriph_Driver\src\stm32f10x_flash.c:                  ^
..\STM32_Lib\STM32F10x_StdPeriph_Driver\src\stm32f10x_flash.c(394): error:  #20: identifier "uint32_t" is undefined
..\STM32_Lib\STM32F10x_StdPeriph_Driver\src\stm32f10x_flash.c:     FLASH->CR |= CR_LOCK_Set;
..\STM32_Lib\STM32F10x_StdPeriph_Driver\src\stm32f10x_flash.c:                  ^
..\STM32_Lib\STM32F10x_StdPeriph_Driver\src\stm32f10x_flash.c(394): error:  #18: expected a ")"
..\STM32_Lib\STM32F10x_StdPeriph_Driver\src\stm32f10x_flash.c:     FLASH->CR |= CR_LOCK_Set;
..\STM32_Lib\STM32F10x_StdPeriph_Driver\src\stm32f10x_flash.c:                  ^
..\STM32_Lib\STM32F10x_StdPeriph_Driver\src\stm32f10x_flash.c(418): error:  #20: identifier "uint32_t" is undefined
..\STM32_Lib\STM32F10x_StdPeriph_Driver\src\stm32f10x_flash.c:   FLASH_Status FLASH_ErasePage(uint32_t Page_Address)
..\STM32_Lib\STM32F10x_StdPeriph_Driver\src\stm32f10x_flash.c:                                ^
..\STM32_Lib\STM32F10x_StdPeriph_Driver\src\stm32f10x_flash.c(467): error:  #20: identifier "uint32_t" is undefined
..\STM32_Lib\STM32F10x_StdPeriph_Driver\src\stm32f10x_flash.c:     status = FLASH_WaitForLastOperation(EraseTimeout);
..\STM32_Lib\STM32F10x_StdPeriph_Driver\src\stm32f10x_flash.c:                                         ^
..\STM32_Lib\STM32F10x_StdPeriph_Driver\src\stm32f10x_flash.c(467): error:  #18: expected a ")"
..\STM32_Lib\STM32F10x_StdPeriph_Driver\src\stm32f10x_flash.c:     status = FLASH_WaitForLastOperation(EraseTimeout);
..\STM32_Lib\STM32F10x_StdPeriph_Driver\src\stm32f10x_flash.c:                                         ^
..\STM32_Lib\STM32F10x_StdPeriph_Driver\src\stm32f10x_flash.c(472): error:  #18: expected a ")"
..\STM32_Lib\STM32F10x_StdPeriph_Driver\src\stm32f10x_flash.c:       FLASH->CR|= CR_PER_Set;
..\STM32_Lib\STM32F10x_StdPeriph_Driver\src\stm32f10x_flash.c:                   ^
..\STM32_Lib\STM32F10x_StdPeriph_Driver\src\stm32f10x_flash.c(474): error:  #18: expected a ")"
..\STM32_Lib\STM32F10x_StdPeriph_Driver\src\stm32f10x_flash.c:       FLASH->CR|= CR_STRT_Set;
..\STM32_Lib\STM32F10x_StdPeriph_Driver\src\stm32f10x_flash.c:                   ^
..\STM32_Lib\STM32F10x_StdPeriph_Driver\src\stm32f10x_flash.c(477): error:  #18: expected a ")"
..\STM32_Lib\STM32F10x_StdPeriph_Driver\src\stm32f10x_flash.c:       status = FLASH_WaitForLastOperation(EraseTimeout);
..\STM32_Lib\STM32F10x_StdPeriph_Driver\src\stm32f10x_flash.c:                                           ^
..\STM32_Lib\STM32F10x_StdPeriph_Driver\src\stm32f10x_flash.c(481): error:  #18: expected a ")"
..\STM32_Lib\STM32F10x_StdPeriph_Driver\src\stm32f10x_flash.c:         FLASH->CR &= CR_PER_Reset;
..\STM32_Lib\STM32F10x_StdPeriph_Driver\src\stm32f10x_flash.c:                      ^
..\STM32_Lib\STM32F10x_StdPeriph_Driver\src\stm32f10x_flash.c(535): error:  #20: identifier "uint32_t" is undefined
..\STM32_Lib\STM32F10x_StdPeriph_Driver\src\stm32f10x_flash.c:     status = FLASH_WaitForLastOperation(EraseTimeout);
..\STM32_Lib\STM32F10x_StdPeriph_Driver\src\stm32f10x_flash.c:                                         ^
..\STM32_Lib\STM32F10x_StdPeriph_Driver\src\stm32f10x_flash.c(535): error:  #18: expected a ")"
..\STM32_Lib\STM32F10x_StdPeriph_Driver\src\stm32f10x_flash.c:     status = FLASH_WaitForLastOperation(EraseTimeout);
..\STM32_Lib\STM32F10x_StdPeriph_Driver\src\stm32f10x_flash.c:                                         ^
..\STM32_Lib\STM32F10x_StdPeriph_Driver\src\stm32f10x_flash.c(539): error:  #18: expected a ")"
..\STM32_Lib\STM32F10x_StdPeriph_Driver\src\stm32f10x_flash.c:        FLASH->CR |= CR_MER_Set;
..\STM32_Lib\STM32F10x_StdPeriph_Driver\src\stm32f10x_flash.c:                     ^
..\STM32_Lib\STM32F10x_StdPeriph_Driver\src\stm32f10x_flash.c: ..\STM32_Lib\STM32F10x_StdPeriph_Driver\src\stm32f10x_flash.c: 0 warnings, 30 errors
compiling stm32f10x_gpio.c...
..\STM32_Lib\STM32F10x_StdPeriph_Driver\src\stm32f10x_gpio.c(174): error:  #20: identifier "uint32_t" is undefined
..\STM32_Lib\STM32F10x_StdPeriph_Driver\src\stm32f10x_gpio.c:     uint32_t currentmode = 0x00, currentpin = 0x00, pinpos = 0x00, pos = 0x00;
..\STM32_Lib\STM32F10x_StdPeriph_Driver\src\stm32f10x_gpio.c:     ^
..\STM32_Lib\STM32F10x_StdPeriph_Driver\src\stm32f10x_gpio.c(175): error:  #20: identifier "uint32_t" is undefined
..\STM32_Lib\STM32F10x_StdPeriph_Driver\src\stm32f10x_gpio.c:     uint32_t tmpreg = 0x00, pinmask = 0x00;
..\STM32_Lib\STM32F10x_StdPeriph_Driver\src\stm32f10x_gpio.c:     ^
..\STM32_Lib\STM32F10x_StdPeriph_Driver\src\stm32f10x_gpio.c(182): error:  #20: identifier "uint32_t" is undefined
..\STM32_Lib\STM32F10x_StdPeriph_Driver\src\stm32f10x_gpio.c:     currentmode = ((uint32_t)GPIO_InitStruct->GPIO_Mode) & ((uint32_t)0x0F);
..\STM32_Lib\STM32F10x_StdPeriph_Driver\src\stm32f10x_gpio.c:                     ^
..\STM32_Lib\STM32F10x_StdPeriph_Driver\src\stm32f10x_gpio.c(182): error:  #18: expected a ")"
..\STM32_Lib\STM32F10x_StdPeriph_Driver\src\stm32f10x_gpio.c:     currentmode = ((uint32_t)GPIO_InitStruct->GPIO_Mode) & ((uint32_t)0x0F);
..\STM32_Lib\STM32F10x_StdPeriph_Driver\src\stm32f10x_gpio.c:                              ^
..\STM32_Lib\STM32F10x_StdPeriph_Driver\src\stm32f10x_gpio.c(182): error:  #18: expected a ")"
..\STM32_Lib\STM32F10x_StdPeriph_Driver\src\stm32f10x_gpio.c:     currentmode = ((uint32_t)GPIO_InitStruct->GPIO_Mode) & ((uint32_t)0x0F);
..\STM32_Lib\STM32F10x_StdPeriph_Driver\src\stm32f10x_gpio.c:                                                                       ^
..\STM32_Lib\STM32F10x_StdPeriph_Driver\src\stm32f10x_gpio.c(183): error:  #18: expected a ")"
..\STM32_Lib\STM32F10x_StdPeriph_Driver\src\stm32f10x_gpio.c:     if ((((uint32_t)GPIO_InitStruct->GPIO_Mode) & ((uint32_t)0x10)) != 0x00)
..\STM32_Lib\STM32F10x_StdPeriph_Driver\src\stm32f10x_gpio.c:                     ^
..\STM32_Lib\STM32F10x_StdPeriph_Driver\src\stm32f10x_gpio.c(183): error:  #18: expected a ")"
..\STM32_Lib\STM32F10x_StdPeriph_Driver\src\stm32f10x_gpio.c:     if ((((uint32_t)GPIO_InitStruct->GPIO_Mode) & ((uint32_t)0x10)) != 0x00)
..\STM32_Lib\STM32F10x_StdPeriph_Driver\src\stm32f10x_gpio.c:                                                              ^
..\STM32_Lib\STM32F10x_StdPeriph_Driver\src\stm32f10x_gpio.c(188): error:  #65: expected a ";"
..\STM32_Lib\STM32F10x_StdPeriph_Driver\src\stm32f10x_gpio.c:       currentmode |= (uint32_t)GPIO_InitStruct->GPIO_Speed;
..\STM32_Lib\STM32F10x_StdPeriph_Driver\src\stm32f10x_gpio.c:                                ^
..\STM32_Lib\STM32F10x_StdPeriph_Driver\src\stm32f10x_gpio.c(192): error:  #18: expected a ")"
..\STM32_Lib\STM32F10x_StdPeriph_Driver\src\stm32f10x_gpio.c:     if (((uint32_t)GPIO_InitStruct->GPIO_Pin & ((uint32_t)0x00FF)) != 0x00)
..\STM32_Lib\STM32F10x_StdPeriph_Driver\src\stm32f10x_gpio.c:                    ^
..\STM32_Lib\STM32F10x_StdPeriph_Driver\src\stm32f10x_gpio.c(197): error:  #18: expected a ")"
..\STM32_Lib\STM32F10x_StdPeriph_Driver\src\stm32f10x_gpio.c:         pos = ((uint32_t)0x01) << pinpos;
..\STM32_Lib\STM32F10x_StdPeriph_Driver\src\stm32f10x_gpio.c:                          ^
..\STM32_Lib\STM32F10x_StdPeriph_Driver\src\stm32f10x_gpio.c(204): error:  #18: expected a ")"
..\STM32_Lib\STM32F10x_StdPeriph_Driver\src\stm32f10x_gpio.c:           pinmask = ((uint32_t)0x0F) << pos;
..\STM32_Lib\STM32F10x_StdPeriph_Driver\src\stm32f10x_gpio.c:                                ^
..\STM32_Lib\STM32F10x_StdPeriph_Driver\src\stm32f10x_gpio.c(211): error:  #18: expected a ")"
..\STM32_Lib\STM32F10x_StdPeriph_Driver\src\stm32f10x_gpio.c:             GPIOx->BRR = (((uint32_t)0x01) << pinpos);
..\STM32_Lib\STM32F10x_StdPeriph_Driver\src\stm32f10x_gpio.c:                                      ^
..\STM32_Lib\STM32F10x_StdPeriph_Driver\src\stm32f10x_gpio.c(218): error:  #18: expected a ")"
..\STM32_Lib\STM32F10x_StdPeriph_Driver\src\stm32f10x_gpio.c:               GPIOx->BSRR = (((uint32_t)0x01) << pinpos);
..\STM32_Lib\STM32F10x_StdPeriph_Driver\src\stm32f10x_gpio.c:                                         ^
..\STM32_Lib\STM32F10x_StdPeriph_Driver\src\stm32f10x_gpio.c(232): error:  #18: expected a ")"
..\STM32_Lib\STM32F10x_StdPeriph_Driver\src\stm32f10x_gpio.c:         pos = (((uint32_t)0x01) << (pinpos + 0x08));
..\STM32_Lib\STM32F10x_StdPeriph_Driver\src\stm32f10x_gpio.c:                           ^
..\STM32_Lib\STM32F10x_StdPeriph_Driver\src\stm32f10x_gpio.c(239): error:  #18: expected a ")"
..\STM32_Lib\STM32F10x_StdPeriph_Driver\src\stm32f10x_gpio.c:           pinmask = ((uint32_t)0x0F) << pos;
..\STM32_Lib\STM32F10x_StdPeriph_Driver\src\stm32f10x_gpio.c:                                ^
..\STM32_Lib\STM32F10x_StdPeriph_Driver\src\stm32f10x_gpio.c(246): error:  #18: expected a ")"
..\STM32_Lib\STM32F10x_StdPeriph_Driver\src\stm32f10x_gpio.c:             GPIOx->BRR = (((uint32_t)0x01) << (pinpos + 0x08));
..\STM32_Lib\STM32F10x_StdPeriph_Driver\src\stm32f10x_gpio.c:                                      ^
..\STM32_Lib\STM32F10x_StdPeriph_Driver\src\stm32f10x_gpio.c(251): error:  #18: expected a ")"
..\STM32_Lib\STM32F10x_StdPeriph_Driver\src\stm32f10x_gpio.c:             GPIOx->BSRR = (((uint32_t)0x01) << (pinpos + 0x08));
..\STM32_Lib\STM32F10x_StdPeriph_Driver\src\stm32f10x_gpio.c:                                       ^
..\STM32_Lib\STM32F10x_StdPeriph_Driver\src\stm32f10x_gpio.c(280): error:  #20: identifier "uint8_t" is undefined
..\STM32_Lib\STM32F10x_StdPeriph_Driver\src\stm32f10x_gpio.c:   uint8_t GPIO_ReadInputDataBit(GPIO_TypeDef* GPIOx, uint16_t GPIO_Pin)
..\STM32_Lib\STM32F10x_StdPeriph_Driver\src\stm32f10x_gpio.c:   ^
..\STM32_Lib\STM32F10x_StdPeriph_Driver\src\stm32f10x_gpio.c(280): error:  #20: identifier "uint16_t" is undefined
..\STM32_Lib\STM32F10x_StdPeriph_Driver\src\stm32f10x_gpio.c:   uint8_t GPIO_ReadInputDataBit(GPIO_TypeDef* GPIOx, uint16_t GPIO_Pin)
..\STM32_Lib\STM32F10x_StdPeriph_Driver\src\stm32f10x_gpio.c:                                                      ^
..\STM32_Lib\STM32F10x_StdPeriph_Driver\src\stm32f10x_gpio.c(282): error:  #20: identifier "uint8_t" is undefined
..\STM32_Lib\STM32F10x_StdPeriph_Driver\src\stm32f10x_gpio.c:     uint8_t bitstatus = 0x00;
..\STM32_Lib\STM32F10x_StdPeriph_Driver\src\stm32f10x_gpio.c:     ^
..\STM32_Lib\STM32F10x_StdPeriph_Driver\src\stm32f10x_gpio.c(288): error:  #20: identifier "uint32_t" is undefined
..\STM32_Lib\STM32F10x_StdPeriph_Driver\src\stm32f10x_gpio.c:     if ((GPIOx->IDR & GPIO_Pin) != (uint32_t)Bit_RESET)
..\STM32_Lib\STM32F10x_StdPeriph_Driver\src\stm32f10x_gpio.c:                                     ^
..\STM32_Lib\STM32F10x_StdPeriph_Driver\src\stm32f10x_gpio.c(288): error:  #18: expected a ")"
..\STM32_Lib\STM32F10x_StdPeriph_Driver\src\stm32f10x_gpio.c:     if ((GPIOx->IDR & GPIO_Pin) != (uint32_t)Bit_RESET)
..\STM32_Lib\STM32F10x_StdPeriph_Driver\src\stm32f10x_gpio.c:                                              ^
..\STM32_Lib\STM32F10x_StdPeriph_Driver\src\stm32f10x_gpio.c(290): error:  #20: identifier "uint8_t" is undefined
..\STM32_Lib\STM32F10x_StdPeriph_Driver\src\stm32f10x_gpio.c:       bitstatus = (uint8_t)Bit_SET;
..\STM32_Lib\STM32F10x_StdPeriph_Driver\src\stm32f10x_gpio.c:                    ^
..\STM32_Lib\STM32F10x_StdPeriph_Driver\src\stm32f10x_gpio.c(290): error:  #65: expected a ";"
..\STM32_Lib\STM32F10x_StdPeriph_Driver\src\stm32f10x_gpio.c:       bitstatus = (uint8_t)Bit_SET;
..\STM32_Lib\STM32F10x_StdPeriph_Driver\src\stm32f10x_gpio.c:                            ^
..\STM32_Lib\STM32F10x_StdPeriph_Driver\src\stm32f10x_gpio.c(294): error:  #20: identifier "uint8_t" is undefined
..\STM32_Lib\STM32F10x_StdPeriph_Driver\src\stm32f10x_gpio.c:       bitstatus = (uint8_t)Bit_RESET;
..\STM32_Lib\STM32F10x_StdPeriph_Driver\src\stm32f10x_gpio.c:                    ^
..\STM32_Lib\STM32F10x_StdPeriph_Driver\src\stm32f10x_gpio.c(294): error:  #65: expected a ";"
..\STM32_Lib\STM32F10x_StdPeriph_Driver\src\stm32f10x_gpio.c:       bitstatus = (uint8_t)Bit_RESET;
..\STM32_Lib\STM32F10x_StdPeriph_Driver\src\stm32f10x_gpio.c:                            ^
..\STM32_Lib\STM32F10x_StdPeriph_Driver\src\stm32f10x_gpio.c(296): warning:  #1166-D: returning pointer to local variable
..\STM32_Lib\STM32F10x_StdPeriph_Driver\src\stm32f10x_gpio.c:     return bitstatus;
..\STM32_Lib\STM32F10x_StdPeriph_Driver\src\stm32f10x_gpio.c:            ^
..\STM32_Lib\STM32F10x_StdPeriph_Driver\src\stm32f10x_gpio.c(304): error:  #20: identifier "uint16_t" is undefined
..\STM32_Lib\STM32F10x_StdPeriph_Driver\src\stm32f10x_gpio.c:   uint16_t GPIO_ReadInputData(GPIO_TypeDef* GPIOx)
..\STM32_Lib\STM32F10x_StdPeriph_Driver\src\stm32f10x_gpio.c:   ^
..\STM32_Lib\STM32F10x_StdPeriph_Driver\src\stm32f10x_gpio.c(309): error:  #20: identifier "uint16_t" is undefined
..\STM32_Lib\STM32F10x_StdPeriph_Driver\src\stm32f10x_gpio.c:     return ((uint16_t)GPIOx->IDR);
..\STM32_Lib\STM32F10x_StdPeriph_Driver\src\stm32f10x_gpio.c:              ^
..\STM32_Lib\STM32F10x_StdPeriph_Driver\src\stm32f10x_gpio.c(309): error:  #18: expected a ")"
..\STM32_Lib\STM32F10x_StdPeriph_Driver\src\stm32f10x_gpio.c:     return ((uint16_t)GPIOx->IDR);
..\STM32_Lib\STM32F10x_StdPeriph_Driver\src\stm32f10x_gpio.c:                       ^
..\STM32_Lib\STM32F10x_StdPeriph_Driver\src\stm32f10x_gpio.c(319): error:  #20: identifier "uint8_t" is undefined
..\STM32_Lib\STM32F10x_StdPeriph_Driver\src\stm32f10x_gpio.c:   uint8_t GPIO_ReadOutputDataBit(GPIO_TypeDef* GPIOx, uint16_t GPIO_Pin)
..\STM32_Lib\STM32F10x_StdPeriph_Driver\src\stm32f10x_gpio.c:   ^
..\STM32_Lib\STM32F10x_StdPeriph_Driver\src\stm32f10x_gpio.c: ..\STM32_Lib\STM32F10x_StdPeriph_Driver\src\stm32f10x_gpio.c: 1 warning, 30 errors
compiling stm32f10x_rcc.c...
..\STM32_Lib\STM32F10x_StdPeriph_Driver\src\stm32f10x_rcc.c(202): error:  #20: identifier "__I" is undefined
..\STM32_Lib\STM32F10x_StdPeriph_Driver\src\stm32f10x_rcc.c:   static __I uint8_t APBAHBPrescTable[16] = {0, 0, 0, 0, 1, 2, 3, 4, 1, 2, 3, 4, 6, 7, 8, 9};
..\STM32_Lib\STM32F10x_StdPeriph_Driver\src\stm32f10x_rcc.c:          ^
..\STM32_Lib\STM32F10x_StdPeriph_Driver\src\stm32f10x_rcc.c(202): error:  #65: expected a ";"
..\STM32_Lib\STM32F10x_StdPeriph_Driver\src\stm32f10x_rcc.c:   static __I uint8_t APBAHBPrescTable[16] = {0, 0, 0, 0, 1, 2, 3, 4, 1, 2, 3, 4, 6, 7, 8, 9};
..\STM32_Lib\STM32F10x_StdPeriph_Driver\src\stm32f10x_rcc.c:                      ^
..\STM32_Lib\STM32F10x_StdPeriph_Driver\src\stm32f10x_rcc.c(203): error:  #20: identifier "__I" is undefined
..\STM32_Lib\STM32F10x_StdPeriph_Driver\src\stm32f10x_rcc.c:   static __I uint8_t ADCPrescTable[4] = {2, 4, 6, 8};
..\STM32_Lib\STM32F10x_StdPeriph_Driver\src\stm32f10x_rcc.c:          ^
..\STM32_Lib\STM32F10x_StdPeriph_Driver\src\stm32f10x_rcc.c(203): error:  #65: expected a ";"
..\STM32_Lib\STM32F10x_StdPeriph_Driver\src\stm32f10x_rcc.c:   static __I uint8_t ADCPrescTable[4] = {2, 4, 6, 8};
..\STM32_Lib\STM32F10x_StdPeriph_Driver\src\stm32f10x_rcc.c:                      ^
..\STM32_Lib\STM32F10x_StdPeriph_Driver\src\stm32f10x_rcc.c(229): error:  #20: identifier "uint32_t" is undefined
..\STM32_Lib\STM32F10x_StdPeriph_Driver\src\stm32f10x_rcc.c:     RCC->CR |= (uint32_t)0x00000001;
..\STM32_Lib\STM32F10x_StdPeriph_Driver\src\stm32f10x_rcc.c:                 ^
..\STM32_Lib\STM32F10x_StdPeriph_Driver\src\stm32f10x_rcc.c(229): error:  #65: expected a ";"
..\STM32_Lib\STM32F10x_StdPeriph_Driver\src\stm32f10x_rcc.c:     RCC->CR |= (uint32_t)0x00000001;
..\STM32_Lib\STM32F10x_StdPeriph_Driver\src\stm32f10x_rcc.c:                          ^
..\STM32_Lib\STM32F10x_StdPeriph_Driver\src\stm32f10x_rcc.c(233): error:  #65: expected a ";"
..\STM32_Lib\STM32F10x_StdPeriph_Driver\src\stm32f10x_rcc.c:     RCC->CFGR &= (uint32_t)0xF8FF0000;
..\STM32_Lib\STM32F10x_StdPeriph_Driver\src\stm32f10x_rcc.c:                            ^
..\STM32_Lib\STM32F10x_StdPeriph_Driver\src\stm32f10x_rcc.c(239): error:  #65: expected a ";"
..\STM32_Lib\STM32F10x_StdPeriph_Driver\src\stm32f10x_rcc.c:     RCC->CR &= (uint32_t)0xFEF6FFFF;
..\STM32_Lib\STM32F10x_StdPeriph_Driver\src\stm32f10x_rcc.c:                          ^
..\STM32_Lib\STM32F10x_StdPeriph_Driver\src\stm32f10x_rcc.c(242): error:  #65: expected a ";"
..\STM32_Lib\STM32F10x_StdPeriph_Driver\src\stm32f10x_rcc.c:     RCC->CR &= (uint32_t)0xFFFBFFFF;
..\STM32_Lib\STM32F10x_StdPeriph_Driver\src\stm32f10x_rcc.c:                          ^
..\STM32_Lib\STM32F10x_StdPeriph_Driver\src\stm32f10x_rcc.c(245): error:  #65: expected a ";"
..\STM32_Lib\STM32F10x_StdPeriph_Driver\src\stm32f10x_rcc.c:     RCC->CFGR &= (uint32_t)0xFF80FFFF;
..\STM32_Lib\STM32F10x_StdPeriph_Driver\src\stm32f10x_rcc.c:                            ^
..\STM32_Lib\STM32F10x_StdPeriph_Driver\src\stm32f10x_rcc.c(279): error:  #20: identifier "uint32_t" is undefined
..\STM32_Lib\STM32F10x_StdPeriph_Driver\src\stm32f10x_rcc.c:   void RCC_HSEConfig(uint32_t RCC_HSE)
..\STM32_Lib\STM32F10x_StdPeriph_Driver\src\stm32f10x_rcc.c:                      ^
..\STM32_Lib\STM32F10x_StdPeriph_Driver\src\stm32f10x_rcc.c(285): error:  #20: identifier "uint32_t" is undefined
..\STM32_Lib\STM32F10x_StdPeriph_Driver\src\stm32f10x_rcc.c:     RCC->CR &= CR_HSEON_Reset;
..\STM32_Lib\STM32F10x_StdPeriph_Driver\src\stm32f10x_rcc.c:                ^
..\STM32_Lib\STM32F10x_StdPeriph_Driver\src\stm32f10x_rcc.c(285): error:  #18: expected a ")"
..\STM32_Lib\STM32F10x_StdPeriph_Driver\src\stm32f10x_rcc.c:     RCC->CR &= CR_HSEON_Reset;
..\STM32_Lib\STM32F10x_StdPeriph_Driver\src\stm32f10x_rcc.c:                ^
..\STM32_Lib\STM32F10x_StdPeriph_Driver\src\stm32f10x_rcc.c(287): error:  #18: expected a ")"
..\STM32_Lib\STM32F10x_StdPeriph_Driver\src\stm32f10x_rcc.c:     RCC->CR &= CR_HSEBYP_Reset;
..\STM32_Lib\STM32F10x_StdPeriph_Driver\src\stm32f10x_rcc.c:                ^
..\STM32_Lib\STM32F10x_StdPeriph_Driver\src\stm32f10x_rcc.c(293): error:  #18: expected a ")"
..\STM32_Lib\STM32F10x_StdPeriph_Driver\src\stm32f10x_rcc.c:         RCC->CR |= CR_HSEON_Set;
..\STM32_Lib\STM32F10x_StdPeriph_Driver\src\stm32f10x_rcc.c:                    ^
..\STM32_Lib\STM32F10x_StdPeriph_Driver\src\stm32f10x_rcc.c(298): error:  #18: expected a ")"
..\STM32_Lib\STM32F10x_StdPeriph_Driver\src\stm32f10x_rcc.c:         RCC->CR |= CR_HSEBYP_Set | CR_HSEON_Set;
..\STM32_Lib\STM32F10x_StdPeriph_Driver\src\stm32f10x_rcc.c:                    ^
..\STM32_Lib\STM32F10x_StdPeriph_Driver\src\stm32f10x_rcc.c(298): error:  #18: expected a ")"
..\STM32_Lib\STM32F10x_StdPeriph_Driver\src\stm32f10x_rcc.c:         RCC->CR |= CR_HSEBYP_Set | CR_HSEON_Set;
..\STM32_Lib\STM32F10x_StdPeriph_Driver\src\stm32f10x_rcc.c:                                    ^
..\STM32_Lib\STM32F10x_StdPeriph_Driver\src\stm32f10x_rcc.c(315): error:  #20: identifier "__IO" is undefined
..\STM32_Lib\STM32F10x_StdPeriph_Driver\src\stm32f10x_rcc.c:     __IO uint32_t StartUpCounter = 0;
..\STM32_Lib\STM32F10x_StdPeriph_Driver\src\stm32f10x_rcc.c:     ^
..\STM32_Lib\STM32F10x_StdPeriph_Driver\src\stm32f10x_rcc.c(315): error:  #65: expected a ";"
..\STM32_Lib\STM32F10x_StdPeriph_Driver\src\stm32f10x_rcc.c:     __IO uint32_t StartUpCounter = 0;
..\STM32_Lib\STM32F10x_StdPeriph_Driver\src\stm32f10x_rcc.c:                   ^
..\STM32_Lib\STM32F10x_StdPeriph_Driver\src\stm32f10x_rcc.c(323): error:  #20: identifier "StartUpCounter" is undefined
..\STM32_Lib\STM32F10x_StdPeriph_Driver\src\stm32f10x_rcc.c:       StartUpCounter++;  
..\STM32_Lib\STM32F10x_StdPeriph_Driver\src\stm32f10x_rcc.c:       ^
..\STM32_Lib\STM32F10x_StdPeriph_Driver\src\stm32f10x_rcc.c(324): error:  #20: identifier "StartUpCounter" is undefined
..\STM32_Lib\STM32F10x_StdPeriph_Driver\src\stm32f10x_rcc.c:     } while((StartUpCounter != HSEStartUp_TimeOut) && (HSEStatus == RESET));
..\STM32_Lib\STM32F10x_StdPeriph_Driver\src\stm32f10x_rcc.c:              ^
..\STM32_Lib\STM32F10x_StdPeriph_Driver\src\stm32f10x_rcc.c(324): error:  #20: identifier "uint16_t" is undefined
..\STM32_Lib\STM32F10x_StdPeriph_Driver\src\stm32f10x_rcc.c:     } while((StartUpCounter != HSEStartUp_TimeOut) && (HSEStatus == RESET));
..\STM32_Lib\STM32F10x_StdPeriph_Driver\src\stm32f10x_rcc.c:                                ^
..\STM32_Lib\STM32F10x_StdPeriph_Driver\src\stm32f10x_rcc.c(324): error:  #18: expected a ")"
..\STM32_Lib\STM32F10x_StdPeriph_Driver\src\stm32f10x_rcc.c:     } while((StartUpCounter != HSEStartUp_TimeOut) && (HSEStatus == RESET));
..\STM32_Lib\STM32F10x_StdPeriph_Driver\src\stm32f10x_rcc.c:                                ^
..\STM32_Lib\STM32F10x_StdPeriph_Driver\src\stm32f10x_rcc.c(343): error:  #757: variable "uint8_t" is not a type name
..\STM32_Lib\STM32F10x_StdPeriph_Driver\src\stm32f10x_rcc.c:   void RCC_AdjustHSICalibrationValue(uint8_t HSICalibrationValue)
..\STM32_Lib\STM32F10x_StdPeriph_Driver\src\stm32f10x_rcc.c:                                      ^
..\STM32_Lib\STM32F10x_StdPeriph_Driver\src\stm32f10x_rcc.c(345): error:  #20: identifier "uint32_t" is undefined
..\STM32_Lib\STM32F10x_StdPeriph_Driver\src\stm32f10x_rcc.c:     uint32_t tmpreg = 0;
..\STM32_Lib\STM32F10x_StdPeriph_Driver\src\stm32f10x_rcc.c:     ^
..\STM32_Lib\STM32F10x_StdPeriph_Driver\src\stm32f10x_rcc.c(350): error:  #20: identifier "uint32_t" is undefined
..\STM32_Lib\STM32F10x_StdPeriph_Driver\src\stm32f10x_rcc.c:     tmpreg &= CR_HSITRIM_Mask;
..\STM32_Lib\STM32F10x_StdPeriph_Driver\src\stm32f10x_rcc.c:               ^
..\STM32_Lib\STM32F10x_StdPeriph_Driver\src\stm32f10x_rcc.c(350): error:  #18: expected a ")"
..\STM32_Lib\STM32F10x_StdPeriph_Driver\src\stm32f10x_rcc.c:     tmpreg &= CR_HSITRIM_Mask;
..\STM32_Lib\STM32F10x_StdPeriph_Driver\src\stm32f10x_rcc.c:               ^
..\STM32_Lib\STM32F10x_StdPeriph_Driver\src\stm32f10x_rcc.c(352): error:  #65: expected a ";"
..\STM32_Lib\STM32F10x_StdPeriph_Driver\src\stm32f10x_rcc.c:     tmpreg |= (uint32_t)HSICalibrationValue << 3;
..\STM32_Lib\STM32F10x_StdPeriph_Driver\src\stm32f10x_rcc.c:                         ^
..\STM32_Lib\STM32F10x_StdPeriph_Driver\src\stm32f10x_rcc.c(367): error:  #20: identifier "__IO" is undefined
..\STM32_Lib\STM32F10x_StdPeriph_Driver\src\stm32f10x_rcc.c:     *(__IO uint32_t *) CR_HSION_BB = (uint32_t)NewState;
..\STM32_Lib\STM32F10x_StdPeriph_Driver\src\stm32f10x_rcc.c:       ^
..\STM32_Lib\STM32F10x_StdPeriph_Driver\src\stm32f10x_rcc.c(367): error:  #18: expected a ")"
..\STM32_Lib\STM32F10x_StdPeriph_Driver\src\stm32f10x_rcc.c:     *(__IO uint32_t *) CR_HSION_BB = (uint32_t)NewState;
..\STM32_Lib\STM32F10x_StdPeriph_Driver\src\stm32f10x_rcc.c:            ^
..\STM32_Lib\STM32F10x_StdPeriph_Driver\src\stm32f10x_rcc.c: ..\STM32_Lib\STM32F10x_StdPeriph_Driver\src\stm32f10x_rcc.c: 0 warnings, 30 errors
compiling stm32f10x_spi.c...
..\STM32_Lib\STM32F10x_StdPeriph_Driver\src\stm32f10x_spi.c(159): error:  #20: identifier "uint16_t" is undefined
..\STM32_Lib\STM32F10x_StdPeriph_Driver\src\stm32f10x_spi.c:     uint16_t tmpreg = 0;
..\STM32_Lib\STM32F10x_StdPeriph_Driver\src\stm32f10x_spi.c:     ^
..\STM32_Lib\STM32F10x_StdPeriph_Driver\src\stm32f10x_spi.c(179): error:  #20: identifier "uint16_t" is undefined
..\STM32_Lib\STM32F10x_StdPeriph_Driver\src\stm32f10x_spi.c:     tmpreg &= CR1_CLEAR_Mask;
..\STM32_Lib\STM32F10x_StdPeriph_Driver\src\stm32f10x_spi.c:               ^
..\STM32_Lib\STM32F10x_StdPeriph_Driver\src\stm32f10x_spi.c(179): error:  #18: expected a ")"
..\STM32_Lib\STM32F10x_StdPeriph_Driver\src\stm32f10x_spi.c:     tmpreg &= CR1_CLEAR_Mask;
..\STM32_Lib\STM32F10x_StdPeriph_Driver\src\stm32f10x_spi.c:               ^
..\STM32_Lib\STM32F10x_StdPeriph_Driver\src\stm32f10x_spi.c(188): error:  #20: identifier "uint32_t" is undefined
..\STM32_Lib\STM32F10x_StdPeriph_Driver\src\stm32f10x_spi.c:     tmpreg |= (uint16_t)((uint32_t)SPI_InitStruct->SPI_Direction | SPI_InitStruct->SPI_Mode |
..\STM32_Lib\STM32F10x_StdPeriph_Driver\src\stm32f10x_spi.c:                           ^
..\STM32_Lib\STM32F10x_StdPeriph_Driver\src\stm32f10x_spi.c(188): error:  #18: expected a ")"
..\STM32_Lib\STM32F10x_StdPeriph_Driver\src\stm32f10x_spi.c:     tmpreg |= (uint16_t)((uint32_t)SPI_InitStruct->SPI_Direction | SPI_InitStruct->SPI_Mode |
..\STM32_Lib\STM32F10x_StdPeriph_Driver\src\stm32f10x_spi.c:                                    ^
..\STM32_Lib\STM32F10x_StdPeriph_Driver\src\stm32f10x_spi.c(191): warning:  #12-D: parsing restarts here after previous syntax error
..\STM32_Lib\STM32F10x_StdPeriph_Driver\src\stm32f10x_spi.c:                     SPI_InitStruct->SPI_BaudRatePrescaler | SPI_InitStruct->SPI_FirstBit);
..\STM32_Lib\STM32F10x_StdPeriph_Driver\src\stm32f10x_spi.c:                                                                                         ^
..\STM32_Lib\STM32F10x_StdPeriph_Driver\src\stm32f10x_spi.c(196): error:  #18: expected a ")"
..\STM32_Lib\STM32F10x_StdPeriph_Driver\src\stm32f10x_spi.c:     SPIx->I2SCFGR &= SPI_Mode_Select;              
..\STM32_Lib\STM32F10x_StdPeriph_Driver\src\stm32f10x_spi.c:                      ^
..\STM32_Lib\STM32F10x_StdPeriph_Driver\src\stm32f10x_spi.c(220): error:  #20: identifier "uint16_t" is undefined
..\STM32_Lib\STM32F10x_StdPeriph_Driver\src\stm32f10x_spi.c:     uint16_t tmpreg = 0, i2sdiv = 2, i2sodd = 0, packetlength = 1;
..\STM32_Lib\STM32F10x_StdPeriph_Driver\src\stm32f10x_spi.c:     ^
..\STM32_Lib\STM32F10x_StdPeriph_Driver\src\stm32f10x_spi.c(221): error:  #20: identifier "uint32_t" is undefined
..\STM32_Lib\STM32F10x_StdPeriph_Driver\src\stm32f10x_spi.c:     uint32_t tmp = 0;
..\STM32_Lib\STM32F10x_StdPeriph_Driver\src\stm32f10x_spi.c:     ^
..\STM32_Lib\STM32F10x_StdPeriph_Driver\src\stm32f10x_spi.c(223): error:  #20: identifier "uint32_t" is undefined
..\STM32_Lib\STM32F10x_StdPeriph_Driver\src\stm32f10x_spi.c:     uint32_t sourceclock = 0;
..\STM32_Lib\STM32F10x_StdPeriph_Driver\src\stm32f10x_spi.c:     ^
..\STM32_Lib\STM32F10x_StdPeriph_Driver\src\stm32f10x_spi.c(236): error:  #20: identifier "uint16_t" is undefined
..\STM32_Lib\STM32F10x_StdPeriph_Driver\src\stm32f10x_spi.c:     SPIx->I2SCFGR &= I2SCFGR_CLEAR_Mask; 
..\STM32_Lib\STM32F10x_StdPeriph_Driver\src\stm32f10x_spi.c:                      ^
..\STM32_Lib\STM32F10x_StdPeriph_Driver\src\stm32f10x_spi.c(236): error:  #18: expected a ")"
..\STM32_Lib\STM32F10x_StdPeriph_Driver\src\stm32f10x_spi.c:     SPIx->I2SCFGR &= I2SCFGR_CLEAR_Mask; 
..\STM32_Lib\STM32F10x_StdPeriph_Driver\src\stm32f10x_spi.c:                      ^
..\STM32_Lib\STM32F10x_StdPeriph_Driver\src\stm32f10x_spi.c(245): error:  #65: expected a ";"
..\STM32_Lib\STM32F10x_StdPeriph_Driver\src\stm32f10x_spi.c:       i2sodd = (uint16_t)0;
..\STM32_Lib\STM32F10x_StdPeriph_Driver\src\stm32f10x_spi.c:                          ^
..\STM32_Lib\STM32F10x_StdPeriph_Driver\src\stm32f10x_spi.c(246): error:  #65: expected a ";"
..\STM32_Lib\STM32F10x_StdPeriph_Driver\src\stm32f10x_spi.c:       i2sdiv = (uint16_t)2;   
..\STM32_Lib\STM32F10x_StdPeriph_Driver\src\stm32f10x_spi.c:                          ^
..\STM32_Lib\STM32F10x_StdPeriph_Driver\src\stm32f10x_spi.c(264): error:  #20: identifier "uint32_t" is undefined
..\STM32_Lib\STM32F10x_StdPeriph_Driver\src\stm32f10x_spi.c:       if(((uint32_t)SPIx) == SPI2_BASE)
..\STM32_Lib\STM32F10x_StdPeriph_Driver\src\stm32f10x_spi.c:            ^
..\STM32_Lib\STM32F10x_StdPeriph_Driver\src\stm32f10x_spi.c(264): error:  #18: expected a ")"
..\STM32_Lib\STM32F10x_StdPeriph_Driver\src\stm32f10x_spi.c:       if(((uint32_t)SPIx) == SPI2_BASE)
..\STM32_Lib\STM32F10x_StdPeriph_Driver\src\stm32f10x_spi.c:                     ^
..\STM32_Lib\STM32F10x_StdPeriph_Driver\src\stm32f10x_spi.c(335): error:  #18: expected a ")"
..\STM32_Lib\STM32F10x_StdPeriph_Driver\src\stm32f10x_spi.c:       i2sodd = (uint16_t)(tmp & (uint16_t)0x0001);
..\STM32_Lib\STM32F10x_StdPeriph_Driver\src\stm32f10x_spi.c:                                           ^
..\STM32_Lib\STM32F10x_StdPeriph_Driver\src\stm32f10x_spi.c(353): error:  #18: expected a ")"
..\STM32_Lib\STM32F10x_StdPeriph_Driver\src\stm32f10x_spi.c:     SPIx->I2SPR = (uint16_t)(i2sdiv | (uint16_t)(i2sodd | (uint16_t)I2S_InitStruct->I2S_MCLKOutput));  
..\STM32_Lib\STM32F10x_StdPeriph_Driver\src\stm32f10x_spi.c:                                                                     ^
..\STM32_Lib\STM32F10x_StdPeriph_Driver\src\stm32f10x_spi.c(356): error:  #18: expected a ")"
..\STM32_Lib\STM32F10x_StdPeriph_Driver\src\stm32f10x_spi.c:     tmpreg |= (uint16_t)(I2S_Mode_Select | (uint16_t)(I2S_InitStruct->I2S_Mode | \
..\STM32_Lib\STM32F10x_StdPeriph_Driver\src\stm32f10x_spi.c:                          ^
..\STM32_Lib\STM32F10x_StdPeriph_Driver\src\stm32f10x_spi.c(358): error:  #18: expected a ")"
..\STM32_Lib\STM32F10x_StdPeriph_Driver\src\stm32f10x_spi.c:                     (uint16_t)I2S_InitStruct->I2S_CPOL))));
..\STM32_Lib\STM32F10x_StdPeriph_Driver\src\stm32f10x_spi.c:                               ^
..\STM32_Lib\STM32F10x_StdPeriph_Driver\src\stm32f10x_spi.c(434): error:  #20: identifier "uint16_t" is undefined
..\STM32_Lib\STM32F10x_StdPeriph_Driver\src\stm32f10x_spi.c:       SPIx->CR1 |= CR1_SPE_Set;
..\STM32_Lib\STM32F10x_StdPeriph_Driver\src\stm32f10x_spi.c:                    ^
..\STM32_Lib\STM32F10x_StdPeriph_Driver\src\stm32f10x_spi.c(434): error:  #18: expected a ")"
..\STM32_Lib\STM32F10x_StdPeriph_Driver\src\stm32f10x_spi.c:       SPIx->CR1 |= CR1_SPE_Set;
..\STM32_Lib\STM32F10x_StdPeriph_Driver\src\stm32f10x_spi.c:                    ^
..\STM32_Lib\STM32F10x_StdPeriph_Driver\src\stm32f10x_spi.c(439): error:  #20: identifier "uint16_t" is undefined
..\STM32_Lib\STM32F10x_StdPeriph_Driver\src\stm32f10x_spi.c:       SPIx->CR1 &= CR1_SPE_Reset;
..\STM32_Lib\STM32F10x_StdPeriph_Driver\src\stm32f10x_spi.c:                    ^
..\STM32_Lib\STM32F10x_StdPeriph_Driver\src\stm32f10x_spi.c(439): error:  #18: expected a ")"
..\STM32_Lib\STM32F10x_StdPeriph_Driver\src\stm32f10x_spi.c:       SPIx->CR1 &= CR1_SPE_Reset;
..\STM32_Lib\STM32F10x_StdPeriph_Driver\src\stm32f10x_spi.c:                    ^
..\STM32_Lib\STM32F10x_StdPeriph_Driver\src\stm32f10x_spi.c(458): error:  #20: identifier "uint16_t" is undefined
..\STM32_Lib\STM32F10x_StdPeriph_Driver\src\stm32f10x_spi.c:       SPIx->I2SCFGR |= I2SCFGR_I2SE_Set;
..\STM32_Lib\STM32F10x_StdPeriph_Driver\src\stm32f10x_spi.c:                        ^
..\STM32_Lib\STM32F10x_StdPeriph_Driver\src\stm32f10x_spi.c(458): error:  #18: expected a ")"
..\STM32_Lib\STM32F10x_StdPeriph_Driver\src\stm32f10x_spi.c:       SPIx->I2SCFGR |= I2SCFGR_I2SE_Set;
..\STM32_Lib\STM32F10x_StdPeriph_Driver\src\stm32f10x_spi.c:                        ^
..\STM32_Lib\STM32F10x_StdPeriph_Driver\src\stm32f10x_spi.c(463): error:  #20: identifier "uint16_t" is undefined
..\STM32_Lib\STM32F10x_StdPeriph_Driver\src\stm32f10x_spi.c:       SPIx->I2SCFGR &= I2SCFGR_I2SE_Reset;
..\STM32_Lib\STM32F10x_StdPeriph_Driver\src\stm32f10x_spi.c:                        ^
..\STM32_Lib\STM32F10x_StdPeriph_Driver\src\stm32f10x_spi.c(463): error:  #18: expected a ")"
..\STM32_Lib\STM32F10x_StdPeriph_Driver\src\stm32f10x_spi.c:       SPIx->I2SCFGR &= I2SCFGR_I2SE_Reset;
..\STM32_Lib\STM32F10x_StdPeriph_Driver\src\stm32f10x_spi.c:                        ^
..\STM32_Lib\STM32F10x_StdPeriph_Driver\src\stm32f10x_spi.c(481): error:  #20: identifier "uint8_t" is undefined
..\STM32_Lib\STM32F10x_StdPeriph_Driver\src\stm32f10x_spi.c:   void SPI_I2S_ITConfig(SPI_TypeDef* SPIx, uint8_t SPI_I2S_IT, FunctionalState NewState)
..\STM32_Lib\STM32F10x_StdPeriph_Driver\src\stm32f10x_spi.c:                                            ^
..\STM32_Lib\STM32F10x_StdPeriph_Driver\src\stm32f10x_spi.c(483): error:  #20: identifier "uint16_t" is undefined
..\STM32_Lib\STM32F10x_StdPeriph_Driver\src\stm32f10x_spi.c:     uint16_t itpos = 0, itmask = 0 ;
..\STM32_Lib\STM32F10x_StdPeriph_Driver\src\stm32f10x_spi.c:     ^
..\STM32_Lib\STM32F10x_StdPeriph_Driver\src\stm32f10x_spi.c(493): error:  #20: identifier "uint16_t" is undefined
..\STM32_Lib\STM32F10x_StdPeriph_Driver\src\stm32f10x_spi.c:     itmask = (uint16_t)1 << (uint16_t)itpos;
..\STM32_Lib\STM32F10x_StdPeriph_Driver\src\stm32f10x_spi.c:               ^
..\STM32_Lib\STM32F10x_StdPeriph_Driver\src\stm32f10x_spi.c: ..\STM32_Lib\STM32F10x_StdPeriph_Driver\src\stm32f10x_spi.c: 1 warning, 30 errors
compiling stm32f10x_tim.c...
..\STM32_Lib\STM32F10x_StdPeriph_Driver\src\stm32f10x_tim.c(76): error:  #20: identifier "uint16_t" is undefined
..\STM32_Lib\STM32F10x_StdPeriph_Driver\src\stm32f10x_tim.c:   static void TI1_Config(TIM_TypeDef* TIMx, uint16_t TIM_ICPolarity, uint16_t TIM_ICSelection,
..\STM32_Lib\STM32F10x_StdPeriph_Driver\src\stm32f10x_tim.c:                                             ^
..\STM32_Lib\STM32F10x_StdPeriph_Driver\src\stm32f10x_tim.c(76): error:  #20: identifier "uint16_t" is undefined
..\STM32_Lib\STM32F10x_StdPeriph_Driver\src\stm32f10x_tim.c:   static void TI1_Config(TIM_TypeDef* TIMx, uint16_t TIM_ICPolarity, uint16_t TIM_ICSelection,
..\STM32_Lib\STM32F10x_StdPeriph_Driver\src\stm32f10x_tim.c:                                                                      ^
..\STM32_Lib\STM32F10x_StdPeriph_Driver\src\stm32f10x_tim.c(77): error:  #20: identifier "uint16_t" is undefined
..\STM32_Lib\STM32F10x_StdPeriph_Driver\src\stm32f10x_tim.c:                          uint16_t TIM_ICFilter);
..\STM32_Lib\STM32F10x_StdPeriph_Driver\src\stm32f10x_tim.c:                          ^
..\STM32_Lib\STM32F10x_StdPeriph_Driver\src\stm32f10x_tim.c(78): error:  #20: identifier "uint16_t" is undefined
..\STM32_Lib\STM32F10x_StdPeriph_Driver\src\stm32f10x_tim.c:   static void TI2_Config(TIM_TypeDef* TIMx, uint16_t TIM_ICPolarity, uint16_t TIM_ICSelection,
..\STM32_Lib\STM32F10x_StdPeriph_Driver\src\stm32f10x_tim.c:                                             ^
..\STM32_Lib\STM32F10x_StdPeriph_Driver\src\stm32f10x_tim.c(78): error:  #20: identifier "uint16_t" is undefined
..\STM32_Lib\STM32F10x_StdPeriph_Driver\src\stm32f10x_tim.c:   static void TI2_Config(TIM_TypeDef* TIMx, uint16_t TIM_ICPolarity, uint16_t TIM_ICSelection,
..\STM32_Lib\STM32F10x_StdPeriph_Driver\src\stm32f10x_tim.c:                                                                      ^
..\STM32_Lib\STM32F10x_StdPeriph_Driver\src\stm32f10x_tim.c(79): error:  #20: identifier "uint16_t" is undefined
..\STM32_Lib\STM32F10x_StdPeriph_Driver\src\stm32f10x_tim.c:                          uint16_t TIM_ICFilter);
..\STM32_Lib\STM32F10x_StdPeriph_Driver\src\stm32f10x_tim.c:                          ^
..\STM32_Lib\STM32F10x_StdPeriph_Driver\src\stm32f10x_tim.c(80): error:  #20: identifier "uint16_t" is undefined
..\STM32_Lib\STM32F10x_StdPeriph_Driver\src\stm32f10x_tim.c:   static void TI3_Config(TIM_TypeDef* TIMx, uint16_t TIM_ICPolarity, uint16_t TIM_ICSelection,
..\STM32_Lib\STM32F10x_StdPeriph_Driver\src\stm32f10x_tim.c:                                             ^
..\STM32_Lib\STM32F10x_StdPeriph_Driver\src\stm32f10x_tim.c(80): error:  #20: identifier "uint16_t" is undefined
..\STM32_Lib\STM32F10x_StdPeriph_Driver\src\stm32f10x_tim.c:   static void TI3_Config(TIM_TypeDef* TIMx, uint16_t TIM_ICPolarity, uint16_t TIM_ICSelection,
..\STM32_Lib\STM32F10x_StdPeriph_Driver\src\stm32f10x_tim.c:                                                                      ^
..\STM32_Lib\STM32F10x_StdPeriph_Driver\src\stm32f10x_tim.c(81): error:  #20: identifier "uint16_t" is undefined
..\STM32_Lib\STM32F10x_StdPeriph_Driver\src\stm32f10x_tim.c:                          uint16_t TIM_ICFilter);
..\STM32_Lib\STM32F10x_StdPeriph_Driver\src\stm32f10x_tim.c:                          ^
..\STM32_Lib\STM32F10x_StdPeriph_Driver\src\stm32f10x_tim.c(82): error:  #20: identifier "uint16_t" is undefined
..\STM32_Lib\STM32F10x_StdPeriph_Driver\src\stm32f10x_tim.c:   static void TI4_Config(TIM_TypeDef* TIMx, uint16_t TIM_ICPolarity, uint16_t TIM_ICSelection,
..\STM32_Lib\STM32F10x_StdPeriph_Driver\src\stm32f10x_tim.c:                                             ^
..\STM32_Lib\STM32F10x_StdPeriph_Driver\src\stm32f10x_tim.c(82): error:  #20: identifier "uint16_t" is undefined
..\STM32_Lib\STM32F10x_StdPeriph_Driver\src\stm32f10x_tim.c:   static void TI4_Config(TIM_TypeDef* TIMx, uint16_t TIM_ICPolarity, uint16_t TIM_ICSelection,
..\STM32_Lib\STM32F10x_StdPeriph_Driver\src\stm32f10x_tim.c:                                                                      ^
..\STM32_Lib\STM32F10x_StdPeriph_Driver\src\stm32f10x_tim.c(83): error:  #20: identifier "uint16_t" is undefined
..\STM32_Lib\STM32F10x_StdPeriph_Driver\src\stm32f10x_tim.c:                          uint16_t TIM_ICFilter);
..\STM32_Lib\STM32F10x_StdPeriph_Driver\src\stm32f10x_tim.c:                          ^
..\STM32_Lib\STM32F10x_StdPeriph_Driver\src\stm32f10x_tim.c(166): error:  #20: identifier "TIM9" is undefined
..\STM32_Lib\STM32F10x_StdPeriph_Driver\src\stm32f10x_tim.c:     else if (TIMx == TIM9)
..\STM32_Lib\STM32F10x_StdPeriph_Driver\src\stm32f10x_tim.c:                      ^
..\STM32_Lib\STM32F10x_StdPeriph_Driver\src\stm32f10x_tim.c(168): error:  #20: identifier "RCC_APB2Periph_TIM9" is undefined
..\STM32_Lib\STM32F10x_StdPeriph_Driver\src\stm32f10x_tim.c:       RCC_APB2PeriphResetCmd(RCC_APB2Periph_TIM9, ENABLE);
..\STM32_Lib\STM32F10x_StdPeriph_Driver\src\stm32f10x_tim.c:                              ^
..\STM32_Lib\STM32F10x_StdPeriph_Driver\src\stm32f10x_tim.c(171): error:  #20: identifier "TIM10" is undefined
..\STM32_Lib\STM32F10x_StdPeriph_Driver\src\stm32f10x_tim.c:     else if (TIMx == TIM10)
..\STM32_Lib\STM32F10x_StdPeriph_Driver\src\stm32f10x_tim.c:                      ^
..\STM32_Lib\STM32F10x_StdPeriph_Driver\src\stm32f10x_tim.c(173): error:  #20: identifier "RCC_APB2Periph_TIM10" is undefined
..\STM32_Lib\STM32F10x_StdPeriph_Driver\src\stm32f10x_tim.c:       RCC_APB2PeriphResetCmd(RCC_APB2Periph_TIM10, ENABLE);
..\STM32_Lib\STM32F10x_StdPeriph_Driver\src\stm32f10x_tim.c:                              ^
..\STM32_Lib\STM32F10x_StdPeriph_Driver\src\stm32f10x_tim.c(176): error:  #20: identifier "TIM11" is undefined
..\STM32_Lib\STM32F10x_StdPeriph_Driver\src\stm32f10x_tim.c:     else if (TIMx == TIM11) 
..\STM32_Lib\STM32F10x_StdPeriph_Driver\src\stm32f10x_tim.c:                      ^
..\STM32_Lib\STM32F10x_StdPeriph_Driver\src\stm32f10x_tim.c(178): error:  #20: identifier "RCC_APB2Periph_TIM11" is undefined
..\STM32_Lib\STM32F10x_StdPeriph_Driver\src\stm32f10x_tim.c:       RCC_APB2PeriphResetCmd(RCC_APB2Periph_TIM11, ENABLE);
..\STM32_Lib\STM32F10x_StdPeriph_Driver\src\stm32f10x_tim.c:                              ^
..\STM32_Lib\STM32F10x_StdPeriph_Driver\src\stm32f10x_tim.c(181): error:  #20: identifier "TIM12" is undefined
..\STM32_Lib\STM32F10x_StdPeriph_Driver\src\stm32f10x_tim.c:     else if (TIMx == TIM12)
..\STM32_Lib\STM32F10x_StdPeriph_Driver\src\stm32f10x_tim.c:                      ^
..\STM32_Lib\STM32F10x_StdPeriph_Driver\src\stm32f10x_tim.c(183): error:  #20: identifier "RCC_APB1Periph_TIM12" is undefined
..\STM32_Lib\STM32F10x_StdPeriph_Driver\src\stm32f10x_tim.c:       RCC_APB1PeriphResetCmd(RCC_APB1Periph_TIM12, ENABLE);
..\STM32_Lib\STM32F10x_StdPeriph_Driver\src\stm32f10x_tim.c:                              ^
..\STM32_Lib\STM32F10x_StdPeriph_Driver\src\stm32f10x_tim.c(186): error:  #20: identifier "TIM13" is undefined
..\STM32_Lib\STM32F10x_StdPeriph_Driver\src\stm32f10x_tim.c:     else if (TIMx == TIM13) 
..\STM32_Lib\STM32F10x_StdPeriph_Driver\src\stm32f10x_tim.c:                      ^
..\STM32_Lib\STM32F10x_StdPeriph_Driver\src\stm32f10x_tim.c(188): error:  #20: identifier "RCC_APB1Periph_TIM13" is undefined
..\STM32_Lib\STM32F10x_StdPeriph_Driver\src\stm32f10x_tim.c:       RCC_APB1PeriphResetCmd(RCC_APB1Periph_TIM13, ENABLE);
..\STM32_Lib\STM32F10x_StdPeriph_Driver\src\stm32f10x_tim.c:                              ^
..\STM32_Lib\STM32F10x_StdPeriph_Driver\src\stm32f10x_tim.c(191): error:  #20: identifier "TIM14" is undefined
..\STM32_Lib\STM32F10x_StdPeriph_Driver\src\stm32f10x_tim.c:     else if (TIMx == TIM14) 
..\STM32_Lib\STM32F10x_StdPeriph_Driver\src\stm32f10x_tim.c:                      ^
..\STM32_Lib\STM32F10x_StdPeriph_Driver\src\stm32f10x_tim.c(193): error:  #20: identifier "RCC_APB1Periph_TIM14" is undefined
..\STM32_Lib\STM32F10x_StdPeriph_Driver\src\stm32f10x_tim.c:       RCC_APB1PeriphResetCmd(RCC_APB1Periph_TIM14, ENABLE);
..\STM32_Lib\STM32F10x_StdPeriph_Driver\src\stm32f10x_tim.c:                              ^
..\STM32_Lib\STM32F10x_StdPeriph_Driver\src\stm32f10x_tim.c(196): error:  #20: identifier "TIM15" is undefined
..\STM32_Lib\STM32F10x_StdPeriph_Driver\src\stm32f10x_tim.c:     else if (TIMx == TIM15)
..\STM32_Lib\STM32F10x_StdPeriph_Driver\src\stm32f10x_tim.c:                      ^
..\STM32_Lib\STM32F10x_StdPeriph_Driver\src\stm32f10x_tim.c(198): error:  #20: identifier "RCC_APB2Periph_TIM15" is undefined
..\STM32_Lib\STM32F10x_StdPeriph_Driver\src\stm32f10x_tim.c:       RCC_APB2PeriphResetCmd(RCC_APB2Periph_TIM15, ENABLE);
..\STM32_Lib\STM32F10x_StdPeriph_Driver\src\stm32f10x_tim.c:                              ^
..\STM32_Lib\STM32F10x_StdPeriph_Driver\src\stm32f10x_tim.c(201): error:  #20: identifier "TIM16" is undefined
..\STM32_Lib\STM32F10x_StdPeriph_Driver\src\stm32f10x_tim.c:     else if (TIMx == TIM16)
..\STM32_Lib\STM32F10x_StdPeriph_Driver\src\stm32f10x_tim.c:                      ^
..\STM32_Lib\STM32F10x_StdPeriph_Driver\src\stm32f10x_tim.c(203): error:  #20: identifier "RCC_APB2Periph_TIM16" is undefined
..\STM32_Lib\STM32F10x_StdPeriph_Driver\src\stm32f10x_tim.c:       RCC_APB2PeriphResetCmd(RCC_APB2Periph_TIM16, ENABLE);
..\STM32_Lib\STM32F10x_StdPeriph_Driver\src\stm32f10x_tim.c:                              ^
..\STM32_Lib\STM32F10x_StdPeriph_Driver\src\stm32f10x_tim.c(208): error:  #20: identifier "TIM17" is undefined
..\STM32_Lib\STM32F10x_StdPeriph_Driver\src\stm32f10x_tim.c:       if (TIMx == TIM17)
..\STM32_Lib\STM32F10x_StdPeriph_Driver\src\stm32f10x_tim.c:                   ^
..\STM32_Lib\STM32F10x_StdPeriph_Driver\src\stm32f10x_tim.c(210): error:  #20: identifier "RCC_APB2Periph_TIM17" is undefined
..\STM32_Lib\STM32F10x_StdPeriph_Driver\src\stm32f10x_tim.c:         RCC_APB2PeriphResetCmd(RCC_APB2Periph_TIM17, ENABLE);
..\STM32_Lib\STM32F10x_StdPeriph_Driver\src\stm32f10x_tim.c:                                ^
..\STM32_Lib\STM32F10x_StdPeriph_Driver\src\stm32f10x_tim.c: ..\STM32_Lib\STM32F10x_StdPeriph_Driver\src\stm32f10x_tim.c: 0 warnings, 30 errors
compiling stm32f10x_usart.c...
..\STM32_Lib\STM32F10x_StdPeriph_Driver\src\stm32f10x_usart.c(175): error:  #20: identifier "uint32_t" is undefined
..\STM32_Lib\STM32F10x_StdPeriph_Driver\src\stm32f10x_usart.c:     uint32_t tmpreg = 0x00, apbclock = 0x00;
..\STM32_Lib\STM32F10x_StdPeriph_Driver\src\stm32f10x_usart.c:     ^
..\STM32_Lib\STM32F10x_StdPeriph_Driver\src\stm32f10x_usart.c(176): error:  #20: identifier "uint32_t" is undefined
..\STM32_Lib\STM32F10x_StdPeriph_Driver\src\stm32f10x_usart.c:     uint32_t integerdivider = 0x00;
..\STM32_Lib\STM32F10x_StdPeriph_Driver\src\stm32f10x_usart.c:     ^
..\STM32_Lib\STM32F10x_StdPeriph_Driver\src\stm32f10x_usart.c(177): error:  #20: identifier "uint32_t" is undefined
..\STM32_Lib\STM32F10x_StdPeriph_Driver\src\stm32f10x_usart.c:     uint32_t fractionaldivider = 0x00;
..\STM32_Lib\STM32F10x_StdPeriph_Driver\src\stm32f10x_usart.c:     ^
..\STM32_Lib\STM32F10x_StdPeriph_Driver\src\stm32f10x_usart.c(178): error:  #20: identifier "uint32_t" is undefined
..\STM32_Lib\STM32F10x_StdPeriph_Driver\src\stm32f10x_usart.c:     uint32_t usartxbase = 0;
..\STM32_Lib\STM32F10x_StdPeriph_Driver\src\stm32f10x_usart.c:     ^
..\STM32_Lib\STM32F10x_StdPeriph_Driver\src\stm32f10x_usart.c(194): error:  #20: identifier "uint32_t" is undefined
..\STM32_Lib\STM32F10x_StdPeriph_Driver\src\stm32f10x_usart.c:     usartxbase = (uint32_t)USARTx;
..\STM32_Lib\STM32F10x_StdPeriph_Driver\src\stm32f10x_usart.c:                   ^
..\STM32_Lib\STM32F10x_StdPeriph_Driver\src\stm32f10x_usart.c(194): error:  #65: expected a ";"
..\STM32_Lib\STM32F10x_StdPeriph_Driver\src\stm32f10x_usart.c:     usartxbase = (uint32_t)USARTx;
..\STM32_Lib\STM32F10x_StdPeriph_Driver\src\stm32f10x_usart.c:                            ^
..\STM32_Lib\STM32F10x_StdPeriph_Driver\src\stm32f10x_usart.c(199): error:  #20: identifier "uint16_t" is undefined
..\STM32_Lib\STM32F10x_StdPeriph_Driver\src\stm32f10x_usart.c:     tmpreg &= CR2_STOP_CLEAR_Mask;
..\STM32_Lib\STM32F10x_StdPeriph_Driver\src\stm32f10x_usart.c:               ^
..\STM32_Lib\STM32F10x_StdPeriph_Driver\src\stm32f10x_usart.c(199): error:  #18: expected a ")"
..\STM32_Lib\STM32F10x_StdPeriph_Driver\src\stm32f10x_usart.c:     tmpreg &= CR2_STOP_CLEAR_Mask;
..\STM32_Lib\STM32F10x_StdPeriph_Driver\src\stm32f10x_usart.c:               ^
..\STM32_Lib\STM32F10x_StdPeriph_Driver\src\stm32f10x_usart.c(202): error:  #65: expected a ";"
..\STM32_Lib\STM32F10x_StdPeriph_Driver\src\stm32f10x_usart.c:     tmpreg |= (uint32_t)USART_InitStruct->USART_StopBits;
..\STM32_Lib\STM32F10x_StdPeriph_Driver\src\stm32f10x_usart.c:                         ^
..\STM32_Lib\STM32F10x_StdPeriph_Driver\src\stm32f10x_usart.c(205): error:  #65: expected a ";"
..\STM32_Lib\STM32F10x_StdPeriph_Driver\src\stm32f10x_usart.c:     USARTx->CR2 = (uint16_t)tmpreg;
..\STM32_Lib\STM32F10x_StdPeriph_Driver\src\stm32f10x_usart.c:                             ^
..\STM32_Lib\STM32F10x_StdPeriph_Driver\src\stm32f10x_usart.c(210): error:  #18: expected a ")"
..\STM32_Lib\STM32F10x_StdPeriph_Driver\src\stm32f10x_usart.c:     tmpreg &= CR1_CLEAR_Mask;
..\STM32_Lib\STM32F10x_StdPeriph_Driver\src\stm32f10x_usart.c:               ^
..\STM32_Lib\STM32F10x_StdPeriph_Driver\src\stm32f10x_usart.c(215): error:  #65: expected a ";"
..\STM32_Lib\STM32F10x_StdPeriph_Driver\src\stm32f10x_usart.c:     tmpreg |= (uint32_t)USART_InitStruct->USART_WordLength | USART_InitStruct->USART_Parity |
..\STM32_Lib\STM32F10x_StdPeriph_Driver\src\stm32f10x_usart.c:                         ^
..\STM32_Lib\STM32F10x_StdPeriph_Driver\src\stm32f10x_usart.c(218): error:  #65: expected a ";"
..\STM32_Lib\STM32F10x_StdPeriph_Driver\src\stm32f10x_usart.c:     USARTx->CR1 = (uint16_t)tmpreg;
..\STM32_Lib\STM32F10x_StdPeriph_Driver\src\stm32f10x_usart.c:                             ^
..\STM32_Lib\STM32F10x_StdPeriph_Driver\src\stm32f10x_usart.c(223): error:  #18: expected a ")"
..\STM32_Lib\STM32F10x_StdPeriph_Driver\src\stm32f10x_usart.c:     tmpreg &= CR3_CLEAR_Mask;
..\STM32_Lib\STM32F10x_StdPeriph_Driver\src\stm32f10x_usart.c:               ^
..\STM32_Lib\STM32F10x_StdPeriph_Driver\src\stm32f10x_usart.c(228): error:  #65: expected a ";"
..\STM32_Lib\STM32F10x_StdPeriph_Driver\src\stm32f10x_usart.c:     USARTx->CR3 = (uint16_t)tmpreg;
..\STM32_Lib\STM32F10x_StdPeriph_Driver\src\stm32f10x_usart.c:                             ^
..\STM32_Lib\STM32F10x_StdPeriph_Driver\src\stm32f10x_usart.c(261): error:  #20: identifier "uint8_t" is undefined
..\STM32_Lib\STM32F10x_StdPeriph_Driver\src\stm32f10x_usart.c:       tmpreg |= ((((fractionaldivider * 8) + 50) / 100)) & ((uint8_t)0x07);
..\STM32_Lib\STM32F10x_StdPeriph_Driver\src\stm32f10x_usart.c:                                                              ^
..\STM32_Lib\STM32F10x_StdPeriph_Driver\src\stm32f10x_usart.c(261): error:  #18: expected a ")"
..\STM32_Lib\STM32F10x_StdPeriph_Driver\src\stm32f10x_usart.c:       tmpreg |= ((((fractionaldivider * 8) + 50) / 100)) & ((uint8_t)0x07);
..\STM32_Lib\STM32F10x_StdPeriph_Driver\src\stm32f10x_usart.c:                                                                      ^
..\STM32_Lib\STM32F10x_StdPeriph_Driver\src\stm32f10x_usart.c(265): error:  #20: identifier "uint8_t" is undefined
..\STM32_Lib\STM32F10x_StdPeriph_Driver\src\stm32f10x_usart.c:       tmpreg |= ((((fractionaldivider * 16) + 50) / 100)) & ((uint8_t)0x0F);
..\STM32_Lib\STM32F10x_StdPeriph_Driver\src\stm32f10x_usart.c:                                                               ^
..\STM32_Lib\STM32F10x_StdPeriph_Driver\src\stm32f10x_usart.c(265): error:  #18: expected a ")"
..\STM32_Lib\STM32F10x_StdPeriph_Driver\src\stm32f10x_usart.c:       tmpreg |= ((((fractionaldivider * 16) + 50) / 100)) & ((uint8_t)0x0F);
..\STM32_Lib\STM32F10x_StdPeriph_Driver\src\stm32f10x_usart.c:                                                                       ^
..\STM32_Lib\STM32F10x_StdPeriph_Driver\src\stm32f10x_usart.c(269): error:  #65: expected a ";"
..\STM32_Lib\STM32F10x_StdPeriph_Driver\src\stm32f10x_usart.c:     USARTx->BRR = (uint16_t)tmpreg;
..\STM32_Lib\STM32F10x_StdPeriph_Driver\src\stm32f10x_usart.c:                             ^
..\STM32_Lib\STM32F10x_StdPeriph_Driver\src\stm32f10x_usart.c(301): error:  #20: identifier "uint32_t" is undefined
..\STM32_Lib\STM32F10x_StdPeriph_Driver\src\stm32f10x_usart.c:     uint32_t tmpreg = 0x00;
..\STM32_Lib\STM32F10x_StdPeriph_Driver\src\stm32f10x_usart.c:     ^
..\STM32_Lib\STM32F10x_StdPeriph_Driver\src\stm32f10x_usart.c(312): error:  #20: identifier "uint16_t" is undefined
..\STM32_Lib\STM32F10x_StdPeriph_Driver\src\stm32f10x_usart.c:     tmpreg &= CR2_CLOCK_CLEAR_Mask;
..\STM32_Lib\STM32F10x_StdPeriph_Driver\src\stm32f10x_usart.c:               ^
..\STM32_Lib\STM32F10x_StdPeriph_Driver\src\stm32f10x_usart.c(312): error:  #18: expected a ")"
..\STM32_Lib\STM32F10x_StdPeriph_Driver\src\stm32f10x_usart.c:     tmpreg &= CR2_CLOCK_CLEAR_Mask;
..\STM32_Lib\STM32F10x_StdPeriph_Driver\src\stm32f10x_usart.c:               ^
..\STM32_Lib\STM32F10x_StdPeriph_Driver\src\stm32f10x_usart.c(318): error:  #20: identifier "uint32_t" is undefined
..\STM32_Lib\STM32F10x_StdPeriph_Driver\src\stm32f10x_usart.c:     tmpreg |= (uint32_t)USART_ClockInitStruct->USART_Clock | USART_ClockInitStruct->USART_CPOL | 
..\STM32_Lib\STM32F10x_StdPeriph_Driver\src\stm32f10x_usart.c:                ^
..\STM32_Lib\STM32F10x_StdPeriph_Driver\src\stm32f10x_usart.c(318): error:  #65: expected a ";"
..\STM32_Lib\STM32F10x_StdPeriph_Driver\src\stm32f10x_usart.c:     tmpreg |= (uint32_t)USART_ClockInitStruct->USART_Clock | USART_ClockInitStruct->USART_CPOL | 
..\STM32_Lib\STM32F10x_StdPeriph_Driver\src\stm32f10x_usart.c:                         ^
..\STM32_Lib\STM32F10x_StdPeriph_Driver\src\stm32f10x_usart.c(321): error:  #65: expected a ";"
..\STM32_Lib\STM32F10x_StdPeriph_Driver\src\stm32f10x_usart.c:     USARTx->CR2 = (uint16_t)tmpreg;
..\STM32_Lib\STM32F10x_StdPeriph_Driver\src\stm32f10x_usart.c:                             ^
..\STM32_Lib\STM32F10x_StdPeriph_Driver\src\stm32f10x_usart.c(357): error:  #20: identifier "uint16_t" is undefined
..\STM32_Lib\STM32F10x_StdPeriph_Driver\src\stm32f10x_usart.c:       USARTx->CR1 |= CR1_UE_Set;
..\STM32_Lib\STM32F10x_StdPeriph_Driver\src\stm32f10x_usart.c:                      ^
..\STM32_Lib\STM32F10x_StdPeriph_Driver\src\stm32f10x_usart.c(357): error:  #18: expected a ")"
..\STM32_Lib\STM32F10x_StdPeriph_Driver\src\stm32f10x_usart.c:       USARTx->CR1 |= CR1_UE_Set;
..\STM32_Lib\STM32F10x_StdPeriph_Driver\src\stm32f10x_usart.c:                      ^
..\STM32_Lib\STM32F10x_StdPeriph_Driver\src\stm32f10x_usart.c(362): error:  #20: identifier "uint16_t" is undefined
..\STM32_Lib\STM32F10x_StdPeriph_Driver\src\stm32f10x_usart.c:       USARTx->CR1 &= CR1_UE_Reset;
..\STM32_Lib\STM32F10x_StdPeriph_Driver\src\stm32f10x_usart.c:                      ^
..\STM32_Lib\STM32F10x_StdPeriph_Driver\src\stm32f10x_usart.c(362): error:  #18: expected a ")"
..\STM32_Lib\STM32F10x_StdPeriph_Driver\src\stm32f10x_usart.c:       USARTx->CR1 &= CR1_UE_Reset;
..\STM32_Lib\STM32F10x_StdPeriph_Driver\src\stm32f10x_usart.c:                      ^
..\STM32_Lib\STM32F10x_StdPeriph_Driver\src\stm32f10x_usart.c: ..\STM32_Lib\STM32F10x_StdPeriph_Driver\src\stm32f10x_usart.c: 0 warnings, 30 errors
compiling core_cm3.c...
compiling system_stm32f10x.c...
assembling startup_stm32f10x_hd.s...
Target not created
Build target 'Target 1'
compiling main.c...
..\User\main.c(2): warning:  #951-D: return type of function "main" must be "int"
..\User\main.c:   void main(void)
..\User\main.c:        ^
..\User\main.c(5): warning:  #1-D: last line of file ends without a newline
..\User\main.c:   }
..\User\main.c:    ^
..\User\main.c: ..\User\main.c: 2 warnings, 0 errors
compiling Memory.c...
..\Basis_Lib\Memory.c(25): warning:  #111-D: statement is unreachable
..\Basis_Lib\Memory.c:           return 0;
..\Basis_Lib\Memory.c:           ^
..\Basis_Lib\Memory.c: ..\Basis_Lib\Memory.c: 1 warning, 0 errors
compiling Queue.c...
..\Basis_Lib\Queue.c(46): warning:  #223-D: function "free" declared implicitly
..\Basis_Lib\Queue.c:       free(Obj->Data);
..\Basis_Lib\Queue.c:       ^
..\Basis_Lib\Queue.c(62): warning:  #177-D: variable "result" was declared but never referenced
..\Basis_Lib\Queue.c:       bool result;
..\Basis_Lib\Queue.c:            ^
..\Basis_Lib\Queue.c(114): warning:  #223-D: function "memcpy" declared implicitly
..\Basis_Lib\Queue.c:           memcpy(data, &Obj->Data[Obj->Start], Obj->Count);
..\Basis_Lib\Queue.c:           ^
..\Basis_Lib\Queue.c(177): warning:  #940-D: missing return statement at end of non-void function "FQueueReplace"
..\Basis_Lib\Queue.c:   }
..\Basis_Lib\Queue.c:   ^
..\Basis_Lib\Queue.c(191): warning:  #940-D: missing return statement at end of non-void function "LQueueInit"
..\Basis_Lib\Queue.c:   }
..\Basis_Lib\Queue.c:   ^
..\Basis_Lib\Queue.c(197): warning:  #940-D: missing return statement at end of non-void function "LQueueInsert"
..\Basis_Lib\Queue.c:   }
..\Basis_Lib\Queue.c:   ^
..\Basis_Lib\Queue.c(205): warning:  #940-D: missing return statement at end of non-void function "LQueueReplace"
..\Basis_Lib\Queue.c:   }
..\Basis_Lib\Queue.c:   ^
..\Basis_Lib\Queue.c: ..\Basis_Lib\Queue.c: 7 warnings, 0 errors
compiling CAN1.c...
..\STM32_Driver\TypeDef.h(6): error:  #256: invalid redeclaration of type name "bool" (declared at line 454 of "..\STM32_Lib\CMSIS\CM3\DeviceSupport\ST\STM32F10x\stm32f10x.h")
..\STM32_Driver\TypeDef.h:   typedef    unsigned        char    bool;
..\STM32_Driver\TypeDef.h:                                      ^
..\STM32_Driver\TypeDef.h: ..\STM32_Driver\CAN1.c: 0 warnings, 1 error
compiling CAN2.c...
compiling Flash.c...
..\STM32_Driver\TypeDef.h(6): error:  #256: invalid redeclaration of type name "bool" (declared at line 454 of "..\STM32_Lib\CMSIS\CM3\DeviceSupport\ST\STM32F10x\stm32f10x.h")
..\STM32_Driver\TypeDef.h:   typedef    unsigned        char    bool;
..\STM32_Driver\TypeDef.h:                                      ^
..\STM32_Driver\Flash.c(12): error:  #20: identifier "FLASH_Status" is undefined
..\STM32_Driver\Flash.c:        volatile FLASH_Status FLASHStatus;      
..\STM32_Driver\Flash.c:                 ^
..\STM32_Driver\Flash.c: KB: Unexpected type: 0
error type>(19): warning:  #223-D: function "FLASH_Unlock" declared implicitly
error type>:    FLASH_Unlock();          //
error type>:    ^
..\STM32_Driver\Flash.c(21): warning:  #223-D: function "FLASH_ClearFlag" declared implicitly
..\STM32_Driver\Flash.c:        FLASH_ClearFlag(FLASH_FLAG_BSY | FLASH_FLAG_EOP | FLASH_FLAG_PGERR | FLASH_FLAG_WRPRTERR);
..\STM32_Driver\Flash.c:        ^
..\STM32_Driver\Flash.c(21): error:  #20: identifier "FLASH_FLAG_BSY" is undefined
..\STM32_Driver\Flash.c:        FLASH_ClearFlag(FLASH_FLAG_BSY | FLASH_FLAG_EOP | FLASH_FLAG_PGERR | FLASH_FLAG_WRPRTERR);
..\STM32_Driver\Flash.c:                        ^
..\STM32_Driver\Flash.c(21): error:  #20: identifier "FLASH_FLAG_EOP" is undefined
..\STM32_Driver\Flash.c:        FLASH_ClearFlag(FLASH_FLAG_BSY | FLASH_FLAG_EOP | FLASH_FLAG_PGERR | FLASH_FLAG_WRPRTERR);
..\STM32_Driver\Flash.c:                                         ^
..\STM32_Driver\Flash.c(21): error:  #20: identifier "FLASH_FLAG_PGERR" is undefined
..\STM32_Driver\Flash.c:        FLASH_ClearFlag(FLASH_FLAG_BSY | FLASH_FLAG_EOP | FLASH_FLAG_PGERR | FLASH_FLAG_WRPRTERR);
..\STM32_Driver\Flash.c:                                                          ^
..\STM32_Driver\Flash.c(21): error:  #20: identifier "FLASH_FLAG_WRPRTERR" is undefined
..\STM32_Driver\Flash.c:        FLASH_ClearFlag(FLASH_FLAG_BSY | FLASH_FLAG_EOP | FLASH_FLAG_PGERR | FLASH_FLAG_WRPRTERR);
..\STM32_Driver\Flash.c:                                                                             ^
..\STM32_Driver\Flash.c(22): error:  #20: identifier "FLASH_COMPLETE" is undefined
..\STM32_Driver\Flash.c:        FLASHStatus=FLASH_COMPLETE;
..\STM32_Driver\Flash.c:                    ^
..\STM32_Driver\Flash.c(25): warning:  #223-D: function "FLASH_ErasePage" declared implicitly
..\STM32_Driver\Flash.c:                FLASHStatus=FLASH_ErasePage(StartAddr+(PageSize*EraseCounter)); 
..\STM32_Driver\Flash.c:                            ^
..\STM32_Driver\Flash.c(30): warning:  #223-D: function "FLASH_ProgramWord" declared implicitly
..\STM32_Driver\Flash.c:        {       FLASHStatus=FLASH_ProgramWord(Address,p_data[i++]);
..\STM32_Driver\Flash.c:                            ^
..\STM32_Driver\Flash.c: ..\STM32_Driver\Flash.c: 4 warnings, 7 errors
compiling I2C1.c...
compiling ISRHandler.c...
..\STM32_Lib\CMSIS\CM3\DeviceSupport\ST\STM32F10x\stm32f10x.h(454): error:  #40: expected an identifier
..\STM32_Lib\CMSIS\CM3\DeviceSupport\ST\STM32F10x\stm32f10x.h:   typedef enum {FALSE = 0, TRUE = !FALSE} bool;
..\STM32_Lib\CMSIS\CM3\DeviceSupport\ST\STM32F10x\stm32f10x.h:                 ^
..\STM32_Lib\CMSIS\CM3\DeviceSupport\ST\STM32F10x\stm32f10x.h(454): error:  #40: expected an identifier
..\STM32_Lib\CMSIS\CM3\DeviceSupport\ST\STM32F10x\stm32f10x.h:   typedef enum {FALSE = 0, TRUE = !FALSE} bool;
..\STM32_Lib\CMSIS\CM3\DeviceSupport\ST\STM32F10x\stm32f10x.h:                            ^
..\STM32_Lib\CMSIS\CM3\DeviceSupport\ST\STM32F10x\stm32f10x.h(454): error:  #256: invalid redeclaration of type name "bool" (declared at line 6 of "..\STM32_Driver\TypeDef.h")
..\STM32_Lib\CMSIS\CM3\DeviceSupport\ST\STM32F10x\stm32f10x.h:   typedef enum {FALSE = 0, TRUE = !FALSE} bool;
..\STM32_Lib\CMSIS\CM3\DeviceSupport\ST\STM32F10x\stm32f10x.h:                                           ^
..\STM32_Driver\ISRHandler.c(10): warning:  #223-D: function "NVIC_PriorityGroupConfig" declared implicitly
..\STM32_Driver\ISRHandler.c:       NVIC_PriorityGroupConfig(NVIC_PriorityGroup_3);
..\STM32_Driver\ISRHandler.c:       ^
..\STM32_Driver\ISRHandler.c(10): error:  #20: identifier "NVIC_PriorityGroup_3" is undefined
..\STM32_Driver\ISRHandler.c:       NVIC_PriorityGroupConfig(NVIC_PriorityGroup_3);
..\STM32_Driver\ISRHandler.c:                                ^
..\STM32_Driver\ISRHandler.c: ..\STM32_Driver\ISRHandler.c: 1 warning, 4 errors
compiling LED1.c...
..\STM32_Driver\LED1.c(5): error:  #20: identifier "GPIO_InitTypeDef" is undefined
..\STM32_Driver\LED1.c:       GPIO_InitTypeDef GPIO_InitStructure;
..\STM32_Driver\LED1.c:       ^
..\STM32_Driver\LED1.c(7): warning:  #223-D: function "RCC_APB2PeriphClockCmd" declared implicitly
..\STM32_Driver\LED1.c:       RCC_APB2PeriphClockCmd(LED1_RCC_APB2Periph, ENABLE);
..\STM32_Driver\LED1.c:       ^
..\STM32_Driver\LED1.c(7): error:  #20: identifier "RCC_APB2Periph_GPIOB" is undefined
..\STM32_Driver\LED1.c:       RCC_APB2PeriphClockCmd(LED1_RCC_APB2Periph, ENABLE);
..\STM32_Driver\LED1.c:                              ^
..\STM32_Driver\LED1.c(8): error:  #20: identifier "GPIO_Mode_Out_PP" is undefined
..\STM32_Driver\LED1.c:       GPIO_InitStructure.GPIO_Mode = GPIO_Mode_Out_PP;
..\STM32_Driver\LED1.c:                                      ^
..\STM32_Driver\LED1.c(9): error:  #20: identifier "GPIO_Speed_50MHz" is undefined
..\STM32_Driver\LED1.c:       GPIO_InitStructure.GPIO_Speed = GPIO_Speed_50MHz;
..\STM32_Driver\LED1.c:                                       ^
..\STM32_Driver\LED1.c(10): error:  #20: identifier "GPIO_Pin_3" is undefined
..\STM32_Driver\LED1.c:       GPIO_InitStructure.GPIO_Pin = LED1_Pin;
..\STM32_Driver\LED1.c:                                     ^
..\STM32_Driver\LED1.c(11): warning:  #223-D: function "GPIO_Init" declared implicitly
..\STM32_Driver\LED1.c:       GPIO_Init(LED1_Port, &GPIO_InitStructure);
..\STM32_Driver\LED1.c:       ^
..\STM32_Driver\LED1.c(16): warning:  #223-D: function "GPIO_ResetBits" declared implicitly
..\STM32_Driver\LED1.c:       GPIO_ResetBits(LED1_Port, LED1_Pin);
..\STM32_Driver\LED1.c:       ^
..\STM32_Driver\LED1.c(16): error:  #20: identifier "GPIO_Pin_3" is undefined
..\STM32_Driver\LED1.c:       GPIO_ResetBits(LED1_Port, LED1_Pin);
..\STM32_Driver\LED1.c:                                 ^
..\STM32_Driver\LED1.c(21): warning:  #223-D: function "GPIO_SetBits" declared implicitly
..\STM32_Driver\LED1.c:       GPIO_SetBits(LED1_Port, LED1_Pin);
..\STM32_Driver\LED1.c:       ^
..\STM32_Driver\LED1.c(21): error:  #20: identifier "GPIO_Pin_3" is undefined
..\STM32_Driver\LED1.c:       GPIO_SetBits(LED1_Port, LED1_Pin);
..\STM32_Driver\LED1.c:                               ^
..\STM32_Driver\LED1.c(27): warning:  #223-D: function "GPIO_ReadOutputDataBit" declared implicitly
..\STM32_Driver\LED1.c:       LED_State = GPIO_ReadOutputDataBit(LED1_Port, LED1_Pin);
..\STM32_Driver\LED1.c:                   ^
..\STM32_Driver\LED1.c(27): error:  #20: identifier "GPIO_Pin_3" is undefined
..\STM32_Driver\LED1.c:       LED_State = GPIO_ReadOutputDataBit(LED1_Port, LED1_Pin);
..\STM32_Driver\LED1.c:                                                     ^
..\STM32_Driver\LED1.c(30): warning:  #223-D: function "GPIO_ResetBits" declared implicitly
..\STM32_Driver\LED1.c:           GPIO_ResetBits(LED1_Port, LED1_Pin);
..\STM32_Driver\LED1.c:           ^
..\STM32_Driver\LED1.c(34): warning:  #223-D: function "GPIO_SetBits" declared implicitly
..\STM32_Driver\LED1.c:           GPIO_SetBits(LED1_Port, LED1_Pin);
..\STM32_Driver\LED1.c:           ^
..\STM32_Driver\LED1.c: ..\STM32_Driver\LED1.c: 7 warnings, 8 errors
compiling LED2.c...
..\STM32_Driver\LED2.c(5): error:  #20: identifier "GPIO_InitTypeDef" is undefined
..\STM32_Driver\LED2.c:       GPIO_InitTypeDef GPIO_InitStructure;
..\STM32_Driver\LED2.c:       ^
..\STM32_Driver\LED2.c(7): warning:  #223-D: function "RCC_APB2PeriphClockCmd" declared implicitly
..\STM32_Driver\LED2.c:       RCC_APB2PeriphClockCmd(LED2_RCC_APB2Periph, ENABLE);
..\STM32_Driver\LED2.c:       ^
..\STM32_Driver\LED2.c(7): error:  #20: identifier "RCC_APB2Periph_GPIOB" is undefined
..\STM32_Driver\LED2.c:       RCC_APB2PeriphClockCmd(LED2_RCC_APB2Periph, ENABLE);
..\STM32_Driver\LED2.c:                              ^
..\STM32_Driver\LED2.c(8): error:  #20: identifier "GPIO_Mode_Out_PP" is undefined
..\STM32_Driver\LED2.c:       GPIO_InitStructure.GPIO_Mode = GPIO_Mode_Out_PP;
..\STM32_Driver\LED2.c:                                      ^
..\STM32_Driver\LED2.c(9): error:  #20: identifier "GPIO_Speed_50MHz" is undefined
..\STM32_Driver\LED2.c:       GPIO_InitStructure.GPIO_Speed = GPIO_Speed_50MHz;
..\STM32_Driver\LED2.c:                                       ^
..\STM32_Driver\LED2.c(10): error:  #20: identifier "GPIO_Pin_4" is undefined
..\STM32_Driver\LED2.c:       GPIO_InitStructure.GPIO_Pin = LED2_Pin;
..\STM32_Driver\LED2.c:                                     ^
..\STM32_Driver\LED2.c(11): warning:  #223-D: function "GPIO_Init" declared implicitly
..\STM32_Driver\LED2.c:       GPIO_Init(LED2_Port, &GPIO_InitStructure);
..\STM32_Driver\LED2.c:       ^
..\STM32_Driver\LED2.c(16): warning:  #223-D: function "GPIO_ResetBits" declared implicitly
..\STM32_Driver\LED2.c:       GPIO_ResetBits(LED2_Port, LED2_Pin);
..\STM32_Driver\LED2.c:       ^
..\STM32_Driver\LED2.c(16): error:  #20: identifier "GPIO_Pin_4" is undefined
..\STM32_Driver\LED2.c:       GPIO_ResetBits(LED2_Port, LED2_Pin);
..\STM32_Driver\LED2.c:                                 ^
..\STM32_Driver\LED2.c(21): warning:  #223-D: function "GPIO_SetBits" declared implicitly
..\STM32_Driver\LED2.c:       GPIO_SetBits(LED2_Port, LED2_Pin);
..\STM32_Driver\LED2.c:       ^
..\STM32_Driver\LED2.c(21): error:  #20: identifier "GPIO_Pin_4" is undefined
..\STM32_Driver\LED2.c:       GPIO_SetBits(LED2_Port, LED2_Pin);
..\STM32_Driver\LED2.c:                               ^
..\STM32_Driver\LED2.c(27): warning:  #223-D: function "GPIO_ReadOutputDataBit" declared implicitly
..\STM32_Driver\LED2.c:       LED_State = GPIO_ReadOutputDataBit(LED2_Port, LED2_Pin);
..\STM32_Driver\LED2.c:                   ^
..\STM32_Driver\LED2.c(27): error:  #20: identifier "GPIO_Pin_4" is undefined
..\STM32_Driver\LED2.c:       LED_State = GPIO_ReadOutputDataBit(LED2_Port, LED2_Pin);
..\STM32_Driver\LED2.c:                                                     ^
..\STM32_Driver\LED2.c(30): warning:  #223-D: function "GPIO_ResetBits" declared implicitly
..\STM32_Driver\LED2.c:           GPIO_ResetBits(LED2_Port, LED2_Pin);
..\STM32_Driver\LED2.c:           ^
..\STM32_Driver\LED2.c(34): warning:  #223-D: function "GPIO_SetBits" declared implicitly
..\STM32_Driver\LED2.c:           GPIO_SetBits(LED2_Port, LED2_Pin);
..\STM32_Driver\LED2.c:           ^
..\STM32_Driver\LED2.c: ..\STM32_Driver\LED2.c: 7 warnings, 8 errors
compiling LED3.c...
..\STM32_Driver\LED3.c(5): error:  #20: identifier "GPIO_InitTypeDef" is undefined
..\STM32_Driver\LED3.c:       GPIO_InitTypeDef GPIO_InitStructure;
..\STM32_Driver\LED3.c:       ^
..\STM32_Driver\LED3.c(7): warning:  #223-D: function "RCC_APB2PeriphClockCmd" declared implicitly
..\STM32_Driver\LED3.c:       RCC_APB2PeriphClockCmd(LED3_RCC_APB2Periph, ENABLE);
..\STM32_Driver\LED3.c:       ^
..\STM32_Driver\LED3.c(7): error:  #20: identifier "RCC_APB2Periph_GPIOB" is undefined
..\STM32_Driver\LED3.c:       RCC_APB2PeriphClockCmd(LED3_RCC_APB2Periph, ENABLE);
..\STM32_Driver\LED3.c:                              ^
..\STM32_Driver\LED3.c(8): error:  #20: identifier "GPIO_Mode_Out_PP" is undefined
..\STM32_Driver\LED3.c:       GPIO_InitStructure.GPIO_Mode = GPIO_Mode_Out_PP;
..\STM32_Driver\LED3.c:                                      ^
..\STM32_Driver\LED3.c(9): error:  #20: identifier "GPIO_Speed_50MHz" is undefined
..\STM32_Driver\LED3.c:       GPIO_InitStructure.GPIO_Speed = GPIO_Speed_50MHz;
..\STM32_Driver\LED3.c:                                       ^
..\STM32_Driver\LED3.c(10): error:  #20: identifier "GPIO_Pin_5" is undefined
..\STM32_Driver\LED3.c:       GPIO_InitStructure.GPIO_Pin = LED3_Pin;
..\STM32_Driver\LED3.c:                                     ^
..\STM32_Driver\LED3.c(11): warning:  #223-D: function "GPIO_Init" declared implicitly
..\STM32_Driver\LED3.c:       GPIO_Init(LED3_Port, &GPIO_InitStructure);
..\STM32_Driver\LED3.c:       ^
..\STM32_Driver\LED3.c(16): warning:  #223-D: function "GPIO_ResetBits" declared implicitly
..\STM32_Driver\LED3.c:       GPIO_ResetBits(LED3_Port, LED3_Pin);
..\STM32_Driver\LED3.c:       ^
..\STM32_Driver\LED3.c(16): error:  #20: identifier "GPIO_Pin_5" is undefined
..\STM32_Driver\LED3.c:       GPIO_ResetBits(LED3_Port, LED3_Pin);
..\STM32_Driver\LED3.c:                                 ^
..\STM32_Driver\LED3.c(21): warning:  #223-D: function "GPIO_SetBits" declared implicitly
..\STM32_Driver\LED3.c:       GPIO_SetBits(LED3_Port, LED3_Pin);
..\STM32_Driver\LED3.c:       ^
..\STM32_Driver\LED3.c(21): error:  #20: identifier "GPIO_Pin_5" is undefined
..\STM32_Driver\LED3.c:       GPIO_SetBits(LED3_Port, LED3_Pin);
..\STM32_Driver\LED3.c:                               ^
..\STM32_Driver\LED3.c(28): warning:  #223-D: function "GPIO_ReadOutputDataBit" declared implicitly
..\STM32_Driver\LED3.c:       LED_State = GPIO_ReadOutputDataBit(LED3_Port, LED3_Pin);
..\STM32_Driver\LED3.c:                   ^
..\STM32_Driver\LED3.c(28): error:  #20: identifier "GPIO_Pin_5" is undefined
..\STM32_Driver\LED3.c:       LED_State = GPIO_ReadOutputDataBit(LED3_Port, LED3_Pin);
..\STM32_Driver\LED3.c:                                                     ^
..\STM32_Driver\LED3.c(31): warning:  #223-D: function "GPIO_ResetBits" declared implicitly
..\STM32_Driver\LED3.c:           GPIO_ResetBits(LED3_Port, LED3_Pin);
..\STM32_Driver\LED3.c:           ^
..\STM32_Driver\LED3.c(35): warning:  #223-D: function "GPIO_SetBits" declared implicitly
..\STM32_Driver\LED3.c:           GPIO_SetBits(LED3_Port, LED3_Pin);
..\STM32_Driver\LED3.c:           ^
..\STM32_Driver\LED3.c: ..\STM32_Driver\LED3.c: 7 warnings, 8 errors
compiling SPI1.c...
..\STM32_Driver\TypeDef.h(6): error:  #256: invalid redeclaration of type name "bool" (declared at line 454 of "..\STM32_Lib\CMSIS\CM3\DeviceSupport\ST\STM32F10x\stm32f10x.h")
..\STM32_Driver\TypeDef.h:   typedef    unsigned        char    bool;
..\STM32_Driver\TypeDef.h:                                      ^
..\STM32_Driver\SPI1.c(5): error:  #20: identifier "GPIO_InitTypeDef" is undefined
..\STM32_Driver\SPI1.c:       GPIO_InitTypeDef GPIO_InitStructure;
..\STM32_Driver\SPI1.c:       ^
..\STM32_Driver\SPI1.c(6): error:  #20: identifier "SPI_InitTypeDef" is undefined
..\STM32_Driver\SPI1.c:       SPI_InitTypeDef SPI_InitStructure;
..\STM32_Driver\SPI1.c:       ^
..\STM32_Driver\SPI1.c(8): warning:  #223-D: function "RCC_APB2PeriphClockCmd" declared implicitly
..\STM32_Driver\SPI1.c:       RCC_APB2PeriphClockCmd(RCC_APB2Periph_SPI1 | SPI1_RCC_APB2Periph , ENABLE);
..\STM32_Driver\SPI1.c:       ^
..\STM32_Driver\SPI1.c(8): error:  #20: identifier "RCC_APB2Periph_SPI1" is undefined
..\STM32_Driver\SPI1.c:       RCC_APB2PeriphClockCmd(RCC_APB2Periph_SPI1 | SPI1_RCC_APB2Periph , ENABLE);
..\STM32_Driver\SPI1.c:                              ^
..\STM32_Driver\SPI1.c(8): error:  #20: identifier "RCC_APB2Periph_GPIOA" is undefined
..\STM32_Driver\SPI1.c:       RCC_APB2PeriphClockCmd(RCC_APB2Periph_SPI1 | SPI1_RCC_APB2Periph , ENABLE);
..\STM32_Driver\SPI1.c:                                                    ^
..\STM32_Driver\SPI1.c(12): error:  #20: identifier "RCC_APB2Periph_GPIOC" is undefined
..\STM32_Driver\SPI1.c:       RCC_APB2PeriphClockCmd(SPI1_CS1_RCC_APB2Periph | SPI1_CS2_RCC_APB2Periph | SPI1_CS3_RCC_APB2Periph
..\STM32_Driver\SPI1.c:                              ^
..\STM32_Driver\SPI1.c(15): error:  #20: identifier "GPIO_Mode_Out_PP" is undefined
..\STM32_Driver\SPI1.c:       GPIO_InitStructure.GPIO_Mode = GPIO_Mode_Out_PP;                   //CS1
..\STM32_Driver\SPI1.c:                                      ^
..\STM32_Driver\SPI1.c(16): error:  #20: identifier "GPIO_Speed_50MHz" is undefined
..\STM32_Driver\SPI1.c:       GPIO_InitStructure.GPIO_Speed = GPIO_Speed_50MHz;
..\STM32_Driver\SPI1.c:                                       ^
..\STM32_Driver\SPI1.c(17): error:  #20: identifier "GPIO_Pin_0" is undefined
..\STM32_Driver\SPI1.c:       GPIO_InitStructure.GPIO_Pin = SPI1_CS1_Pin;
..\STM32_Driver\SPI1.c:                                     ^
..\STM32_Driver\SPI1.c(18): warning:  #223-D: function "GPIO_Init" declared implicitly
..\STM32_Driver\SPI1.c:       GPIO_Init(SPI1_CS1_Port, &GPIO_InitStructure);
..\STM32_Driver\SPI1.c:       ^
..\STM32_Driver\SPI1.c(22): error:  #20: identifier "GPIO_Pin_1" is undefined
..\STM32_Driver\SPI1.c:       GPIO_InitStructure.GPIO_Pin = SPI1_CS2_Pin;
..\STM32_Driver\SPI1.c:                                     ^
..\STM32_Driver\SPI1.c(27): error:  #20: identifier "GPIO_Pin_2" is undefined
..\STM32_Driver\SPI1.c:       GPIO_InitStructure.GPIO_Pin = SPI1_CS3_Pin;
..\STM32_Driver\SPI1.c:                                     ^
..\STM32_Driver\SPI1.c(32): error:  #20: identifier "GPIO_Pin_3" is undefined
..\STM32_Driver\SPI1.c:       GPIO_InitStructure.GPIO_Pin = SPI1_CS4_Pin;
..\STM32_Driver\SPI1.c:                                     ^
..\STM32_Driver\SPI1.c(37): error:  #20: identifier "GPIO_Pin_4" is undefined
..\STM32_Driver\SPI1.c:       GPIO_InitStructure.GPIO_Pin = SPI1_CS5_Pin;
..\STM32_Driver\SPI1.c:                                     ^
..\STM32_Driver\SPI1.c(42): error:  #20: identifier "GPIO_Pin_5" is undefined
..\STM32_Driver\SPI1.c:       GPIO_InitStructure.GPIO_Pin = SPI1_CS6_Pin;
..\STM32_Driver\SPI1.c:                                     ^
..\STM32_Driver\SPI1.c(45): error:  #20: identifier "GPIO_Mode_AF_PP" is undefined
..\STM32_Driver\SPI1.c:       GPIO_InitStructure.GPIO_Mode = GPIO_Mode_AF_PP;
..\STM32_Driver\SPI1.c:                                      ^
..\STM32_Driver\SPI1.c(52): error:  #20: identifier "GPIO_Pin_7" is undefined
..\STM32_Driver\SPI1.c:       GPIO_InitStructure.GPIO_Pin = SPI1_MOSI_Pin;
..\STM32_Driver\SPI1.c:                                     ^
..\STM32_Driver\SPI1.c(55): error:  #20: identifier "GPIO_Mode_IN_FLOATING" is undefined
..\STM32_Driver\SPI1.c:       GPIO_InitStructure.GPIO_Mode = GPIO_Mode_IN_FLOATING;
..\STM32_Driver\SPI1.c:                                      ^
..\STM32_Driver\SPI1.c(56): error:  #20: identifier "GPIO_Pin_6" is undefined
..\STM32_Driver\SPI1.c:       GPIO_InitStructure.GPIO_Pin = SPI1_MISO_Pin;
..\STM32_Driver\SPI1.c:                                     ^
..\STM32_Driver\SPI1.c(59): error:  #20: identifier "SPI_Direction_2Lines_FullDuplex" is undefined
..\STM32_Driver\SPI1.c:       SPI_InitStructure.SPI_Direction = SPI_Direction_2Lines_FullDuplex;
..\STM32_Driver\SPI1.c:                                         ^
..\STM32_Driver\SPI1.c(60): error:  #20: identifier "SPI_Mode_Master" is undefined
..\STM32_Driver\SPI1.c:       SPI_InitStructure.SPI_Mode = SPI_Mode_Master;                                      //
..\STM32_Driver\SPI1.c:                                    ^
..\STM32_Driver\SPI1.c(61): error:  #20: identifier "SPI_DataSize_8b" is undefined
..\STM32_Driver\SPI1.c:       SPI_InitStructure.SPI_DataSize = SPI_DataSize_8b;
..\STM32_Driver\SPI1.c:                                        ^
..\STM32_Driver\SPI1.c(62): error:  #20: identifier "SPI_CPOL_Low" is undefined
..\STM32_Driver\SPI1.c:       SPI_InitStructure.SPI_CPOL = SPI_CPOL_Low;
..\STM32_Driver\SPI1.c:                                    ^
..\STM32_Driver\SPI1.c(63): error:  #20: identifier "SPI_CPHA_1Edge" is undefined
..\STM32_Driver\SPI1.c:       SPI_InitStructure.SPI_CPHA = SPI_CPHA_1Edge;
..\STM32_Driver\SPI1.c:                                    ^
..\STM32_Driver\SPI1.c(64): error:  #20: identifier "SPI_NSS_Soft" is undefined
..\STM32_Driver\SPI1.c:       SPI_InitStructure.SPI_NSS = SPI_NSS_Soft;
..\STM32_Driver\SPI1.c:                                   ^
..\STM32_Driver\SPI1.c(65): error:  #20: identifier "SPI_BaudRatePrescaler_8" is undefined
..\STM32_Driver\SPI1.c:       SPI_InitStructure.SPI_BaudRatePrescaler = SPI_BaudRatePrescaler_8;
..\STM32_Driver\SPI1.c:                                                 ^
..\STM32_Driver\SPI1.c(66): error:  #20: identifier "SPI_FirstBit_MSB" is undefined
..\STM32_Driver\SPI1.c:       SPI_InitStructure.SPI_FirstBit = SPI_FirstBit_MSB;
..\STM32_Driver\SPI1.c:                                        ^
..\STM32_Driver\SPI1.c(68): warning:  #223-D: function "SPI_Init" declared implicitly
..\STM32_Driver\SPI1.c:       SPI_Init(SPI1, &SPI_InitStructure);
..\STM32_Driver\SPI1.c:       ^
..\STM32_Driver\SPI1.c(70): warning:  #223-D: function "SPI_Cmd" declared implicitly
..\STM32_Driver\SPI1.c:       SPI_Cmd(SPI1, ENABLE);
..\STM32_Driver\SPI1.c:       ^
..\STM32_Driver\SPI1.c(91): warning:  #223-D: function "SPI_I2S_GetFlagStatus" declared implicitly
..\STM32_Driver\SPI1.c:       while(SPI_I2S_GetFlagStatus(SPI1, SPI_I2S_FLAG_TXE) == 0)  ; //等待发送数据寄存器空
..\STM32_Driver\SPI1.c:             ^
..\STM32_Driver\SPI1.c(91): error:  #20: identifier "SPI_I2S_FLAG_TXE" is undefined
..\STM32_Driver\SPI1.c:       while(SPI_I2S_GetFlagStatus(SPI1, SPI_I2S_FLAG_TXE) == 0)  ; //等待发送数据寄存器空
..\STM32_Driver\SPI1.c:                                         ^
..\STM32_Driver\SPI1.c(93): warning:  #223-D: function "SPI_I2S_SendData" declared implicitly
..\STM32_Driver\SPI1.c:       SPI_I2S_SendData(SPI1, TxData);
..\STM32_Driver\SPI1.c:       ^
..\STM32_Driver\SPI1.c(95): error:  #20: identifier "SPI_I2S_FLAG_RXNE" is undefined
..\STM32_Driver\SPI1.c:       while(SPI_I2S_GetFlagStatus(SPI1, SPI_I2S_FLAG_RXNE) == 0)         ;
..\STM32_Driver\SPI1.c:                                         ^
..\STM32_Driver\SPI1.c(97): warning:  #223-D: function "SPI_I2S_ReceiveData" declared implicitly
..\STM32_Driver\SPI1.c:       return SPI_I2S_ReceiveData(SPI1);
..\STM32_Driver\SPI1.c:              ^
..\STM32_Driver\SPI1.c(88): warning:  #550-D: variable "retry" was set but never used
..\STM32_Driver\SPI1.c:       U16 retry = 0;
..\STM32_Driver\SPI1.c:           ^
..\STM32_Driver\SPI1.c(107): warning:  #223-D: function "GPIO_ResetBits" declared implicitly
..\STM32_Driver\SPI1.c:               GPIO_ResetBits(SPI1_CS1_Port, SPI1_CS1_Pin);
..\STM32_Driver\SPI1.c:               ^
..\STM32_Driver\SPI1.c(107): error:  #20: identifier "GPIO_Pin_0" is undefined
..\STM32_Driver\SPI1.c:               GPIO_ResetBits(SPI1_CS1_Port, SPI1_CS1_Pin);
..\STM32_Driver\SPI1.c:                                             ^
..\STM32_Driver\SPI1.c(111): warning:  #223-D: function "GPIO_SetBits" declared implicitly
..\STM32_Driver\SPI1.c:               GPIO_SetBits(SPI1_CS1_Port, SPI1_CS1_Pin);
..\STM32_Driver\SPI1.c:               ^
..\STM32_Driver\SPI1.c(111): error:  #20: identifier "GPIO_Pin_0" is undefined
..\STM32_Driver\SPI1.c:               GPIO_SetBits(SPI1_CS1_Port, SPI1_CS1_Pin);
..\STM32_Driver\SPI1.c:                                           ^
..\STM32_Driver\SPI1.c: ..\STM32_Driver\SPI1.c: 10 warnings, 30 errors
compiling stm32f10x_it.c...
..\STM32_Driver\TypeDef.h(6): error:  #256: invalid redeclaration of type name "bool" (declared at line 454 of "..\STM32_Lib\CMSIS\CM3\DeviceSupport\ST\STM32F10x\stm32f10x.h")
..\STM32_Driver\TypeDef.h:   typedef    unsigned        char    bool;
..\STM32_Driver\TypeDef.h:                                      ^
..\STM32_Driver\stm32f10x_it.c(28): error:  #5: cannot open source input file "Devices.h": No such file or directory
..\STM32_Driver\stm32f10x_it.c:   #include "Devices.h"
..\STM32_Driver\stm32f10x_it.c:                       ^
..\STM32_Driver\stm32f10x_it.c: ..\STM32_Driver\stm32f10x_it.c: 0 warnings, 2 errors
compiling SysTick.c...
compiling TIM2.c...
..\STM32_Driver\TypeDef.h(6): error:  #256: invalid redeclaration of type name "bool" (declared at line 454 of "..\STM32_Lib\CMSIS\CM3\DeviceSupport\ST\STM32F10x\stm32f10x.h")
..\STM32_Driver\TypeDef.h:   typedef    unsigned        char    bool;
..\STM32_Driver\TypeDef.h:                                      ^
..\STM32_Driver\TIM2.c(2): error:  #5: cannot open source input file "STM32F10X_Periph.h": No such file or directory
..\STM32_Driver\TIM2.c:   #include "STM32F10X_Periph.h"
..\STM32_Driver\TIM2.c:                                ^
..\STM32_Driver\TIM2.c: ..\STM32_Driver\TIM2.c: 0 warnings, 2 errors
compiling TIM3.c...
..\STM32_Driver\TypeDef.h(6): error:  #256: invalid redeclaration of type name "bool" (declared at line 454 of "..\STM32_Lib\CMSIS\CM3\DeviceSupport\ST\STM32F10x\stm32f10x.h")
..\STM32_Driver\TypeDef.h:   typedef    unsigned        char    bool;
..\STM32_Driver\TypeDef.h:                                      ^
..\STM32_Driver\TIM3.c(2): error:  #5: cannot open source input file "STM32F10X_Periph.h": No such file or directory
..\STM32_Driver\TIM3.c:   #include "STM32F10X_Periph.h"
..\STM32_Driver\TIM3.c:                                ^
..\STM32_Driver\TIM3.c: ..\STM32_Driver\TIM3.c: 0 warnings, 2 errors
compiling TIM4.c...
..\STM32_Driver\TypeDef.h(6): error:  #256: invalid redeclaration of type name "bool" (declared at line 454 of "..\STM32_Lib\CMSIS\CM3\DeviceSupport\ST\STM32F10x\stm32f10x.h")
..\STM32_Driver\TypeDef.h:   typedef    unsigned        char    bool;
..\STM32_Driver\TypeDef.h:                                      ^
..\STM32_Driver\TIM4.c(2): error:  #5: cannot open source input file "STM32F10X_Periph.h": No such file or directory
..\STM32_Driver\TIM4.c:   #include "STM32F10X_Periph.h"
..\STM32_Driver\TIM4.c:                                ^
..\STM32_Driver\TIM4.c: ..\STM32_Driver\TIM4.c: 0 warnings, 2 errors
compiling UART1.c...
..\STM32_Driver\TypeDef.h(6): error:  #256: invalid redeclaration of type name "bool" (declared at line 454 of "..\STM32_Lib\CMSIS\CM3\DeviceSupport\ST\STM32F10x\stm32f10x.h")
..\STM32_Driver\TypeDef.h:   typedef    unsigned        char    bool;
..\STM32_Driver\TypeDef.h:                                      ^
..\STM32_Driver\UART1.c(19): error:  #20: identifier "GPIO_InitTypeDef" is undefined
..\STM32_Driver\UART1.c:       GPIO_InitTypeDef GPIO_InitStructure;
..\STM32_Driver\UART1.c:       ^
..\STM32_Driver\UART1.c(20): error:  #20: identifier "USART_InitTypeDef" is undefined
..\STM32_Driver\UART1.c:       USART_InitTypeDef USART_InitStructure;
..\STM32_Driver\UART1.c:       ^
..\STM32_Driver\UART1.c(21): error:  #20: identifier "NVIC_InitTypeDef" is undefined
..\STM32_Driver\UART1.c:       NVIC_InitTypeDef NVIC_InitStructure;
..\STM32_Driver\UART1.c:       ^
..\STM32_Driver\UART1.c(22): error:  #20: identifier "USART_ClockInitTypeDef" is undefined
..\STM32_Driver\UART1.c:       USART_ClockInitTypeDef USART_ClockInitStruct;
..\STM32_Driver\UART1.c:       ^
..\STM32_Driver\UART1.c(24): warning:  #223-D: function "RCC_APB2PeriphClockCmd" declared implicitly
..\STM32_Driver\UART1.c:       RCC_APB2PeriphClockCmd(RCC_APB2Periph_USART1, ENABLE);
..\STM32_Driver\UART1.c:       ^
..\STM32_Driver\UART1.c(24): error:  #20: identifier "RCC_APB2Periph_USART1" is undefined
..\STM32_Driver\UART1.c:       RCC_APB2PeriphClockCmd(RCC_APB2Periph_USART1, ENABLE);
..\STM32_Driver\UART1.c:                              ^
..\STM32_Driver\UART1.c(25): error:  #20: identifier "RCC_APB2Periph_GPIOA" is undefined
..\STM32_Driver\UART1.c:       RCC_APB2PeriphClockCmd(UART1_RCC_APB2Periph, ENABLE);    //使能GPIO
..\STM32_Driver\UART1.c:                              ^
..\STM32_Driver\UART1.c(27): error:  #20: identifier "GPIO_Pin_9" is undefined
..\STM32_Driver\UART1.c:       GPIO_InitStructure.GPIO_Pin = UART1_Tx_Pin;
..\STM32_Driver\UART1.c:                                     ^
..\STM32_Driver\UART1.c(28): error:  #20: identifier "GPIO_Speed_50MHz" is undefined
..\STM32_Driver\UART1.c:       GPIO_InitStructure.GPIO_Speed = GPIO_Speed_50MHz;
..\STM32_Driver\UART1.c:                                       ^
..\STM32_Driver\UART1.c(29): error:  #20: identifier "GPIO_Mode_AF_PP" is undefined
..\STM32_Driver\UART1.c:       GPIO_InitStructure.GPIO_Mode = GPIO_Mode_AF_PP;
..\STM32_Driver\UART1.c:                                      ^
..\STM32_Driver\UART1.c(30): warning:  #223-D: function "GPIO_Init" declared implicitly
..\STM32_Driver\UART1.c:       GPIO_Init(UART1_Port, &GPIO_InitStructure);
..\STM32_Driver\UART1.c:       ^
..\STM32_Driver\UART1.c(31): error:  #20: identifier "GPIO_Pin_10" is undefined
..\STM32_Driver\UART1.c:       GPIO_InitStructure.GPIO_Pin = UART1_Rx_Pin;
..\STM32_Driver\UART1.c:                                     ^
..\STM32_Driver\UART1.c(32): error:  #20: identifier "GPIO_Mode_IPU" is undefined
..\STM32_Driver\UART1.c:       GPIO_InitStructure.GPIO_Mode = GPIO_Mode_IPU;
..\STM32_Driver\UART1.c:                                      ^
..\STM32_Driver\UART1.c(36): error:  #20: identifier "USART_WordLength_8b" is undefined
..\STM32_Driver\UART1.c:       USART_InitStructure.USART_WordLength = USART_WordLength_8b;
..\STM32_Driver\UART1.c:                                              ^
..\STM32_Driver\UART1.c(37): error:  #20: identifier "USART_StopBits_1" is undefined
..\STM32_Driver\UART1.c:       USART_InitStructure.USART_StopBits = USART_StopBits_1;
..\STM32_Driver\UART1.c:                                            ^
..\STM32_Driver\UART1.c(38): error:  #20: identifier "USART_Parity_No" is undefined
..\STM32_Driver\UART1.c:       USART_InitStructure.USART_Parity = USART_Parity_No;
..\STM32_Driver\UART1.c:                                          ^
..\STM32_Driver\UART1.c(39): error:  #20: identifier "USART_HardwareFlowControl_None" is undefined
..\STM32_Driver\UART1.c:       USART_InitStructure.USART_HardwareFlowControl = USART_HardwareFlowControl_None;
..\STM32_Driver\UART1.c:                                                       ^
..\STM32_Driver\UART1.c(40): error:  #20: identifier "USART_Mode_Rx" is undefined
..\STM32_Driver\UART1.c:       USART_InitStructure.USART_Mode = USART_Mode_Rx | USART_Mode_Tx;
..\STM32_Driver\UART1.c:                                        ^
..\STM32_Driver\UART1.c(40): error:  #20: identifier "USART_Mode_Tx" is undefined
..\STM32_Driver\UART1.c:       USART_InitStructure.USART_Mode = USART_Mode_Rx | USART_Mode_Tx;
..\STM32_Driver\UART1.c:                                                        ^
..\STM32_Driver\UART1.c(41): warning:  #223-D: function "USART_Init" declared implicitly
..\STM32_Driver\UART1.c:       USART_Init(USART1, &USART_InitStructure);
..\STM32_Driver\UART1.c:       ^
..\STM32_Driver\UART1.c(43): warning:  #223-D: function "USART_ClockStructInit" declared implicitly
..\STM32_Driver\UART1.c:       USART_ClockStructInit(&USART_ClockInitStruct);    //之前没有填入缺省值，是不行的
..\STM32_Driver\UART1.c:       ^
..\STM32_Driver\UART1.c(44): warning:  #223-D: function "USART_ClockInit" declared implicitly
..\STM32_Driver\UART1.c:       USART_ClockInit(USART1, &USART_ClockInitStruct);
..\STM32_Driver\UART1.c:       ^
..\STM32_Driver\UART1.c(47): warning:  #223-D: function "NVIC_PriorityGroupConfig" declared implicitly
..\STM32_Driver\UART1.c:       NVIC_PriorityGroupConfig(Devices_PriorityGroup);
..\STM32_Driver\UART1.c:       ^
..\STM32_Driver\UART1.c(47): error:  #20: identifier "NVIC_PriorityGroup_3" is undefined
..\STM32_Driver\UART1.c:       NVIC_PriorityGroupConfig(Devices_PriorityGroup);
..\STM32_Driver\UART1.c:                                ^
..\STM32_Driver\UART1.c(52): warning:  #223-D: function "NVIC_Init" declared implicitly
..\STM32_Driver\UART1.c:       NVIC_Init(&NVIC_InitStructure);
..\STM32_Driver\UART1.c:       ^
..\STM32_Driver\UART1.c(54): warning:  #223-D: function "USART_ITConfig" declared implicitly
..\STM32_Driver\UART1.c:       USART_ITConfig(USART1, USART_IT_RXNE, ENABLE);                            //使能中断
..\STM32_Driver\UART1.c:       ^
..\STM32_Driver\UART1.c(54): error:  #20: identifier "USART_IT_RXNE" is undefined
..\STM32_Driver\UART1.c:       USART_ITConfig(USART1, USART_IT_RXNE, ENABLE);                            //使能中断
..\STM32_Driver\UART1.c:                              ^
..\STM32_Driver\UART1.c(56): warning:  #223-D: function "USART_Cmd" declared implicitly
..\STM32_Driver\UART1.c:       USART_Cmd(USART1, ENABLE);
..\STM32_Driver\UART1.c:       ^
..\STM32_Driver\UART1.c(64): error:  #20: identifier "USART_InitTypeDef" is undefined
..\STM32_Driver\UART1.c:       USART_InitTypeDef USART_InitStructure;
..\STM32_Driver\UART1.c:       ^
..\STM32_Driver\UART1.c(66): error:  #20: identifier "USART_WordLength_8b" is undefined
..\STM32_Driver\UART1.c:       USART_InitStructure.USART_WordLength = USART_WordLength_8b;
..\STM32_Driver\UART1.c:                                              ^
..\STM32_Driver\UART1.c(67): error:  #20: identifier "USART_StopBits_1" is undefined
..\STM32_Driver\UART1.c:       USART_InitStructure.USART_StopBits = USART_StopBits_1;
..\STM32_Driver\UART1.c:                                            ^
..\STM32_Driver\UART1.c(68): error:  #20: identifier "USART_Parity_No" is undefined
..\STM32_Driver\UART1.c:       USART_InitStructure.USART_Parity = USART_Parity_No;
..\STM32_Driver\UART1.c:                                          ^
..\STM32_Driver\UART1.c(69): error:  #20: identifier "USART_HardwareFlowControl_None" is undefined
..\STM32_Driver\UART1.c:       USART_InitStructure.USART_HardwareFlowControl = USART_HardwareFlowControl_None;
..\STM32_Driver\UART1.c:                                                       ^
..\STM32_Driver\UART1.c(70): error:  #20: identifier "USART_Mode_Rx" is undefined
..\STM32_Driver\UART1.c:       USART_InitStructure.USART_Mode = USART_Mode_Rx | USART_Mode_Tx;
..\STM32_Driver\UART1.c:                                        ^
..\STM32_Driver\UART1.c(70): error:  #20: identifier "USART_Mode_Tx" is undefined
..\STM32_Driver\UART1.c:       USART_InitStructure.USART_Mode = USART_Mode_Rx | USART_Mode_Tx;
..\STM32_Driver\UART1.c:                                                        ^
..\STM32_Driver\UART1.c(71): warning:  #223-D: function "USART_Init" declared implicitly
..\STM32_Driver\UART1.c:       USART_Init(USART1, &USART_InitStructure);
..\STM32_Driver\UART1.c:       ^
..\STM32_Driver\UART1.c(77): warning:  #223-D: function "USART_GetFlagStatus" declared implicitly
..\STM32_Driver\UART1.c:       if( USART_GetFlagStatus(USART1, USART_FLAG_TXE) == SET)
..\STM32_Driver\UART1.c:           ^
..\STM32_Driver\UART1.c(77): error:  #20: identifier "USART_FLAG_TXE" is undefined
..\STM32_Driver\UART1.c:       if( USART_GetFlagStatus(USART1, USART_FLAG_TXE) == SET)
..\STM32_Driver\UART1.c:                                       ^
..\STM32_Driver\UART1.c(80): warning:  #223-D: function "USART_SendData" declared implicitly
..\STM32_Driver\UART1.c:           USART_SendData(USART1, data);
..\STM32_Driver\UART1.c:           ^
..\STM32_Driver\UART1.c(81): warning:  #223-D: function "USART_ITConfig" declared implicitly
..\STM32_Driver\UART1.c:           USART_ITConfig(USART1, USART_IT_TXE, ENABLE);                            //使能中断
..\STM32_Driver\UART1.c:           ^
..\STM32_Driver\UART1.c(81): error:  #20: identifier "USART_IT_TXE" is undefined
..\STM32_Driver\UART1.c:           USART_ITConfig(USART1, USART_IT_TXE, ENABLE);                            //使能中断
..\STM32_Driver\UART1.c:                                  ^
..\STM32_Driver\UART1.c: ..\STM32_Driver\UART1.c: 13 warnings, 29 errors
compiling UART2.c...
..\STM32_Driver\TypeDef.h(6): error:  #256: invalid redeclaration of type name "bool" (declared at line 454 of "..\STM32_Lib\CMSIS\CM3\DeviceSupport\ST\STM32F10x\stm32f10x.h")
..\STM32_Driver\TypeDef.h:   typedef    unsigned        char    bool;
..\STM32_Driver\TypeDef.h:                                      ^
..\STM32_Driver\UART2.c(19): error:  #20: identifier "GPIO_InitTypeDef" is undefined
..\STM32_Driver\UART2.c:       GPIO_InitTypeDef GPIO_InitStructure;
..\STM32_Driver\UART2.c:       ^
..\STM32_Driver\UART2.c(20): error:  #20: identifier "USART_InitTypeDef" is undefined
..\STM32_Driver\UART2.c:       USART_InitTypeDef USART_InitStructure;
..\STM32_Driver\UART2.c:       ^
..\STM32_Driver\UART2.c(21): error:  #20: identifier "NVIC_InitTypeDef" is undefined
..\STM32_Driver\UART2.c:       NVIC_InitTypeDef NVIC_InitStructure;
..\STM32_Driver\UART2.c:       ^
..\STM32_Driver\UART2.c(22): error:  #20: identifier "USART_ClockInitTypeDef" is undefined
..\STM32_Driver\UART2.c:       USART_ClockInitTypeDef USART_ClockInitStruct;
..\STM32_Driver\UART2.c:       ^
..\STM32_Driver\UART2.c(24): warning:  #223-D: function "RCC_APB1PeriphClockCmd" declared implicitly
..\STM32_Driver\UART2.c:       RCC_APB1PeriphClockCmd(RCC_APB1Periph_USART2, ENABLE);
..\STM32_Driver\UART2.c:       ^
..\STM32_Driver\UART2.c(24): error:  #20: identifier "RCC_APB1Periph_USART2" is undefined
..\STM32_Driver\UART2.c:       RCC_APB1PeriphClockCmd(RCC_APB1Periph_USART2, ENABLE);
..\STM32_Driver\UART2.c:                              ^
..\STM32_Driver\UART2.c(25): warning:  #223-D: function "RCC_APB2PeriphClockCmd" declared implicitly
..\STM32_Driver\UART2.c:       RCC_APB2PeriphClockCmd(UART2_RCC_APB2Periph, ENABLE);
..\STM32_Driver\UART2.c:       ^
..\STM32_Driver\UART2.c(25): error:  #20: identifier "RCC_APB2Periph_GPIOA" is undefined
..\STM32_Driver\UART2.c:       RCC_APB2PeriphClockCmd(UART2_RCC_APB2Periph, ENABLE);
..\STM32_Driver\UART2.c:                              ^
..\STM32_Driver\UART2.c(27): error:  #20: identifier "GPIO_Pin_2" is undefined
..\STM32_Driver\UART2.c:       GPIO_InitStructure.GPIO_Pin = UART2_Tx_Pin;
..\STM32_Driver\UART2.c:                                     ^
..\STM32_Driver\UART2.c(28): error:  #20: identifier "GPIO_Speed_50MHz" is undefined
..\STM32_Driver\UART2.c:       GPIO_InitStructure.GPIO_Speed = GPIO_Speed_50MHz;
..\STM32_Driver\UART2.c:                                       ^
..\STM32_Driver\UART2.c(29): error:  #20: identifier "GPIO_Mode_AF_PP" is undefined
..\STM32_Driver\UART2.c:       GPIO_InitStructure.GPIO_Mode = GPIO_Mode_AF_PP;
..\STM32_Driver\UART2.c:                                      ^
..\STM32_Driver\UART2.c(30): warning:  #223-D: function "GPIO_Init" declared implicitly
..\STM32_Driver\UART2.c:       GPIO_Init(UART2_Port, &GPIO_InitStructure);
..\STM32_Driver\UART2.c:       ^
..\STM32_Driver\UART2.c(32): error:  #20: identifier "GPIO_Pin_3" is undefined
..\STM32_Driver\UART2.c:       GPIO_InitStructure.GPIO_Pin = UART2_Rx_Pin;
..\STM32_Driver\UART2.c:                                     ^
..\STM32_Driver\UART2.c(33): error:  #20: identifier "GPIO_Mode_IPU" is undefined
..\STM32_Driver\UART2.c:       GPIO_InitStructure.GPIO_Mode = GPIO_Mode_IPU;
..\STM32_Driver\UART2.c:                                      ^
..\STM32_Driver\UART2.c(37): error:  #20: identifier "USART_WordLength_8b" is undefined
..\STM32_Driver\UART2.c:       USART_InitStructure.USART_WordLength = USART_WordLength_8b;
..\STM32_Driver\UART2.c:                                              ^
..\STM32_Driver\UART2.c(38): error:  #20: identifier "USART_StopBits_1" is undefined
..\STM32_Driver\UART2.c:       USART_InitStructure.USART_StopBits = USART_StopBits_1;
..\STM32_Driver\UART2.c:                                            ^
..\STM32_Driver\UART2.c(39): error:  #20: identifier "USART_Parity_No" is undefined
..\STM32_Driver\UART2.c:       USART_InitStructure.USART_Parity = USART_Parity_No;
..\STM32_Driver\UART2.c:                                          ^
..\STM32_Driver\UART2.c(40): error:  #20: identifier "USART_HardwareFlowControl_None" is undefined
..\STM32_Driver\UART2.c:       USART_InitStructure.USART_HardwareFlowControl = USART_HardwareFlowControl_None;
..\STM32_Driver\UART2.c:                                                       ^
..\STM32_Driver\UART2.c(41): error:  #20: identifier "USART_Mode_Rx" is undefined
..\STM32_Driver\UART2.c:       USART_InitStructure.USART_Mode = USART_Mode_Rx | USART_Mode_Tx;
..\STM32_Driver\UART2.c:                                        ^
..\STM32_Driver\UART2.c(41): error:  #20: identifier "USART_Mode_Tx" is undefined
..\STM32_Driver\UART2.c:       USART_InitStructure.USART_Mode = USART_Mode_Rx | USART_Mode_Tx;
..\STM32_Driver\UART2.c:                                                        ^
..\STM32_Driver\UART2.c(42): warning:  #223-D: function "USART_Init" declared implicitly
..\STM32_Driver\UART2.c:       USART_Init(USART2, &USART_InitStructure);
..\STM32_Driver\UART2.c:       ^
..\STM32_Driver\UART2.c(44): warning:  #223-D: function "USART_ClockStructInit" declared implicitly
..\STM32_Driver\UART2.c:       USART_ClockStructInit(&USART_ClockInitStruct);    //之前没有填入缺省值，是不行的
..\STM32_Driver\UART2.c:       ^
..\STM32_Driver\UART2.c(45): warning:  #223-D: function "USART_ClockInit" declared implicitly
..\STM32_Driver\UART2.c:       USART_ClockInit(USART2, &USART_ClockInitStruct);
..\STM32_Driver\UART2.c:       ^
..\STM32_Driver\UART2.c(53): warning:  #223-D: function "NVIC_Init" declared implicitly
..\STM32_Driver\UART2.c:       NVIC_Init(&NVIC_InitStructure);
..\STM32_Driver\UART2.c:       ^
..\STM32_Driver\UART2.c(55): warning:  #223-D: function "USART_Cmd" declared implicitly
..\STM32_Driver\UART2.c:       USART_Cmd(USART2, ENABLE);
..\STM32_Driver\UART2.c:       ^
..\STM32_Driver\UART2.c(57): warning:  #223-D: function "USART_ITConfig" declared implicitly
..\STM32_Driver\UART2.c:       USART_ITConfig(USART2, USART_IT_RXNE, ENABLE);                            //使能中断
..\STM32_Driver\UART2.c:       ^
..\STM32_Driver\UART2.c(57): error:  #20: identifier "USART_IT_RXNE" is undefined
..\STM32_Driver\UART2.c:       USART_ITConfig(USART2, USART_IT_RXNE, ENABLE);                            //使能中断
..\STM32_Driver\UART2.c:                              ^
..\STM32_Driver\UART2.c(67): error:  #20: identifier "USART_InitTypeDef" is undefined
..\STM32_Driver\UART2.c:       USART_InitTypeDef USART_InitStructure;
..\STM32_Driver\UART2.c:       ^
..\STM32_Driver\UART2.c(69): error:  #20: identifier "USART_WordLength_8b" is undefined
..\STM32_Driver\UART2.c:       USART_InitStructure.USART_WordLength = USART_WordLength_8b;
..\STM32_Driver\UART2.c:                                              ^
..\STM32_Driver\UART2.c(70): error:  #20: identifier "USART_StopBits_1" is undefined
..\STM32_Driver\UART2.c:       USART_InitStructure.USART_StopBits = USART_StopBits_1;
..\STM32_Driver\UART2.c:                                            ^
..\STM32_Driver\UART2.c(71): error:  #20: identifier "USART_Parity_No" is undefined
..\STM32_Driver\UART2.c:       USART_InitStructure.USART_Parity = USART_Parity_No;
..\STM32_Driver\UART2.c:                                          ^
..\STM32_Driver\UART2.c(72): error:  #20: identifier "USART_HardwareFlowControl_None" is undefined
..\STM32_Driver\UART2.c:       USART_InitStructure.USART_HardwareFlowControl = USART_HardwareFlowControl_None;
..\STM32_Driver\UART2.c:                                                       ^
..\STM32_Driver\UART2.c(73): error:  #20: identifier "USART_Mode_Rx" is undefined
..\STM32_Driver\UART2.c:       USART_InitStructure.USART_Mode = USART_Mode_Rx | USART_Mode_Tx;
..\STM32_Driver\UART2.c:                                        ^
..\STM32_Driver\UART2.c(73): error:  #20: identifier "USART_Mode_Tx" is undefined
..\STM32_Driver\UART2.c:       USART_InitStructure.USART_Mode = USART_Mode_Rx | USART_Mode_Tx;
..\STM32_Driver\UART2.c:                                                        ^
..\STM32_Driver\UART2.c(74): warning:  #223-D: function "USART_Init" declared implicitly
..\STM32_Driver\UART2.c:       USART_Init(USART2, &USART_InitStructure);
..\STM32_Driver\UART2.c:       ^
..\STM32_Driver\UART2.c(80): warning:  #223-D: function "USART_GetFlagStatus" declared implicitly
..\STM32_Driver\UART2.c:       if( USART_GetFlagStatus(USART2, USART_FLAG_TXE) == SET)
..\STM32_Driver\UART2.c:           ^
..\STM32_Driver\UART2.c(80): error:  #20: identifier "USART_FLAG_TXE" is undefined
..\STM32_Driver\UART2.c:       if( USART_GetFlagStatus(USART2, USART_FLAG_TXE) == SET)
..\STM32_Driver\UART2.c:                                       ^
..\STM32_Driver\UART2.c(83): warning:  #223-D: function "USART_SendData" declared implicitly
..\STM32_Driver\UART2.c:           USART_SendData(USART2, data);
..\STM32_Driver\UART2.c:           ^
..\STM32_Driver\UART2.c(84): warning:  #223-D: function "USART_ITConfig" declared implicitly
..\STM32_Driver\UART2.c:           USART_ITConfig(USART2, USART_IT_TXE, ENABLE);                            //使能中断
..\STM32_Driver\UART2.c:           ^
..\STM32_Driver\UART2.c(84): error:  #20: identifier "USART_IT_TXE" is undefined
..\STM32_Driver\UART2.c:           USART_ITConfig(USART2, USART_IT_TXE, ENABLE);                            //使能中断
..\STM32_Driver\UART2.c:                                  ^
..\STM32_Driver\UART2.c: ..\STM32_Driver\UART2.c: 13 warnings, 28 errors
compiling misc.c...
..\STM32_Lib\STM32F10x_StdPeriph_Driver\src\misc.c(98): warning:  #223-D: function "assert_param" declared implicitly
..\STM32_Lib\STM32F10x_StdPeriph_Driver\src\misc.c:     assert_param(IS_NVIC_PRIORITY_GROUP(NVIC_PriorityGroup));
..\STM32_Lib\STM32F10x_StdPeriph_Driver\src\misc.c:     ^
..\STM32_Lib\STM32F10x_StdPeriph_Driver\src\misc.c(116): warning:  #223-D: function "assert_param" declared implicitly
..\STM32_Lib\STM32F10x_StdPeriph_Driver\src\misc.c:     assert_param(IS_FUNCTIONAL_STATE(NVIC_InitStruct->NVIC_IRQChannelCmd));
..\STM32_Lib\STM32F10x_StdPeriph_Driver\src\misc.c:     ^
..\STM32_Lib\STM32F10x_StdPeriph_Driver\src\misc.c(157): warning:  #223-D: function "assert_param" declared implicitly
..\STM32_Lib\STM32F10x_StdPeriph_Driver\src\misc.c:     assert_param(IS_NVIC_VECTTAB(NVIC_VectTab));
..\STM32_Lib\STM32F10x_StdPeriph_Driver\src\misc.c:     ^
..\STM32_Lib\STM32F10x_StdPeriph_Driver\src\misc.c(176): warning:  #223-D: function "assert_param" declared implicitly
..\STM32_Lib\STM32F10x_StdPeriph_Driver\src\misc.c:     assert_param(IS_NVIC_LP(LowPowerMode));
..\STM32_Lib\STM32F10x_StdPeriph_Driver\src\misc.c:     ^
..\STM32_Lib\STM32F10x_StdPeriph_Driver\src\misc.c(200): warning:  #223-D: function "assert_param" declared implicitly
..\STM32_Lib\STM32F10x_StdPeriph_Driver\src\misc.c:     assert_param(IS_SYSTICK_CLK_SOURCE(SysTick_CLKSource));
..\STM32_Lib\STM32F10x_StdPeriph_Driver\src\misc.c:     ^
..\STM32_Lib\STM32F10x_StdPeriph_Driver\src\misc.c: ..\STM32_Lib\STM32F10x_StdPeriph_Driver\src\misc.c: 5 warnings, 0 errors
compiling stm32f10x_adc.c...
..\STM32_Lib\STM32F10x_StdPeriph_Driver\src\stm32f10x_adc.c(181): warning:  #223-D: function "assert_param" declared implicitly
..\STM32_Lib\STM32F10x_StdPeriph_Driver\src\stm32f10x_adc.c:     assert_param(IS_ADC_ALL_PERIPH(ADCx));
..\STM32_Lib\STM32F10x_StdPeriph_Driver\src\stm32f10x_adc.c:     ^
..\STM32_Lib\STM32F10x_StdPeriph_Driver\src\stm32f10x_adc.c(222): warning:  #223-D: function "assert_param" declared implicitly
..\STM32_Lib\STM32F10x_StdPeriph_Driver\src\stm32f10x_adc.c:     assert_param(IS_ADC_ALL_PERIPH(ADCx));
..\STM32_Lib\STM32F10x_StdPeriph_Driver\src\stm32f10x_adc.c:     ^
..\STM32_Lib\STM32F10x_StdPeriph_Driver\src\stm32f10x_adc.c(301): warning:  #223-D: function "assert_param" declared implicitly
..\STM32_Lib\STM32F10x_StdPeriph_Driver\src\stm32f10x_adc.c:     assert_param(IS_ADC_ALL_PERIPH(ADCx));
..\STM32_Lib\STM32F10x_StdPeriph_Driver\src\stm32f10x_adc.c:     ^
..\STM32_Lib\STM32F10x_StdPeriph_Driver\src\stm32f10x_adc.c(326): warning:  #223-D: function "assert_param" declared implicitly
..\STM32_Lib\STM32F10x_StdPeriph_Driver\src\stm32f10x_adc.c:     assert_param(IS_ADC_DMA_PERIPH(ADCx));
..\STM32_Lib\STM32F10x_StdPeriph_Driver\src\stm32f10x_adc.c:     ^
..\STM32_Lib\STM32F10x_StdPeriph_Driver\src\stm32f10x_adc.c(356): warning:  #223-D: function "assert_param" declared implicitly
..\STM32_Lib\STM32F10x_StdPeriph_Driver\src\stm32f10x_adc.c:     assert_param(IS_ADC_ALL_PERIPH(ADCx));
..\STM32_Lib\STM32F10x_StdPeriph_Driver\src\stm32f10x_adc.c:     ^
..\STM32_Lib\STM32F10x_StdPeriph_Driver\src\stm32f10x_adc.c(381): warning:  #223-D: function "assert_param" declared implicitly
..\STM32_Lib\STM32F10x_StdPeriph_Driver\src\stm32f10x_adc.c:     assert_param(IS_ADC_ALL_PERIPH(ADCx));
..\STM32_Lib\STM32F10x_StdPeriph_Driver\src\stm32f10x_adc.c:     ^
..\STM32_Lib\STM32F10x_StdPeriph_Driver\src\stm32f10x_adc.c(395): warning:  #223-D: function "assert_param" declared implicitly
..\STM32_Lib\STM32F10x_StdPeriph_Driver\src\stm32f10x_adc.c:     assert_param(IS_ADC_ALL_PERIPH(ADCx));
..\STM32_Lib\STM32F10x_StdPeriph_Driver\src\stm32f10x_adc.c:     ^
..\STM32_Lib\STM32F10x_StdPeriph_Driver\src\stm32f10x_adc.c(419): warning:  #223-D: function "assert_param" declared implicitly
..\STM32_Lib\STM32F10x_StdPeriph_Driver\src\stm32f10x_adc.c:     assert_param(IS_ADC_ALL_PERIPH(ADCx));
..\STM32_Lib\STM32F10x_StdPeriph_Driver\src\stm32f10x_adc.c:     ^
..\STM32_Lib\STM32F10x_StdPeriph_Driver\src\stm32f10x_adc.c(433): warning:  #223-D: function "assert_param" declared implicitly
..\STM32_Lib\STM32F10x_StdPeriph_Driver\src\stm32f10x_adc.c:     assert_param(IS_ADC_ALL_PERIPH(ADCx));
..\STM32_Lib\STM32F10x_StdPeriph_Driver\src\stm32f10x_adc.c:     ^
..\STM32_Lib\STM32F10x_StdPeriph_Driver\src\stm32f10x_adc.c(459): warning:  #223-D: function "assert_param" declared implicitly
..\STM32_Lib\STM32F10x_StdPeriph_Driver\src\stm32f10x_adc.c:     assert_param(IS_ADC_ALL_PERIPH(ADCx));
..\STM32_Lib\STM32F10x_StdPeriph_Driver\src\stm32f10x_adc.c:     ^
..\STM32_Lib\STM32F10x_StdPeriph_Driver\src\stm32f10x_adc.c(484): warning:  #223-D: function "assert_param" declared implicitly
..\STM32_Lib\STM32F10x_StdPeriph_Driver\src\stm32f10x_adc.c:     assert_param(IS_ADC_ALL_PERIPH(ADCx));
..\STM32_Lib\STM32F10x_StdPeriph_Driver\src\stm32f10x_adc.c:     ^
..\STM32_Lib\STM32F10x_StdPeriph_Driver\src\stm32f10x_adc.c(513): warning:  #223-D: function "assert_param" declared implicitly
..\STM32_Lib\STM32F10x_StdPeriph_Driver\src\stm32f10x_adc.c:     assert_param(IS_ADC_ALL_PERIPH(ADCx));
..\STM32_Lib\STM32F10x_StdPeriph_Driver\src\stm32f10x_adc.c:     ^
..\STM32_Lib\STM32F10x_StdPeriph_Driver\src\stm32f10x_adc.c(538): warning:  #223-D: function "assert_param" declared implicitly
..\STM32_Lib\STM32F10x_StdPeriph_Driver\src\stm32f10x_adc.c:     assert_param(IS_ADC_ALL_PERIPH(ADCx));
..\STM32_Lib\STM32F10x_StdPeriph_Driver\src\stm32f10x_adc.c:     ^
..\STM32_Lib\STM32F10x_StdPeriph_Driver\src\stm32f10x_adc.c(593): warning:  #223-D: function "assert_param" declared implicitly
..\STM32_Lib\STM32F10x_StdPeriph_Driver\src\stm32f10x_adc.c:     assert_param(IS_ADC_ALL_PERIPH(ADCx));
..\STM32_Lib\STM32F10x_StdPeriph_Driver\src\stm32f10x_adc.c:     ^
..\STM32_Lib\STM32F10x_StdPeriph_Driver\src\stm32f10x_adc.c(688): warning:  #223-D: function "assert_param" declared implicitly
..\STM32_Lib\STM32F10x_StdPeriph_Driver\src\stm32f10x_adc.c:     assert_param(IS_ADC_ALL_PERIPH(ADCx));
..\STM32_Lib\STM32F10x_StdPeriph_Driver\src\stm32f10x_adc.c:     ^
..\STM32_Lib\STM32F10x_StdPeriph_Driver\src\stm32f10x_adc.c(710): warning:  #223-D: function "assert_param" declared implicitly
..\STM32_Lib\STM32F10x_StdPeriph_Driver\src\stm32f10x_adc.c:     assert_param(IS_ADC_ALL_PERIPH(ADCx));
..\STM32_Lib\STM32F10x_StdPeriph_Driver\src\stm32f10x_adc.c:     ^
..\STM32_Lib\STM32F10x_StdPeriph_Driver\src\stm32f10x_adc.c(736): warning:  #223-D: function "assert_param" declared implicitly
..\STM32_Lib\STM32F10x_StdPeriph_Driver\src\stm32f10x_adc.c:     assert_param(IS_ADC_ALL_PERIPH(ADCx));
..\STM32_Lib\STM32F10x_StdPeriph_Driver\src\stm32f10x_adc.c:     ^
..\STM32_Lib\STM32F10x_StdPeriph_Driver\src\stm32f10x_adc.c(762): warning:  #223-D: function "assert_param" declared implicitly
..\STM32_Lib\STM32F10x_StdPeriph_Driver\src\stm32f10x_adc.c:     assert_param(IS_ADC_ALL_PERIPH(ADCx));
..\STM32_Lib\STM32F10x_StdPeriph_Driver\src\stm32f10x_adc.c:     ^
..\STM32_Lib\STM32F10x_StdPeriph_Driver\src\stm32f10x_adc.c(802): warning:  #223-D: function "assert_param" declared implicitly
..\STM32_Lib\STM32F10x_StdPeriph_Driver\src\stm32f10x_adc.c:     assert_param(IS_ADC_ALL_PERIPH(ADCx));
..\STM32_Lib\STM32F10x_StdPeriph_Driver\src\stm32f10x_adc.c:     ^
..\STM32_Lib\STM32F10x_StdPeriph_Driver\src\stm32f10x_adc.c(826): warning:  #223-D: function "assert_param" declared implicitly
..\STM32_Lib\STM32F10x_StdPeriph_Driver\src\stm32f10x_adc.c:     assert_param(IS_ADC_ALL_PERIPH(ADCx));
..\STM32_Lib\STM32F10x_StdPeriph_Driver\src\stm32f10x_adc.c:     ^
..\STM32_Lib\STM32F10x_StdPeriph_Driver\src\stm32f10x_adc.c(851): warning:  #223-D: function "assert_param" declared implicitly
..\STM32_Lib\STM32F10x_StdPeriph_Driver\src\stm32f10x_adc.c:     assert_param(IS_ADC_ALL_PERIPH(ADCx));
..\STM32_Lib\STM32F10x_StdPeriph_Driver\src\stm32f10x_adc.c:     ^
..\STM32_Lib\STM32F10x_StdPeriph_Driver\src\stm32f10x_adc.c(876): warning:  #223-D: function "assert_param" declared implicitly
..\STM32_Lib\STM32F10x_StdPeriph_Driver\src\stm32f10x_adc.c:     assert_param(IS_ADC_ALL_PERIPH(ADCx));
..\STM32_Lib\STM32F10x_StdPeriph_Driver\src\stm32f10x_adc.c:     ^
..\STM32_Lib\STM32F10x_StdPeriph_Driver\src\stm32f10x_adc.c(933): warning:  #223-D: function "assert_param" declared implicitly
..\STM32_Lib\STM32F10x_StdPeriph_Driver\src\stm32f10x_adc.c:     assert_param(IS_ADC_ALL_PERIPH(ADCx));
..\STM32_Lib\STM32F10x_StdPeriph_Driver\src\stm32f10x_adc.c:     ^
..\STM32_Lib\STM32F10x_StdPeriph_Driver\src\stm32f10x_adc.c(997): warning:  #223-D: function "assert_param" declared implicitly
..\STM32_Lib\STM32F10x_StdPeriph_Driver\src\stm32f10x_adc.c:     assert_param(IS_ADC_ALL_PERIPH(ADCx));
..\STM32_Lib\STM32F10x_StdPeriph_Driver\src\stm32f10x_adc.c:     ^
..\STM32_Lib\STM32F10x_StdPeriph_Driver\src\stm32f10x_adc.c(1029): warning:  #223-D: function "assert_param" declared implicitly
..\STM32_Lib\STM32F10x_StdPeriph_Driver\src\stm32f10x_adc.c:     assert_param(IS_ADC_ALL_PERIPH(ADCx));
..\STM32_Lib\STM32F10x_StdPeriph_Driver\src\stm32f10x_adc.c:     ^
..\STM32_Lib\STM32F10x_StdPeriph_Driver\src\stm32f10x_adc.c(1056): warning:  #223-D: function "assert_param" declared implicitly
..\STM32_Lib\STM32F10x_StdPeriph_Driver\src\stm32f10x_adc.c:     assert_param(IS_ADC_ALL_PERIPH(ADCx));
..\STM32_Lib\STM32F10x_StdPeriph_Driver\src\stm32f10x_adc.c:     ^
..\STM32_Lib\STM32F10x_StdPeriph_Driver\src\stm32f10x_adc.c(1085): warning:  #223-D: function "assert_param" declared implicitly
..\STM32_Lib\STM32F10x_StdPeriph_Driver\src\stm32f10x_adc.c:     assert_param(IS_ADC_ALL_PERIPH(ADCx));
..\STM32_Lib\STM32F10x_StdPeriph_Driver\src\stm32f10x_adc.c:     ^
..\STM32_Lib\STM32F10x_StdPeriph_Driver\src\stm32f10x_adc.c(1110): warning:  #223-D: function "assert_param" declared implicitly
..\STM32_Lib\STM32F10x_StdPeriph_Driver\src\stm32f10x_adc.c:     assert_param(IS_ADC_ALL_PERIPH(ADCx));
..\STM32_Lib\STM32F10x_StdPeriph_Driver\src\stm32f10x_adc.c:     ^
..\STM32_Lib\STM32F10x_StdPeriph_Driver\src\stm32f10x_adc.c(1148): warning:  #223-D: function "assert_param" declared implicitly
..\STM32_Lib\STM32F10x_StdPeriph_Driver\src\stm32f10x_adc.c:     assert_param(IS_ADC_ALL_PERIPH(ADCx));
..\STM32_Lib\STM32F10x_StdPeriph_Driver\src\stm32f10x_adc.c:     ^
..\STM32_Lib\STM32F10x_StdPeriph_Driver\src\stm32f10x_adc.c(1169): warning:  #223-D: function "assert_param" declared implicitly
..\STM32_Lib\STM32F10x_StdPeriph_Driver\src\stm32f10x_adc.c:     assert_param(IS_FUNCTIONAL_STATE(NewState));
..\STM32_Lib\STM32F10x_StdPeriph_Driver\src\stm32f10x_adc.c:     ^
..\STM32_Lib\STM32F10x_StdPeriph_Driver\src\stm32f10x_adc.c(1198): warning:  #223-D: function "assert_param" declared implicitly
..\STM32_Lib\STM32F10x_StdPeriph_Driver\src\stm32f10x_adc.c:     assert_param(IS_ADC_ALL_PERIPH(ADCx));
..\STM32_Lib\STM32F10x_StdPeriph_Driver\src\stm32f10x_adc.c:     ^
..\STM32_Lib\STM32F10x_StdPeriph_Driver\src\stm32f10x_adc.c(1230): warning:  #223-D: function "assert_param" declared implicitly
..\STM32_Lib\STM32F10x_StdPeriph_Driver\src\stm32f10x_adc.c:     assert_param(IS_ADC_ALL_PERIPH(ADCx));
..\STM32_Lib\STM32F10x_StdPeriph_Driver\src\stm32f10x_adc.c:     ^
..\STM32_Lib\STM32F10x_StdPeriph_Driver\src\stm32f10x_adc.c(1251): warning:  #223-D: function "assert_param" declared implicitly
..\STM32_Lib\STM32F10x_StdPeriph_Driver\src\stm32f10x_adc.c:     assert_param(IS_ADC_ALL_PERIPH(ADCx));
..\STM32_Lib\STM32F10x_StdPeriph_Driver\src\stm32f10x_adc.c:     ^
..\STM32_Lib\STM32F10x_StdPeriph_Driver\src\stm32f10x_adc.c(1286): warning:  #223-D: function "assert_param" declared implicitly
..\STM32_Lib\STM32F10x_StdPeriph_Driver\src\stm32f10x_adc.c:     assert_param(IS_ADC_ALL_PERIPH(ADCx));
..\STM32_Lib\STM32F10x_StdPeriph_Driver\src\stm32f10x_adc.c:     ^
..\STM32_Lib\STM32F10x_StdPeriph_Driver\src\stm32f10x_adc.c: ..\STM32_Lib\STM32F10x_StdPeriph_Driver\src\stm32f10x_adc.c: 34 warnings, 0 errors
compiling stm32f10x_can.c...
..\STM32_Lib\STM32F10x_StdPeriph_Driver\src\stm32f10x_can.c(146): warning:  #223-D: function "assert_param" declared implicitly
..\STM32_Lib\STM32F10x_StdPeriph_Driver\src\stm32f10x_can.c:     assert_param(IS_CAN_ALL_PERIPH(CANx));
..\STM32_Lib\STM32F10x_StdPeriph_Driver\src\stm32f10x_can.c:     ^
..\STM32_Lib\STM32F10x_StdPeriph_Driver\src\stm32f10x_can.c(178): warning:  #223-D: function "assert_param" declared implicitly
..\STM32_Lib\STM32F10x_StdPeriph_Driver\src\stm32f10x_can.c:     assert_param(IS_CAN_ALL_PERIPH(CANx));
..\STM32_Lib\STM32F10x_StdPeriph_Driver\src\stm32f10x_can.c:     ^
..\STM32_Lib\STM32F10x_StdPeriph_Driver\src\stm32f10x_can.c(312): warning:  #223-D: function "assert_param" declared implicitly
..\STM32_Lib\STM32F10x_StdPeriph_Driver\src\stm32f10x_can.c:     assert_param(IS_CAN_FILTER_NUMBER(CAN_FilterInitStruct->CAN_FilterNumber));
..\STM32_Lib\STM32F10x_StdPeriph_Driver\src\stm32f10x_can.c:     ^
..\STM32_Lib\STM32F10x_StdPeriph_Driver\src\stm32f10x_can.c(436): warning:  #223-D: function "assert_param" declared implicitly
..\STM32_Lib\STM32F10x_StdPeriph_Driver\src\stm32f10x_can.c:     assert_param(IS_CAN_BANKNUMBER(CAN_BankNumber));
..\STM32_Lib\STM32F10x_StdPeriph_Driver\src\stm32f10x_can.c:     ^
..\STM32_Lib\STM32F10x_StdPeriph_Driver\src\stm32f10x_can.c(462): warning:  #223-D: function "assert_param" declared implicitly
..\STM32_Lib\STM32F10x_StdPeriph_Driver\src\stm32f10x_can.c:     assert_param(IS_CAN_ALL_PERIPH(CANx));
..\STM32_Lib\STM32F10x_StdPeriph_Driver\src\stm32f10x_can.c:     ^
..\STM32_Lib\STM32F10x_StdPeriph_Driver\src\stm32f10x_can.c(490): warning:  #223-D: function "assert_param" declared implicitly
..\STM32_Lib\STM32F10x_StdPeriph_Driver\src\stm32f10x_can.c:     assert_param(IS_CAN_ALL_PERIPH(CANx));
..\STM32_Lib\STM32F10x_StdPeriph_Driver\src\stm32f10x_can.c:     ^
..\STM32_Lib\STM32F10x_StdPeriph_Driver\src\stm32f10x_can.c(561): warning:  #223-D: function "assert_param" declared implicitly
..\STM32_Lib\STM32F10x_StdPeriph_Driver\src\stm32f10x_can.c:     assert_param(IS_CAN_ALL_PERIPH(CANx));
..\STM32_Lib\STM32F10x_StdPeriph_Driver\src\stm32f10x_can.c:     ^
..\STM32_Lib\STM32F10x_StdPeriph_Driver\src\stm32f10x_can.c(608): warning:  #223-D: function "assert_param" declared implicitly
..\STM32_Lib\STM32F10x_StdPeriph_Driver\src\stm32f10x_can.c:     assert_param(IS_CAN_ALL_PERIPH(CANx));
..\STM32_Lib\STM32F10x_StdPeriph_Driver\src\stm32f10x_can.c:     ^
..\STM32_Lib\STM32F10x_StdPeriph_Driver\src\stm32f10x_can.c(633): warning:  #223-D: function "assert_param" declared implicitly
..\STM32_Lib\STM32F10x_StdPeriph_Driver\src\stm32f10x_can.c:     assert_param(IS_CAN_ALL_PERIPH(CANx));
..\STM32_Lib\STM32F10x_StdPeriph_Driver\src\stm32f10x_can.c:     ^
..\STM32_Lib\STM32F10x_StdPeriph_Driver\src\stm32f10x_can.c(657): warning:  #223-D: function "assert_param" declared implicitly
..\STM32_Lib\STM32F10x_StdPeriph_Driver\src\stm32f10x_can.c:     assert_param(IS_CAN_ALL_PERIPH(CANx));
..\STM32_Lib\STM32F10x_StdPeriph_Driver\src\stm32f10x_can.c:     ^
..\STM32_Lib\STM32F10x_StdPeriph_Driver\src\stm32f10x_can.c(685): warning:  #223-D: function "assert_param" declared implicitly
..\STM32_Lib\STM32F10x_StdPeriph_Driver\src\stm32f10x_can.c:     assert_param(IS_CAN_ALL_PERIPH(CANx));
..\STM32_Lib\STM32F10x_StdPeriph_Driver\src\stm32f10x_can.c:     ^
..\STM32_Lib\STM32F10x_StdPeriph_Driver\src\stm32f10x_can.c(726): warning:  #223-D: function "assert_param" declared implicitly
..\STM32_Lib\STM32F10x_StdPeriph_Driver\src\stm32f10x_can.c:     assert_param(IS_CAN_ALL_PERIPH(CANx));
..\STM32_Lib\STM32F10x_StdPeriph_Driver\src\stm32f10x_can.c:     ^
..\STM32_Lib\STM32F10x_StdPeriph_Driver\src\stm32f10x_can.c(751): warning:  #223-D: function "assert_param" declared implicitly
..\STM32_Lib\STM32F10x_StdPeriph_Driver\src\stm32f10x_can.c:     assert_param(IS_CAN_ALL_PERIPH(CANx));
..\STM32_Lib\STM32F10x_StdPeriph_Driver\src\stm32f10x_can.c:     ^
..\STM32_Lib\STM32F10x_StdPeriph_Driver\src\stm32f10x_can.c(777): warning:  #223-D: function "assert_param" declared implicitly
..\STM32_Lib\STM32F10x_StdPeriph_Driver\src\stm32f10x_can.c:     assert_param(IS_CAN_ALL_PERIPH(CANx));
..\STM32_Lib\STM32F10x_StdPeriph_Driver\src\stm32f10x_can.c:     ^
..\STM32_Lib\STM32F10x_StdPeriph_Driver\src\stm32f10x_can.c(807): warning:  #223-D: function "assert_param" declared implicitly
..\STM32_Lib\STM32F10x_StdPeriph_Driver\src\stm32f10x_can.c:     assert_param(IS_CAN_ALL_PERIPH(CANx));
..\STM32_Lib\STM32F10x_StdPeriph_Driver\src\stm32f10x_can.c:     ^
..\STM32_Lib\STM32F10x_StdPeriph_Driver\src\stm32f10x_can.c(833): warning:  #223-D: function "assert_param" declared implicitly
..\STM32_Lib\STM32F10x_StdPeriph_Driver\src\stm32f10x_can.c:     assert_param(IS_CAN_ALL_PERIPH(CANx));
..\STM32_Lib\STM32F10x_StdPeriph_Driver\src\stm32f10x_can.c:     ^
..\STM32_Lib\STM32F10x_StdPeriph_Driver\src\stm32f10x_can.c(853): warning:  #223-D: function "assert_param" declared implicitly
..\STM32_Lib\STM32F10x_StdPeriph_Driver\src\stm32f10x_can.c:     assert_param(IS_CAN_ALL_PERIPH(CANx));
..\STM32_Lib\STM32F10x_StdPeriph_Driver\src\stm32f10x_can.c:     ^
..\STM32_Lib\STM32F10x_StdPeriph_Driver\src\stm32f10x_can.c(910): warning:  #223-D: function "assert_param" declared implicitly
..\STM32_Lib\STM32F10x_StdPeriph_Driver\src\stm32f10x_can.c:     assert_param(IS_CAN_ALL_PERIPH(CANx));
..\STM32_Lib\STM32F10x_StdPeriph_Driver\src\stm32f10x_can.c:     ^
..\STM32_Lib\STM32F10x_StdPeriph_Driver\src\stm32f10x_can.c: ..\STM32_Lib\STM32F10x_StdPeriph_Driver\src\stm32f10x_can.c: 18 warnings, 0 errors
compiling stm32f10x_dma.c...
..\STM32_Lib\STM32F10x_StdPeriph_Driver\src\stm32f10x_dma.c(113): warning:  #223-D: function "assert_param" declared implicitly
..\STM32_Lib\STM32F10x_StdPeriph_Driver\src\stm32f10x_dma.c:     assert_param(IS_DMA_ALL_PERIPH(DMAy_Channelx));
..\STM32_Lib\STM32F10x_StdPeriph_Driver\src\stm32f10x_dma.c:     ^
..\STM32_Lib\STM32F10x_StdPeriph_Driver\src\stm32f10x_dma.c(207): warning:  #223-D: function "assert_param" declared implicitly
..\STM32_Lib\STM32F10x_StdPeriph_Driver\src\stm32f10x_dma.c:     assert_param(IS_DMA_ALL_PERIPH(DMAy_Channelx));
..\STM32_Lib\STM32F10x_StdPeriph_Driver\src\stm32f10x_dma.c:     ^
..\STM32_Lib\STM32F10x_StdPeriph_Driver\src\stm32f10x_dma.c(297): warning:  #223-D: function "assert_param" declared implicitly
..\STM32_Lib\STM32F10x_StdPeriph_Driver\src\stm32f10x_dma.c:     assert_param(IS_DMA_ALL_PERIPH(DMAy_Channelx));
..\STM32_Lib\STM32F10x_StdPeriph_Driver\src\stm32f10x_dma.c:     ^
..\STM32_Lib\STM32F10x_StdPeriph_Driver\src\stm32f10x_dma.c(329): warning:  #223-D: function "assert_param" declared implicitly
..\STM32_Lib\STM32F10x_StdPeriph_Driver\src\stm32f10x_dma.c:     assert_param(IS_DMA_ALL_PERIPH(DMAy_Channelx));
..\STM32_Lib\STM32F10x_StdPeriph_Driver\src\stm32f10x_dma.c:     ^
..\STM32_Lib\STM32F10x_StdPeriph_Driver\src\stm32f10x_dma.c(355): warning:  #223-D: function "assert_param" declared implicitly
..\STM32_Lib\STM32F10x_StdPeriph_Driver\src\stm32f10x_dma.c:     assert_param(IS_DMA_ALL_PERIPH(DMAy_Channelx));
..\STM32_Lib\STM32F10x_StdPeriph_Driver\src\stm32f10x_dma.c:     ^
..\STM32_Lib\STM32F10x_StdPeriph_Driver\src\stm32f10x_dma.c(419): warning:  #223-D: function "assert_param" declared implicitly
..\STM32_Lib\STM32F10x_StdPeriph_Driver\src\stm32f10x_dma.c:     assert_param(IS_DMA_GET_FLAG(DMA_FLAG));
..\STM32_Lib\STM32F10x_StdPeriph_Driver\src\stm32f10x_dma.c:     ^
..\STM32_Lib\STM32F10x_StdPeriph_Driver\src\stm32f10x_dma.c(506): warning:  #223-D: function "assert_param" declared implicitly
..\STM32_Lib\STM32F10x_StdPeriph_Driver\src\stm32f10x_dma.c:     assert_param(IS_DMA_CLEAR_FLAG(DMA_FLAG));
..\STM32_Lib\STM32F10x_StdPeriph_Driver\src\stm32f10x_dma.c:     ^
..\STM32_Lib\STM32F10x_StdPeriph_Driver\src\stm32f10x_dma.c(580): warning:  #223-D: function "assert_param" declared implicitly
..\STM32_Lib\STM32F10x_StdPeriph_Driver\src\stm32f10x_dma.c:     assert_param(IS_DMA_GET_IT(DMA_IT));
..\STM32_Lib\STM32F10x_StdPeriph_Driver\src\stm32f10x_dma.c:     ^
..\STM32_Lib\STM32F10x_StdPeriph_Driver\src\stm32f10x_dma.c(666): warning:  #223-D: function "assert_param" declared implicitly
..\STM32_Lib\STM32F10x_StdPeriph_Driver\src\stm32f10x_dma.c:     assert_param(IS_DMA_CLEAR_IT(DMA_IT));
..\STM32_Lib\STM32F10x_StdPeriph_Driver\src\stm32f10x_dma.c:     ^
..\STM32_Lib\STM32F10x_StdPeriph_Driver\src\stm32f10x_dma.c: ..\STM32_Lib\STM32F10x_StdPeriph_Driver\src\stm32f10x_dma.c: 9 warnings, 0 errors
compiling stm32f10x_flash.c...
..\STM32_Lib\STM32F10x_StdPeriph_Driver\src\stm32f10x_flash.c(258): warning:  #223-D: function "assert_param" declared implicitly
..\STM32_Lib\STM32F10x_StdPeriph_Driver\src\stm32f10x_flash.c:     assert_param(IS_FLASH_LATENCY(FLASH_Latency));
..\STM32_Lib\STM32F10x_StdPeriph_Driver\src\stm32f10x_flash.c:     ^
..\STM32_Lib\STM32F10x_StdPeriph_Driver\src\stm32f10x_flash.c(283): warning:  #223-D: function "assert_param" declared implicitly
..\STM32_Lib\STM32F10x_StdPeriph_Driver\src\stm32f10x_flash.c:     assert_param(IS_FLASH_HALFCYCLEACCESS_STATE(FLASH_HalfCycleAccess));
..\STM32_Lib\STM32F10x_StdPeriph_Driver\src\stm32f10x_flash.c:     ^
..\STM32_Lib\STM32F10x_StdPeriph_Driver\src\stm32f10x_flash.c(302): warning:  #223-D: function "assert_param" declared implicitly
..\STM32_Lib\STM32F10x_StdPeriph_Driver\src\stm32f10x_flash.c:     assert_param(IS_FLASH_PREFETCHBUFFER_STATE(FLASH_PrefetchBuffer));
..\STM32_Lib\STM32F10x_StdPeriph_Driver\src\stm32f10x_flash.c:     ^
..\STM32_Lib\STM32F10x_StdPeriph_Driver\src\stm32f10x_flash.c(422): warning:  #223-D: function "assert_param" declared implicitly
..\STM32_Lib\STM32F10x_StdPeriph_Driver\src\stm32f10x_flash.c:     assert_param(IS_FLASH_ADDRESS(Page_Address));
..\STM32_Lib\STM32F10x_StdPeriph_Driver\src\stm32f10x_flash.c:     ^
..\STM32_Lib\STM32F10x_StdPeriph_Driver\src\stm32f10x_flash.c(702): warning:  #223-D: function "assert_param" declared implicitly
..\STM32_Lib\STM32F10x_StdPeriph_Driver\src\stm32f10x_flash.c:     assert_param(IS_FLASH_ADDRESS(Address));
..\STM32_Lib\STM32F10x_StdPeriph_Driver\src\stm32f10x_flash.c:     ^
..\STM32_Lib\STM32F10x_StdPeriph_Driver\src\stm32f10x_flash.c(907): warning:  #223-D: function "assert_param" declared implicitly
..\STM32_Lib\STM32F10x_StdPeriph_Driver\src\stm32f10x_flash.c:     assert_param(IS_FLASH_ADDRESS(Address));
..\STM32_Lib\STM32F10x_StdPeriph_Driver\src\stm32f10x_flash.c:     ^
..\STM32_Lib\STM32F10x_StdPeriph_Driver\src\stm32f10x_flash.c(984): warning:  #223-D: function "assert_param" declared implicitly
..\STM32_Lib\STM32F10x_StdPeriph_Driver\src\stm32f10x_flash.c:     assert_param(IS_OB_DATA_ADDRESS(Address));
..\STM32_Lib\STM32F10x_StdPeriph_Driver\src\stm32f10x_flash.c:     ^
..\STM32_Lib\STM32F10x_StdPeriph_Driver\src\stm32f10x_flash.c(1033): warning:  #223-D: function "assert_param" declared implicitly
..\STM32_Lib\STM32F10x_StdPeriph_Driver\src\stm32f10x_flash.c:     assert_param(IS_FLASH_WRPROT_PAGE(FLASH_Pages));
..\STM32_Lib\STM32F10x_StdPeriph_Driver\src\stm32f10x_flash.c:     ^
..\STM32_Lib\STM32F10x_StdPeriph_Driver\src\stm32f10x_flash.c(1104): warning:  #223-D: function "assert_param" declared implicitly
..\STM32_Lib\STM32F10x_StdPeriph_Driver\src\stm32f10x_flash.c:     assert_param(IS_FUNCTIONAL_STATE(NewState));
..\STM32_Lib\STM32F10x_StdPeriph_Driver\src\stm32f10x_flash.c:     ^
..\STM32_Lib\STM32F10x_StdPeriph_Driver\src\stm32f10x_flash.c(1174): warning:  #223-D: function "assert_param" declared implicitly
..\STM32_Lib\STM32F10x_StdPeriph_Driver\src\stm32f10x_flash.c:     assert_param(IS_OB_IWDG_SOURCE(OB_IWDG));
..\STM32_Lib\STM32F10x_StdPeriph_Driver\src\stm32f10x_flash.c:     ^
..\STM32_Lib\STM32F10x_StdPeriph_Driver\src\stm32f10x_flash.c(1376): warning:  #223-D: function "assert_param" declared implicitly
..\STM32_Lib\STM32F10x_StdPeriph_Driver\src\stm32f10x_flash.c:     assert_param(IS_FLASH_IT(FLASH_IT)); 
..\STM32_Lib\STM32F10x_StdPeriph_Driver\src\stm32f10x_flash.c:     ^
..\STM32_Lib\STM32F10x_StdPeriph_Driver\src\stm32f10x_flash.c(1453): warning:  #223-D: function "assert_param" declared implicitly
..\STM32_Lib\STM32F10x_StdPeriph_Driver\src\stm32f10x_flash.c:     assert_param(IS_FLASH_GET_FLAG(FLASH_FLAG)) ;
..\STM32_Lib\STM32F10x_StdPeriph_Driver\src\stm32f10x_flash.c:     ^
..\STM32_Lib\STM32F10x_StdPeriph_Driver\src\stm32f10x_flash.c(1513): warning:  #223-D: function "assert_param" declared implicitly
..\STM32_Lib\STM32F10x_StdPeriph_Driver\src\stm32f10x_flash.c:     assert_param(IS_FLASH_CLEAR_FLAG(FLASH_FLAG)) ;
..\STM32_Lib\STM32F10x_StdPeriph_Driver\src\stm32f10x_flash.c:     ^
..\STM32_Lib\STM32F10x_StdPeriph_Driver\src\stm32f10x_flash.c: ..\STM32_Lib\STM32F10x_StdPeriph_Driver\src\stm32f10x_flash.c: 13 warnings, 0 errors
compiling stm32f10x_gpio.c...
..\STM32_Lib\STM32F10x_StdPeriph_Driver\src\stm32f10x_gpio.c(110): warning:  #223-D: function "assert_param" declared implicitly
..\STM32_Lib\STM32F10x_StdPeriph_Driver\src\stm32f10x_gpio.c:     assert_param(IS_GPIO_ALL_PERIPH(GPIOx));
..\STM32_Lib\STM32F10x_StdPeriph_Driver\src\stm32f10x_gpio.c:     ^
..\STM32_Lib\STM32F10x_StdPeriph_Driver\src\stm32f10x_gpio.c(177): warning:  #223-D: function "assert_param" declared implicitly
..\STM32_Lib\STM32F10x_StdPeriph_Driver\src\stm32f10x_gpio.c:     assert_param(IS_GPIO_ALL_PERIPH(GPIOx));
..\STM32_Lib\STM32F10x_StdPeriph_Driver\src\stm32f10x_gpio.c:     ^
..\STM32_Lib\STM32F10x_StdPeriph_Driver\src\stm32f10x_gpio.c(285): warning:  #223-D: function "assert_param" declared implicitly
..\STM32_Lib\STM32F10x_StdPeriph_Driver\src\stm32f10x_gpio.c:     assert_param(IS_GPIO_ALL_PERIPH(GPIOx));
..\STM32_Lib\STM32F10x_StdPeriph_Driver\src\stm32f10x_gpio.c:     ^
..\STM32_Lib\STM32F10x_StdPeriph_Driver\src\stm32f10x_gpio.c(307): warning:  #223-D: function "assert_param" declared implicitly
..\STM32_Lib\STM32F10x_StdPeriph_Driver\src\stm32f10x_gpio.c:     assert_param(IS_GPIO_ALL_PERIPH(GPIOx));
..\STM32_Lib\STM32F10x_StdPeriph_Driver\src\stm32f10x_gpio.c:     ^
..\STM32_Lib\STM32F10x_StdPeriph_Driver\src\stm32f10x_gpio.c(323): warning:  #223-D: function "assert_param" declared implicitly
..\STM32_Lib\STM32F10x_StdPeriph_Driver\src\stm32f10x_gpio.c:     assert_param(IS_GPIO_ALL_PERIPH(GPIOx));
..\STM32_Lib\STM32F10x_StdPeriph_Driver\src\stm32f10x_gpio.c:     ^
..\STM32_Lib\STM32F10x_StdPeriph_Driver\src\stm32f10x_gpio.c(345): warning:  #223-D: function "assert_param" declared implicitly
..\STM32_Lib\STM32F10x_StdPeriph_Driver\src\stm32f10x_gpio.c:     assert_param(IS_GPIO_ALL_PERIPH(GPIOx));
..\STM32_Lib\STM32F10x_StdPeriph_Driver\src\stm32f10x_gpio.c:     ^
..\STM32_Lib\STM32F10x_StdPeriph_Driver\src\stm32f10x_gpio.c(360): warning:  #223-D: function "assert_param" declared implicitly
..\STM32_Lib\STM32F10x_StdPeriph_Driver\src\stm32f10x_gpio.c:     assert_param(IS_GPIO_ALL_PERIPH(GPIOx));
..\STM32_Lib\STM32F10x_StdPeriph_Driver\src\stm32f10x_gpio.c:     ^
..\STM32_Lib\STM32F10x_StdPeriph_Driver\src\stm32f10x_gpio.c(376): warning:  #223-D: function "assert_param" declared implicitly
..\STM32_Lib\STM32F10x_StdPeriph_Driver\src\stm32f10x_gpio.c:     assert_param(IS_GPIO_ALL_PERIPH(GPIOx));
..\STM32_Lib\STM32F10x_StdPeriph_Driver\src\stm32f10x_gpio.c:     ^
..\STM32_Lib\STM32F10x_StdPeriph_Driver\src\stm32f10x_gpio.c(396): warning:  #223-D: function "assert_param" declared implicitly
..\STM32_Lib\STM32F10x_StdPeriph_Driver\src\stm32f10x_gpio.c:     assert_param(IS_GPIO_ALL_PERIPH(GPIOx));
..\STM32_Lib\STM32F10x_StdPeriph_Driver\src\stm32f10x_gpio.c:     ^
..\STM32_Lib\STM32F10x_StdPeriph_Driver\src\stm32f10x_gpio.c(419): warning:  #223-D: function "assert_param" declared implicitly
..\STM32_Lib\STM32F10x_StdPeriph_Driver\src\stm32f10x_gpio.c:     assert_param(IS_GPIO_ALL_PERIPH(GPIOx));
..\STM32_Lib\STM32F10x_StdPeriph_Driver\src\stm32f10x_gpio.c:     ^
..\STM32_Lib\STM32F10x_StdPeriph_Driver\src\stm32f10x_gpio.c(436): warning:  #223-D: function "assert_param" declared implicitly
..\STM32_Lib\STM32F10x_StdPeriph_Driver\src\stm32f10x_gpio.c:     assert_param(IS_GPIO_ALL_PERIPH(GPIOx));
..\STM32_Lib\STM32F10x_StdPeriph_Driver\src\stm32f10x_gpio.c:     ^
..\STM32_Lib\STM32F10x_StdPeriph_Driver\src\stm32f10x_gpio.c(465): warning:  #223-D: function "assert_param" declared implicitly
..\STM32_Lib\STM32F10x_StdPeriph_Driver\src\stm32f10x_gpio.c:     assert_param(IS_GPIO_EVENTOUT_PORT_SOURCE(GPIO_PortSource));
..\STM32_Lib\STM32F10x_StdPeriph_Driver\src\stm32f10x_gpio.c:     ^
..\STM32_Lib\STM32F10x_StdPeriph_Driver\src\stm32f10x_gpio.c(485): warning:  #223-D: function "assert_param" declared implicitly
..\STM32_Lib\STM32F10x_StdPeriph_Driver\src\stm32f10x_gpio.c:     assert_param(IS_FUNCTIONAL_STATE(NewState));
..\STM32_Lib\STM32F10x_StdPeriph_Driver\src\stm32f10x_gpio.c:     ^
..\STM32_Lib\STM32F10x_StdPeriph_Driver\src\stm32f10x_gpio.c(546): warning:  #223-D: function "assert_param" declared implicitly
..\STM32_Lib\STM32F10x_StdPeriph_Driver\src\stm32f10x_gpio.c:     assert_param(IS_GPIO_REMAP(GPIO_Remap));
..\STM32_Lib\STM32F10x_StdPeriph_Driver\src\stm32f10x_gpio.c:     ^
..\STM32_Lib\STM32F10x_StdPeriph_Driver\src\stm32f10x_gpio.c(605): warning:  #223-D: function "assert_param" declared implicitly
..\STM32_Lib\STM32F10x_StdPeriph_Driver\src\stm32f10x_gpio.c:     assert_param(IS_GPIO_EXTI_PORT_SOURCE(GPIO_PortSource));
..\STM32_Lib\STM32F10x_StdPeriph_Driver\src\stm32f10x_gpio.c:     ^
..\STM32_Lib\STM32F10x_StdPeriph_Driver\src\stm32f10x_gpio.c(624): warning:  #223-D: function "assert_param" declared implicitly
..\STM32_Lib\STM32F10x_StdPeriph_Driver\src\stm32f10x_gpio.c:     assert_param(IS_GPIO_ETH_MEDIA_INTERFACE(GPIO_ETH_MediaInterface)); 
..\STM32_Lib\STM32F10x_StdPeriph_Driver\src\stm32f10x_gpio.c:     ^
..\STM32_Lib\STM32F10x_StdPeriph_Driver\src\stm32f10x_gpio.c: ..\STM32_Lib\STM32F10x_StdPeriph_Driver\src\stm32f10x_gpio.c: 16 warnings, 0 errors
compiling stm32f10x_rcc.c...
..\STM32_Lib\STM32F10x_StdPeriph_Driver\src\stm32f10x_rcc.c(282): warning:  #223-D: function "assert_param" declared implicitly
..\STM32_Lib\STM32F10x_StdPeriph_Driver\src\stm32f10x_rcc.c:     assert_param(IS_RCC_HSE(RCC_HSE));
..\STM32_Lib\STM32F10x_StdPeriph_Driver\src\stm32f10x_rcc.c:     ^
..\STM32_Lib\STM32F10x_StdPeriph_Driver\src\stm32f10x_rcc.c(347): warning:  #223-D: function "assert_param" declared implicitly
..\STM32_Lib\STM32F10x_StdPeriph_Driver\src\stm32f10x_rcc.c:     assert_param(IS_RCC_CALIBRATION_VALUE(HSICalibrationValue));
..\STM32_Lib\STM32F10x_StdPeriph_Driver\src\stm32f10x_rcc.c:     ^
..\STM32_Lib\STM32F10x_StdPeriph_Driver\src\stm32f10x_rcc.c(366): warning:  #223-D: function "assert_param" declared implicitly
..\STM32_Lib\STM32F10x_StdPeriph_Driver\src\stm32f10x_rcc.c:     assert_param(IS_FUNCTIONAL_STATE(NewState));
..\STM32_Lib\STM32F10x_StdPeriph_Driver\src\stm32f10x_rcc.c:     ^
..\STM32_Lib\STM32F10x_StdPeriph_Driver\src\stm32f10x_rcc.c(392): warning:  #223-D: function "assert_param" declared implicitly
..\STM32_Lib\STM32F10x_StdPeriph_Driver\src\stm32f10x_rcc.c:     assert_param(IS_RCC_PLL_SOURCE(RCC_PLLSource));
..\STM32_Lib\STM32F10x_StdPeriph_Driver\src\stm32f10x_rcc.c:     ^
..\STM32_Lib\STM32F10x_StdPeriph_Driver\src\stm32f10x_rcc.c(413): warning:  #223-D: function "assert_param" declared implicitly
..\STM32_Lib\STM32F10x_StdPeriph_Driver\src\stm32f10x_rcc.c:     assert_param(IS_FUNCTIONAL_STATE(NewState));
..\STM32_Lib\STM32F10x_StdPeriph_Driver\src\stm32f10x_rcc.c:     ^
..\STM32_Lib\STM32F10x_StdPeriph_Driver\src\stm32f10x_rcc.c(577): warning:  #223-D: function "assert_param" declared implicitly
..\STM32_Lib\STM32F10x_StdPeriph_Driver\src\stm32f10x_rcc.c:     assert_param(IS_RCC_SYSCLK_SOURCE(RCC_SYSCLKSource));
..\STM32_Lib\STM32F10x_StdPeriph_Driver\src\stm32f10x_rcc.c:     ^
..\STM32_Lib\STM32F10x_StdPeriph_Driver\src\stm32f10x_rcc.c(621): warning:  #223-D: function "assert_param" declared implicitly
..\STM32_Lib\STM32F10x_StdPeriph_Driver\src\stm32f10x_rcc.c:     assert_param(IS_RCC_HCLK(RCC_SYSCLK));
..\STM32_Lib\STM32F10x_StdPeriph_Driver\src\stm32f10x_rcc.c:     ^
..\STM32_Lib\STM32F10x_StdPeriph_Driver\src\stm32f10x_rcc.c(647): warning:  #223-D: function "assert_param" declared implicitly
..\STM32_Lib\STM32F10x_StdPeriph_Driver\src\stm32f10x_rcc.c:     assert_param(IS_RCC_PCLK(RCC_HCLK));
..\STM32_Lib\STM32F10x_StdPeriph_Driver\src\stm32f10x_rcc.c:     ^
..\STM32_Lib\STM32F10x_StdPeriph_Driver\src\stm32f10x_rcc.c(673): warning:  #223-D: function "assert_param" declared implicitly
..\STM32_Lib\STM32F10x_StdPeriph_Driver\src\stm32f10x_rcc.c:     assert_param(IS_RCC_PCLK(RCC_HCLK));
..\STM32_Lib\STM32F10x_StdPeriph_Driver\src\stm32f10x_rcc.c:     ^
..\STM32_Lib\STM32F10x_StdPeriph_Driver\src\stm32f10x_rcc.c(712): warning:  #223-D: function "assert_param" declared implicitly
..\STM32_Lib\STM32F10x_StdPeriph_Driver\src\stm32f10x_rcc.c:     assert_param(IS_RCC_IT(RCC_IT));
..\STM32_Lib\STM32F10x_StdPeriph_Driver\src\stm32f10x_rcc.c:     ^
..\STM32_Lib\STM32F10x_StdPeriph_Driver\src\stm32f10x_rcc.c(740): warning:  #223-D: function "assert_param" declared implicitly
..\STM32_Lib\STM32F10x_StdPeriph_Driver\src\stm32f10x_rcc.c:     assert_param(IS_RCC_USBCLK_SOURCE(RCC_USBCLKSource));
..\STM32_Lib\STM32F10x_StdPeriph_Driver\src\stm32f10x_rcc.c:     ^
..\STM32_Lib\STM32F10x_StdPeriph_Driver\src\stm32f10x_rcc.c(779): warning:  #223-D: function "assert_param" declared implicitly
..\STM32_Lib\STM32F10x_StdPeriph_Driver\src\stm32f10x_rcc.c:     assert_param(IS_RCC_ADCCLK(RCC_PCLK2));
..\STM32_Lib\STM32F10x_StdPeriph_Driver\src\stm32f10x_rcc.c:     ^
..\STM32_Lib\STM32F10x_StdPeriph_Driver\src\stm32f10x_rcc.c(841): warning:  #223-D: function "assert_param" declared implicitly
..\STM32_Lib\STM32F10x_StdPeriph_Driver\src\stm32f10x_rcc.c:     assert_param(IS_RCC_LSE(RCC_LSE));
..\STM32_Lib\STM32F10x_StdPeriph_Driver\src\stm32f10x_rcc.c:     ^
..\STM32_Lib\STM32F10x_StdPeriph_Driver\src\stm32f10x_rcc.c(874): warning:  #223-D: function "assert_param" declared implicitly
..\STM32_Lib\STM32F10x_StdPeriph_Driver\src\stm32f10x_rcc.c:     assert_param(IS_FUNCTIONAL_STATE(NewState));
..\STM32_Lib\STM32F10x_StdPeriph_Driver\src\stm32f10x_rcc.c:     ^
..\STM32_Lib\STM32F10x_StdPeriph_Driver\src\stm32f10x_rcc.c(891): warning:  #223-D: function "assert_param" declared implicitly
..\STM32_Lib\STM32F10x_StdPeriph_Driver\src\stm32f10x_rcc.c:     assert_param(IS_RCC_RTCCLK_SOURCE(RCC_RTCCLKSource));
..\STM32_Lib\STM32F10x_StdPeriph_Driver\src\stm32f10x_rcc.c:     ^
..\STM32_Lib\STM32F10x_StdPeriph_Driver\src\stm32f10x_rcc.c(905): warning:  #223-D: function "assert_param" declared implicitly
..\STM32_Lib\STM32F10x_StdPeriph_Driver\src\stm32f10x_rcc.c:     assert_param(IS_FUNCTIONAL_STATE(NewState));
..\STM32_Lib\STM32F10x_StdPeriph_Driver\src\stm32f10x_rcc.c:     ^
..\STM32_Lib\STM32F10x_StdPeriph_Driver\src\stm32f10x_rcc.c(1074): warning:  #223-D: function "assert_param" declared implicitly
..\STM32_Lib\STM32F10x_StdPeriph_Driver\src\stm32f10x_rcc.c:     assert_param(IS_RCC_AHB_PERIPH(RCC_AHBPeriph));
..\STM32_Lib\STM32F10x_StdPeriph_Driver\src\stm32f10x_rcc.c:     ^
..\STM32_Lib\STM32F10x_StdPeriph_Driver\src\stm32f10x_rcc.c(1105): warning:  #223-D: function "assert_param" declared implicitly
..\STM32_Lib\STM32F10x_StdPeriph_Driver\src\stm32f10x_rcc.c:     assert_param(IS_RCC_APB2_PERIPH(RCC_APB2Periph));
..\STM32_Lib\STM32F10x_StdPeriph_Driver\src\stm32f10x_rcc.c:     ^
..\STM32_Lib\STM32F10x_StdPeriph_Driver\src\stm32f10x_rcc.c(1136): warning:  #223-D: function "assert_param" declared implicitly
..\STM32_Lib\STM32F10x_StdPeriph_Driver\src\stm32f10x_rcc.c:     assert_param(IS_RCC_APB1_PERIPH(RCC_APB1Periph));
..\STM32_Lib\STM32F10x_StdPeriph_Driver\src\stm32f10x_rcc.c:     ^
..\STM32_Lib\STM32F10x_StdPeriph_Driver\src\stm32f10x_rcc.c(1195): warning:  #223-D: function "assert_param" declared implicitly
..\STM32_Lib\STM32F10x_StdPeriph_Driver\src\stm32f10x_rcc.c:     assert_param(IS_RCC_APB2_PERIPH(RCC_APB2Periph));
..\STM32_Lib\STM32F10x_StdPeriph_Driver\src\stm32f10x_rcc.c:     ^
..\STM32_Lib\STM32F10x_StdPeriph_Driver\src\stm32f10x_rcc.c(1226): warning:  #223-D: function "assert_param" declared implicitly
..\STM32_Lib\STM32F10x_StdPeriph_Driver\src\stm32f10x_rcc.c:     assert_param(IS_RCC_APB1_PERIPH(RCC_APB1Periph));
..\STM32_Lib\STM32F10x_StdPeriph_Driver\src\stm32f10x_rcc.c:     ^
..\STM32_Lib\STM32F10x_StdPeriph_Driver\src\stm32f10x_rcc.c(1247): warning:  #223-D: function "assert_param" declared implicitly
..\STM32_Lib\STM32F10x_StdPeriph_Driver\src\stm32f10x_rcc.c:     assert_param(IS_FUNCTIONAL_STATE(NewState));
..\STM32_Lib\STM32F10x_StdPeriph_Driver\src\stm32f10x_rcc.c:     ^
..\STM32_Lib\STM32F10x_StdPeriph_Driver\src\stm32f10x_rcc.c(1260): warning:  #223-D: function "assert_param" declared implicitly
..\STM32_Lib\STM32F10x_StdPeriph_Driver\src\stm32f10x_rcc.c:     assert_param(IS_FUNCTIONAL_STATE(NewState));
..\STM32_Lib\STM32F10x_StdPeriph_Driver\src\stm32f10x_rcc.c:     ^
..\STM32_Lib\STM32F10x_StdPeriph_Driver\src\stm32f10x_rcc.c(1292): warning:  #223-D: function "assert_param" declared implicitly
..\STM32_Lib\STM32F10x_StdPeriph_Driver\src\stm32f10x_rcc.c:     assert_param(IS_RCC_MCO(RCC_MCO));
..\STM32_Lib\STM32F10x_StdPeriph_Driver\src\stm32f10x_rcc.c:     ^
..\STM32_Lib\STM32F10x_StdPeriph_Driver\src\stm32f10x_rcc.c(1339): warning:  #223-D: function "assert_param" declared implicitly
..\STM32_Lib\STM32F10x_StdPeriph_Driver\src\stm32f10x_rcc.c:     assert_param(IS_RCC_FLAG(RCC_FLAG));
..\STM32_Lib\STM32F10x_StdPeriph_Driver\src\stm32f10x_rcc.c:     ^
..\STM32_Lib\STM32F10x_StdPeriph_Driver\src\stm32f10x_rcc.c(1413): warning:  #223-D: function "assert_param" declared implicitly
..\STM32_Lib\STM32F10x_StdPeriph_Driver\src\stm32f10x_rcc.c:     assert_param(IS_RCC_GET_IT(RCC_IT));
..\STM32_Lib\STM32F10x_StdPeriph_Driver\src\stm32f10x_rcc.c:     ^
..\STM32_Lib\STM32F10x_StdPeriph_Driver\src\stm32f10x_rcc.c(1458): warning:  #223-D: function "assert_param" declared implicitly
..\STM32_Lib\STM32F10x_StdPeriph_Driver\src\stm32f10x_rcc.c:     assert_param(IS_RCC_CLEAR_IT(RCC_IT));
..\STM32_Lib\STM32F10x_StdPeriph_Driver\src\stm32f10x_rcc.c:     ^
..\STM32_Lib\STM32F10x_StdPeriph_Driver\src\stm32f10x_rcc.c: ..\STM32_Lib\STM32F10x_StdPeriph_Driver\src\stm32f10x_rcc.c: 27 warnings, 0 errors
compiling stm32f10x_spi.c...
..\STM32_Lib\STM32F10x_StdPeriph_Driver\src\stm32f10x_spi.c(121): warning:  #223-D: function "assert_param" declared implicitly
..\STM32_Lib\STM32F10x_StdPeriph_Driver\src\stm32f10x_spi.c:     assert_param(IS_SPI_ALL_PERIPH(SPIx));
..\STM32_Lib\STM32F10x_StdPeriph_Driver\src\stm32f10x_spi.c:     ^
..\STM32_Lib\STM32F10x_StdPeriph_Driver\src\stm32f10x_spi.c(162): warning:  #223-D: function "assert_param" declared implicitly
..\STM32_Lib\STM32F10x_StdPeriph_Driver\src\stm32f10x_spi.c:     assert_param(IS_SPI_ALL_PERIPH(SPIx));   
..\STM32_Lib\STM32F10x_StdPeriph_Driver\src\stm32f10x_spi.c:     ^
..\STM32_Lib\STM32F10x_StdPeriph_Driver\src\stm32f10x_spi.c(226): warning:  #223-D: function "assert_param" declared implicitly
..\STM32_Lib\STM32F10x_StdPeriph_Driver\src\stm32f10x_spi.c:     assert_param(IS_SPI_23_PERIPH(SPIx));
..\STM32_Lib\STM32F10x_StdPeriph_Driver\src\stm32f10x_spi.c:     ^
..\STM32_Lib\STM32F10x_StdPeriph_Driver\src\stm32f10x_spi.c(429): warning:  #223-D: function "assert_param" declared implicitly
..\STM32_Lib\STM32F10x_StdPeriph_Driver\src\stm32f10x_spi.c:     assert_param(IS_SPI_ALL_PERIPH(SPIx));
..\STM32_Lib\STM32F10x_StdPeriph_Driver\src\stm32f10x_spi.c:     ^
..\STM32_Lib\STM32F10x_StdPeriph_Driver\src\stm32f10x_spi.c(453): warning:  #223-D: function "assert_param" declared implicitly
..\STM32_Lib\STM32F10x_StdPeriph_Driver\src\stm32f10x_spi.c:     assert_param(IS_SPI_23_PERIPH(SPIx));
..\STM32_Lib\STM32F10x_StdPeriph_Driver\src\stm32f10x_spi.c:     ^
..\STM32_Lib\STM32F10x_StdPeriph_Driver\src\stm32f10x_spi.c(485): warning:  #223-D: function "assert_param" declared implicitly
..\STM32_Lib\STM32F10x_StdPeriph_Driver\src\stm32f10x_spi.c:     assert_param(IS_SPI_ALL_PERIPH(SPIx));
..\STM32_Lib\STM32F10x_StdPeriph_Driver\src\stm32f10x_spi.c:     ^
..\STM32_Lib\STM32F10x_StdPeriph_Driver\src\stm32f10x_spi.c(523): warning:  #223-D: function "assert_param" declared implicitly
..\STM32_Lib\STM32F10x_StdPeriph_Driver\src\stm32f10x_spi.c:     assert_param(IS_SPI_ALL_PERIPH(SPIx));
..\STM32_Lib\STM32F10x_StdPeriph_Driver\src\stm32f10x_spi.c:     ^
..\STM32_Lib\STM32F10x_StdPeriph_Driver\src\stm32f10x_spi.c(549): warning:  #223-D: function "assert_param" declared implicitly
..\STM32_Lib\STM32F10x_StdPeriph_Driver\src\stm32f10x_spi.c:     assert_param(IS_SPI_ALL_PERIPH(SPIx));
..\STM32_Lib\STM32F10x_StdPeriph_Driver\src\stm32f10x_spi.c:     ^
..\STM32_Lib\STM32F10x_StdPeriph_Driver\src\stm32f10x_spi.c(565): warning:  #223-D: function "assert_param" declared implicitly
..\STM32_Lib\STM32F10x_StdPeriph_Driver\src\stm32f10x_spi.c:     assert_param(IS_SPI_ALL_PERIPH(SPIx));
..\STM32_Lib\STM32F10x_StdPeriph_Driver\src\stm32f10x_spi.c:     ^
..\STM32_Lib\STM32F10x_StdPeriph_Driver\src\stm32f10x_spi.c(583): warning:  #223-D: function "assert_param" declared implicitly
..\STM32_Lib\STM32F10x_StdPeriph_Driver\src\stm32f10x_spi.c:     assert_param(IS_SPI_ALL_PERIPH(SPIx));
..\STM32_Lib\STM32F10x_StdPeriph_Driver\src\stm32f10x_spi.c:     ^
..\STM32_Lib\STM32F10x_StdPeriph_Driver\src\stm32f10x_spi.c(607): warning:  #223-D: function "assert_param" declared implicitly
..\STM32_Lib\STM32F10x_StdPeriph_Driver\src\stm32f10x_spi.c:     assert_param(IS_SPI_ALL_PERIPH(SPIx));
..\STM32_Lib\STM32F10x_StdPeriph_Driver\src\stm32f10x_spi.c:     ^
..\STM32_Lib\STM32F10x_StdPeriph_Driver\src\stm32f10x_spi.c(633): warning:  #223-D: function "assert_param" declared implicitly
..\STM32_Lib\STM32F10x_StdPeriph_Driver\src\stm32f10x_spi.c:     assert_param(IS_SPI_ALL_PERIPH(SPIx));
..\STM32_Lib\STM32F10x_StdPeriph_Driver\src\stm32f10x_spi.c:     ^
..\STM32_Lib\STM32F10x_StdPeriph_Driver\src\stm32f10x_spi.c(649): warning:  #223-D: function "assert_param" declared implicitly
..\STM32_Lib\STM32F10x_StdPeriph_Driver\src\stm32f10x_spi.c:     assert_param(IS_SPI_ALL_PERIPH(SPIx));
..\STM32_Lib\STM32F10x_StdPeriph_Driver\src\stm32f10x_spi.c:     ^
..\STM32_Lib\STM32F10x_StdPeriph_Driver\src\stm32f10x_spi.c(665): warning:  #223-D: function "assert_param" declared implicitly
..\STM32_Lib\STM32F10x_StdPeriph_Driver\src\stm32f10x_spi.c:     assert_param(IS_SPI_ALL_PERIPH(SPIx));
..\STM32_Lib\STM32F10x_StdPeriph_Driver\src\stm32f10x_spi.c:     ^
..\STM32_Lib\STM32F10x_StdPeriph_Driver\src\stm32f10x_spi.c(692): warning:  #223-D: function "assert_param" declared implicitly
..\STM32_Lib\STM32F10x_StdPeriph_Driver\src\stm32f10x_spi.c:     assert_param(IS_SPI_ALL_PERIPH(SPIx));
..\STM32_Lib\STM32F10x_StdPeriph_Driver\src\stm32f10x_spi.c:     ^
..\STM32_Lib\STM32F10x_StdPeriph_Driver\src\stm32f10x_spi.c(716): warning:  #223-D: function "assert_param" declared implicitly
..\STM32_Lib\STM32F10x_StdPeriph_Driver\src\stm32f10x_spi.c:     assert_param(IS_SPI_ALL_PERIPH(SPIx));
..\STM32_Lib\STM32F10x_StdPeriph_Driver\src\stm32f10x_spi.c:     ^
..\STM32_Lib\STM32F10x_StdPeriph_Driver\src\stm32f10x_spi.c(734): warning:  #223-D: function "assert_param" declared implicitly
..\STM32_Lib\STM32F10x_StdPeriph_Driver\src\stm32f10x_spi.c:     assert_param(IS_SPI_ALL_PERIPH(SPIx));
..\STM32_Lib\STM32F10x_StdPeriph_Driver\src\stm32f10x_spi.c:     ^
..\STM32_Lib\STM32F10x_StdPeriph_Driver\src\stm32f10x_spi.c(769): warning:  #223-D: function "assert_param" declared implicitly
..\STM32_Lib\STM32F10x_StdPeriph_Driver\src\stm32f10x_spi.c:     assert_param(IS_SPI_ALL_PERIPH(SPIx));
..\STM32_Lib\STM32F10x_StdPeriph_Driver\src\stm32f10x_spi.c:     ^
..\STM32_Lib\STM32F10x_StdPeriph_Driver\src\stm32f10x_spi.c(806): warning:  #223-D: function "assert_param" declared implicitly
..\STM32_Lib\STM32F10x_StdPeriph_Driver\src\stm32f10x_spi.c:     assert_param(IS_SPI_ALL_PERIPH(SPIx));
..\STM32_Lib\STM32F10x_StdPeriph_Driver\src\stm32f10x_spi.c:     ^
..\STM32_Lib\STM32F10x_StdPeriph_Driver\src\stm32f10x_spi.c(834): warning:  #223-D: function "assert_param" declared implicitly
..\STM32_Lib\STM32F10x_StdPeriph_Driver\src\stm32f10x_spi.c:     assert_param(IS_SPI_ALL_PERIPH(SPIx));
..\STM32_Lib\STM32F10x_StdPeriph_Driver\src\stm32f10x_spi.c:     ^
..\STM32_Lib\STM32F10x_StdPeriph_Driver\src\stm32f10x_spi.c(886): warning:  #223-D: function "assert_param" declared implicitly
..\STM32_Lib\STM32F10x_StdPeriph_Driver\src\stm32f10x_spi.c:     assert_param(IS_SPI_ALL_PERIPH(SPIx));
..\STM32_Lib\STM32F10x_StdPeriph_Driver\src\stm32f10x_spi.c:     ^
..\STM32_Lib\STM32F10x_StdPeriph_Driver\src\stm32f10x_spi.c: ..\STM32_Lib\STM32F10x_StdPeriph_Driver\src\stm32f10x_spi.c: 21 warnings, 0 errors
compiling stm32f10x_tim.c...
..\STM32_Lib\STM32F10x_StdPeriph_Driver\src\stm32f10x_tim.c(124): warning:  #223-D: function "assert_param" declared implicitly
..\STM32_Lib\STM32F10x_StdPeriph_Driver\src\stm32f10x_tim.c:     assert_param(IS_TIM_ALL_PERIPH(TIMx)); 
..\STM32_Lib\STM32F10x_StdPeriph_Driver\src\stm32f10x_tim.c:     ^
..\STM32_Lib\STM32F10x_StdPeriph_Driver\src\stm32f10x_tim.c(229): warning:  #223-D: function "assert_param" declared implicitly
..\STM32_Lib\STM32F10x_StdPeriph_Driver\src\stm32f10x_tim.c:     assert_param(IS_TIM_ALL_PERIPH(TIMx)); 
..\STM32_Lib\STM32F10x_StdPeriph_Driver\src\stm32f10x_tim.c:     ^
..\STM32_Lib\STM32F10x_StdPeriph_Driver\src\stm32f10x_tim.c(282): warning:  #223-D: function "assert_param" declared implicitly
..\STM32_Lib\STM32F10x_StdPeriph_Driver\src\stm32f10x_tim.c:     assert_param(IS_TIM_LIST8_PERIPH(TIMx));
..\STM32_Lib\STM32F10x_StdPeriph_Driver\src\stm32f10x_tim.c:     ^
..\STM32_Lib\STM32F10x_StdPeriph_Driver\src\stm32f10x_tim.c(365): warning:  #223-D: function "assert_param" declared implicitly
..\STM32_Lib\STM32F10x_StdPeriph_Driver\src\stm32f10x_tim.c:     assert_param(IS_TIM_LIST6_PERIPH(TIMx)); 
..\STM32_Lib\STM32F10x_StdPeriph_Driver\src\stm32f10x_tim.c:     ^
..\STM32_Lib\STM32F10x_StdPeriph_Driver\src\stm32f10x_tim.c(447): warning:  #223-D: function "assert_param" declared implicitly
..\STM32_Lib\STM32F10x_StdPeriph_Driver\src\stm32f10x_tim.c:     assert_param(IS_TIM_LIST3_PERIPH(TIMx)); 
..\STM32_Lib\STM32F10x_StdPeriph_Driver\src\stm32f10x_tim.c:     ^
..\STM32_Lib\STM32F10x_StdPeriph_Driver\src\stm32f10x_tim.c(526): warning:  #223-D: function "assert_param" declared implicitly
..\STM32_Lib\STM32F10x_StdPeriph_Driver\src\stm32f10x_tim.c:     assert_param(IS_TIM_LIST3_PERIPH(TIMx)); 
..\STM32_Lib\STM32F10x_StdPeriph_Driver\src\stm32f10x_tim.c:     ^
..\STM32_Lib\STM32F10x_StdPeriph_Driver\src\stm32f10x_tim.c(588): warning:  #223-D: function "assert_param" declared implicitly
..\STM32_Lib\STM32F10x_StdPeriph_Driver\src\stm32f10x_tim.c:     assert_param(IS_TIM_CHANNEL(TIM_ICInitStruct->TIM_Channel));
..\STM32_Lib\STM32F10x_StdPeriph_Driver\src\stm32f10x_tim.c:     ^
..\STM32_Lib\STM32F10x_StdPeriph_Driver\src\stm32f10x_tim.c(649): warning:  #223-D: function "assert_param" declared implicitly
..\STM32_Lib\STM32F10x_StdPeriph_Driver\src\stm32f10x_tim.c:     assert_param(IS_TIM_LIST6_PERIPH(TIMx));
..\STM32_Lib\STM32F10x_StdPeriph_Driver\src\stm32f10x_tim.c:     ^
..\STM32_Lib\STM32F10x_StdPeriph_Driver\src\stm32f10x_tim.c(705): warning:  #223-D: function "assert_param" declared implicitly
..\STM32_Lib\STM32F10x_StdPeriph_Driver\src\stm32f10x_tim.c:     assert_param(IS_TIM_LIST2_PERIPH(TIMx));
..\STM32_Lib\STM32F10x_StdPeriph_Driver\src\stm32f10x_tim.c:     ^
..\STM32_Lib\STM32F10x_StdPeriph_Driver\src\stm32f10x_tim.c(799): warning:  #223-D: function "assert_param" declared implicitly
..\STM32_Lib\STM32F10x_StdPeriph_Driver\src\stm32f10x_tim.c:     assert_param(IS_TIM_ALL_PERIPH(TIMx));
..\STM32_Lib\STM32F10x_StdPeriph_Driver\src\stm32f10x_tim.c:     ^
..\STM32_Lib\STM32F10x_StdPeriph_Driver\src\stm32f10x_tim.c(824): warning:  #223-D: function "assert_param" declared implicitly
..\STM32_Lib\STM32F10x_StdPeriph_Driver\src\stm32f10x_tim.c:     assert_param(IS_TIM_LIST2_PERIPH(TIMx));
..\STM32_Lib\STM32F10x_StdPeriph_Driver\src\stm32f10x_tim.c:     ^
..\STM32_Lib\STM32F10x_StdPeriph_Driver\src\stm32f10x_tim.c(865): warning:  #223-D: function "assert_param" declared implicitly
..\STM32_Lib\STM32F10x_StdPeriph_Driver\src\stm32f10x_tim.c:     assert_param(IS_TIM_ALL_PERIPH(TIMx));
..\STM32_Lib\STM32F10x_StdPeriph_Driver\src\stm32f10x_tim.c:     ^
..\STM32_Lib\STM32F10x_StdPeriph_Driver\src\stm32f10x_tim.c(902): warning:  #223-D: function "assert_param" declared implicitly
..\STM32_Lib\STM32F10x_StdPeriph_Driver\src\stm32f10x_tim.c:     assert_param(IS_TIM_ALL_PERIPH(TIMx));
..\STM32_Lib\STM32F10x_StdPeriph_Driver\src\stm32f10x_tim.c:     ^
..\STM32_Lib\STM32F10x_StdPeriph_Driver\src\stm32f10x_tim.c(930): warning:  #223-D: function "assert_param" declared implicitly
..\STM32_Lib\STM32F10x_StdPeriph_Driver\src\stm32f10x_tim.c:     assert_param(IS_TIM_LIST4_PERIPH(TIMx));
..\STM32_Lib\STM32F10x_StdPeriph_Driver\src\stm32f10x_tim.c:     ^
..\STM32_Lib\STM32F10x_StdPeriph_Driver\src\stm32f10x_tim.c(957): warning:  #223-D: function "assert_param" declared implicitly
..\STM32_Lib\STM32F10x_StdPeriph_Driver\src\stm32f10x_tim.c:     assert_param(IS_TIM_LIST9_PERIPH(TIMx));
..\STM32_Lib\STM32F10x_StdPeriph_Driver\src\stm32f10x_tim.c:     ^
..\STM32_Lib\STM32F10x_StdPeriph_Driver\src\stm32f10x_tim.c(982): warning:  #223-D: function "assert_param" declared implicitly
..\STM32_Lib\STM32F10x_StdPeriph_Driver\src\stm32f10x_tim.c:     assert_param(IS_TIM_LIST6_PERIPH(TIMx));
..\STM32_Lib\STM32F10x_StdPeriph_Driver\src\stm32f10x_tim.c:     ^
..\STM32_Lib\STM32F10x_StdPeriph_Driver\src\stm32f10x_tim.c(1001): warning:  #223-D: function "assert_param" declared implicitly
..\STM32_Lib\STM32F10x_StdPeriph_Driver\src\stm32f10x_tim.c:     assert_param(IS_TIM_LIST6_PERIPH(TIMx));
..\STM32_Lib\STM32F10x_StdPeriph_Driver\src\stm32f10x_tim.c:     ^
..\STM32_Lib\STM32F10x_StdPeriph_Driver\src\stm32f10x_tim.c(1029): warning:  #223-D: function "assert_param" declared implicitly
..\STM32_Lib\STM32F10x_StdPeriph_Driver\src\stm32f10x_tim.c:     assert_param(IS_TIM_LIST6_PERIPH(TIMx));
..\STM32_Lib\STM32F10x_StdPeriph_Driver\src\stm32f10x_tim.c:     ^
..\STM32_Lib\STM32F10x_StdPeriph_Driver\src\stm32f10x_tim.c(1070): warning:  #223-D: function "assert_param" declared implicitly
..\STM32_Lib\STM32F10x_StdPeriph_Driver\src\stm32f10x_tim.c:     assert_param(IS_TIM_LIST3_PERIPH(TIMx));
..\STM32_Lib\STM32F10x_StdPeriph_Driver\src\stm32f10x_tim.c:     ^
..\STM32_Lib\STM32F10x_StdPeriph_Driver\src\stm32f10x_tim.c(1111): warning:  #223-D: function "assert_param" declared implicitly
..\STM32_Lib\STM32F10x_StdPeriph_Driver\src\stm32f10x_tim.c:     assert_param(IS_TIM_LIST3_PERIPH(TIMx));
..\STM32_Lib\STM32F10x_StdPeriph_Driver\src\stm32f10x_tim.c:     ^
..\STM32_Lib\STM32F10x_StdPeriph_Driver\src\stm32f10x_tim.c(1143): warning:  #223-D: function "assert_param" declared implicitly
..\STM32_Lib\STM32F10x_StdPeriph_Driver\src\stm32f10x_tim.c:     assert_param(IS_TIM_LIST3_PERIPH(TIMx));
..\STM32_Lib\STM32F10x_StdPeriph_Driver\src\stm32f10x_tim.c:     ^
..\STM32_Lib\STM32F10x_StdPeriph_Driver\src\stm32f10x_tim.c(1169): warning:  #223-D: function "assert_param" declared implicitly
..\STM32_Lib\STM32F10x_StdPeriph_Driver\src\stm32f10x_tim.c:     assert_param(IS_TIM_ALL_PERIPH(TIMx));
..\STM32_Lib\STM32F10x_StdPeriph_Driver\src\stm32f10x_tim.c:     ^
..\STM32_Lib\STM32F10x_StdPeriph_Driver\src\stm32f10x_tim.c(1193): warning:  #223-D: function "assert_param" declared implicitly
..\STM32_Lib\STM32F10x_StdPeriph_Driver\src\stm32f10x_tim.c:     assert_param(IS_TIM_LIST3_PERIPH(TIMx));
..\STM32_Lib\STM32F10x_StdPeriph_Driver\src\stm32f10x_tim.c:     ^
..\STM32_Lib\STM32F10x_StdPeriph_Driver\src\stm32f10x_tim.c(1223): warning:  #223-D: function "assert_param" declared implicitly
..\STM32_Lib\STM32F10x_StdPeriph_Driver\src\stm32f10x_tim.c:     assert_param(IS_TIM_LIST6_PERIPH(TIMx));
..\STM32_Lib\STM32F10x_StdPeriph_Driver\src\stm32f10x_tim.c:     ^
..\STM32_Lib\STM32F10x_StdPeriph_Driver\src\stm32f10x_tim.c(1262): warning:  #223-D: function "assert_param" declared implicitly
..\STM32_Lib\STM32F10x_StdPeriph_Driver\src\stm32f10x_tim.c:     assert_param(IS_TIM_LIST5_PERIPH(TIMx));
..\STM32_Lib\STM32F10x_StdPeriph_Driver\src\stm32f10x_tim.c:     ^
..\STM32_Lib\STM32F10x_StdPeriph_Driver\src\stm32f10x_tim.c(1309): warning:  #223-D: function "assert_param" declared implicitly
..\STM32_Lib\STM32F10x_StdPeriph_Driver\src\stm32f10x_tim.c:     assert_param(IS_TIM_LIST8_PERIPH(TIMx));
..\STM32_Lib\STM32F10x_StdPeriph_Driver\src\stm32f10x_tim.c:     ^
..\STM32_Lib\STM32F10x_StdPeriph_Driver\src\stm32f10x_tim.c(1333): warning:  #223-D: function "assert_param" declared implicitly
..\STM32_Lib\STM32F10x_StdPeriph_Driver\src\stm32f10x_tim.c:     assert_param(IS_TIM_LIST6_PERIPH(TIMx));
..\STM32_Lib\STM32F10x_StdPeriph_Driver\src\stm32f10x_tim.c:     ^
..\STM32_Lib\STM32F10x_StdPeriph_Driver\src\stm32f10x_tim.c(1357): warning:  #223-D: function "assert_param" declared implicitly
..\STM32_Lib\STM32F10x_StdPeriph_Driver\src\stm32f10x_tim.c:     assert_param(IS_TIM_LIST3_PERIPH(TIMx));
..\STM32_Lib\STM32F10x_StdPeriph_Driver\src\stm32f10x_tim.c:     ^
..\STM32_Lib\STM32F10x_StdPeriph_Driver\src\stm32f10x_tim.c(1381): warning:  #223-D: function "assert_param" declared implicitly
..\STM32_Lib\STM32F10x_StdPeriph_Driver\src\stm32f10x_tim.c:     assert_param(IS_TIM_LIST3_PERIPH(TIMx));
..\STM32_Lib\STM32F10x_StdPeriph_Driver\src\stm32f10x_tim.c:     ^
..\STM32_Lib\STM32F10x_StdPeriph_Driver\src\stm32f10x_tim.c(1402): warning:  #223-D: function "assert_param" declared implicitly
..\STM32_Lib\STM32F10x_StdPeriph_Driver\src\stm32f10x_tim.c:     assert_param(IS_TIM_ALL_PERIPH(TIMx));
..\STM32_Lib\STM32F10x_StdPeriph_Driver\src\stm32f10x_tim.c:     ^
..\STM32_Lib\STM32F10x_StdPeriph_Driver\src\stm32f10x_tim.c(1426): warning:  #223-D: function "assert_param" declared implicitly
..\STM32_Lib\STM32F10x_StdPeriph_Driver\src\stm32f10x_tim.c:     assert_param(IS_TIM_LIST2_PERIPH(TIMx));
..\STM32_Lib\STM32F10x_StdPeriph_Driver\src\stm32f10x_tim.c:     ^
..\STM32_Lib\STM32F10x_StdPeriph_Driver\src\stm32f10x_tim.c(1451): warning:  #223-D: function "assert_param" declared implicitly
..\STM32_Lib\STM32F10x_StdPeriph_Driver\src\stm32f10x_tim.c:     assert_param(IS_TIM_LIST4_PERIPH(TIMx));
..\STM32_Lib\STM32F10x_StdPeriph_Driver\src\stm32f10x_tim.c:     ^
..\STM32_Lib\STM32F10x_StdPeriph_Driver\src\stm32f10x_tim.c(1476): warning:  #223-D: function "assert_param" declared implicitly
..\STM32_Lib\STM32F10x_StdPeriph_Driver\src\stm32f10x_tim.c:     assert_param(IS_TIM_LIST5_PERIPH(TIMx));
..\STM32_Lib\STM32F10x_StdPeriph_Driver\src\stm32f10x_tim.c:     ^
..\STM32_Lib\STM32F10x_StdPeriph_Driver\src\stm32f10x_tim.c(1503): warning:  #223-D: function "assert_param" declared implicitly
..\STM32_Lib\STM32F10x_StdPeriph_Driver\src\stm32f10x_tim.c:     assert_param(IS_TIM_LIST8_PERIPH(TIMx));
..\STM32_Lib\STM32F10x_StdPeriph_Driver\src\stm32f10x_tim.c:     ^
..\STM32_Lib\STM32F10x_StdPeriph_Driver\src\stm32f10x_tim.c(1528): warning:  #223-D: function "assert_param" declared implicitly
..\STM32_Lib\STM32F10x_StdPeriph_Driver\src\stm32f10x_tim.c:     assert_param(IS_TIM_LIST6_PERIPH(TIMx));
..\STM32_Lib\STM32F10x_StdPeriph_Driver\src\stm32f10x_tim.c:     ^
..\STM32_Lib\STM32F10x_StdPeriph_Driver\src\stm32f10x_tim.c(1552): warning:  #223-D: function "assert_param" declared implicitly
..\STM32_Lib\STM32F10x_StdPeriph_Driver\src\stm32f10x_tim.c:     assert_param(IS_TIM_LIST3_PERIPH(TIMx));
..\STM32_Lib\STM32F10x_StdPeriph_Driver\src\stm32f10x_tim.c:     ^
..\STM32_Lib\STM32F10x_StdPeriph_Driver\src\stm32f10x_tim.c(1576): warning:  #223-D: function "assert_param" declared implicitly
..\STM32_Lib\STM32F10x_StdPeriph_Driver\src\stm32f10x_tim.c:     assert_param(IS_TIM_LIST3_PERIPH(TIMx));
..\STM32_Lib\STM32F10x_StdPeriph_Driver\src\stm32f10x_tim.c:     ^
..\STM32_Lib\STM32F10x_StdPeriph_Driver\src\stm32f10x_tim.c(1600): warning:  #223-D: function "assert_param" declared implicitly
..\STM32_Lib\STM32F10x_StdPeriph_Driver\src\stm32f10x_tim.c:     assert_param(IS_TIM_LIST8_PERIPH(TIMx));
..\STM32_Lib\STM32F10x_StdPeriph_Driver\src\stm32f10x_tim.c:     ^
..\STM32_Lib\STM32F10x_StdPeriph_Driver\src\stm32f10x_tim.c(1626): warning:  #223-D: function "assert_param" declared implicitly
..\STM32_Lib\STM32F10x_StdPeriph_Driver\src\stm32f10x_tim.c:     assert_param(IS_TIM_LIST6_PERIPH(TIMx));
..\STM32_Lib\STM32F10x_StdPeriph_Driver\src\stm32f10x_tim.c:     ^
..\STM32_Lib\STM32F10x_StdPeriph_Driver\src\stm32f10x_tim.c(1651): warning:  #223-D: function "assert_param" declared implicitly
..\STM32_Lib\STM32F10x_StdPeriph_Driver\src\stm32f10x_tim.c:     assert_param(IS_TIM_LIST3_PERIPH(TIMx));
..\STM32_Lib\STM32F10x_StdPeriph_Driver\src\stm32f10x_tim.c:     ^
..\STM32_Lib\STM32F10x_StdPeriph_Driver\src\stm32f10x_tim.c(1676): warning:  #223-D: function "assert_param" declared implicitly
..\STM32_Lib\STM32F10x_StdPeriph_Driver\src\stm32f10x_tim.c:     assert_param(IS_TIM_LIST3_PERIPH(TIMx));
..\STM32_Lib\STM32F10x_StdPeriph_Driver\src\stm32f10x_tim.c:     ^
..\STM32_Lib\STM32F10x_StdPeriph_Driver\src\stm32f10x_tim.c(1701): warning:  #223-D: function "assert_param" declared implicitly
..\STM32_Lib\STM32F10x_StdPeriph_Driver\src\stm32f10x_tim.c:     assert_param(IS_TIM_LIST3_PERIPH(TIMx));
..\STM32_Lib\STM32F10x_StdPeriph_Driver\src\stm32f10x_tim.c:     ^
..\STM32_Lib\STM32F10x_StdPeriph_Driver\src\stm32f10x_tim.c(1727): warning:  #223-D: function "assert_param" declared implicitly
..\STM32_Lib\STM32F10x_StdPeriph_Driver\src\stm32f10x_tim.c:     assert_param(IS_TIM_LIST3_PERIPH(TIMx));
..\STM32_Lib\STM32F10x_StdPeriph_Driver\src\stm32f10x_tim.c:     ^
..\STM32_Lib\STM32F10x_StdPeriph_Driver\src\stm32f10x_tim.c(1751): warning:  #223-D: function "assert_param" declared implicitly
..\STM32_Lib\STM32F10x_StdPeriph_Driver\src\stm32f10x_tim.c:     assert_param(IS_TIM_LIST3_PERIPH(TIMx));
..\STM32_Lib\STM32F10x_StdPeriph_Driver\src\stm32f10x_tim.c:     ^
..\STM32_Lib\STM32F10x_StdPeriph_Driver\src\stm32f10x_tim.c(1775): warning:  #223-D: function "assert_param" declared implicitly
..\STM32_Lib\STM32F10x_StdPeriph_Driver\src\stm32f10x_tim.c:     assert_param(IS_TIM_LIST3_PERIPH(TIMx));
..\STM32_Lib\STM32F10x_StdPeriph_Driver\src\stm32f10x_tim.c:     ^
..\STM32_Lib\STM32F10x_StdPeriph_Driver\src\stm32f10x_tim.c(1799): warning:  #223-D: function "assert_param" declared implicitly
..\STM32_Lib\STM32F10x_StdPeriph_Driver\src\stm32f10x_tim.c:     assert_param(IS_TIM_LIST8_PERIPH(TIMx));
..\STM32_Lib\STM32F10x_StdPeriph_Driver\src\stm32f10x_tim.c:     ^
..\STM32_Lib\STM32F10x_StdPeriph_Driver\src\stm32f10x_tim.c(1822): warning:  #223-D: function "assert_param" declared implicitly
..\STM32_Lib\STM32F10x_StdPeriph_Driver\src\stm32f10x_tim.c:     assert_param(IS_TIM_LIST2_PERIPH(TIMx));
..\STM32_Lib\STM32F10x_StdPeriph_Driver\src\stm32f10x_tim.c:     ^
..\STM32_Lib\STM32F10x_StdPeriph_Driver\src\stm32f10x_tim.c(1846): warning:  #223-D: function "assert_param" declared implicitly
..\STM32_Lib\STM32F10x_StdPeriph_Driver\src\stm32f10x_tim.c:     assert_param(IS_TIM_LIST6_PERIPH(TIMx));
..\STM32_Lib\STM32F10x_StdPeriph_Driver\src\stm32f10x_tim.c:     ^
..\STM32_Lib\STM32F10x_StdPeriph_Driver\src\stm32f10x_tim.c(1869): warning:  #223-D: function "assert_param" declared implicitly
..\STM32_Lib\STM32F10x_StdPeriph_Driver\src\stm32f10x_tim.c:     assert_param(IS_TIM_LIST1_PERIPH(TIMx));
..\STM32_Lib\STM32F10x_StdPeriph_Driver\src\stm32f10x_tim.c:     ^
..\STM32_Lib\STM32F10x_StdPeriph_Driver\src\stm32f10x_tim.c(1893): warning:  #223-D: function "assert_param" declared implicitly
..\STM32_Lib\STM32F10x_StdPeriph_Driver\src\stm32f10x_tim.c:     assert_param(IS_TIM_LIST3_PERIPH(TIMx));
..\STM32_Lib\STM32F10x_StdPeriph_Driver\src\stm32f10x_tim.c:     ^
..\STM32_Lib\STM32F10x_StdPeriph_Driver\src\stm32f10x_tim.c(1917): warning:  #223-D: function "assert_param" declared implicitly
..\STM32_Lib\STM32F10x_StdPeriph_Driver\src\stm32f10x_tim.c:     assert_param(IS_TIM_LIST1_PERIPH(TIMx));
..\STM32_Lib\STM32F10x_StdPeriph_Driver\src\stm32f10x_tim.c:     ^
..\STM32_Lib\STM32F10x_StdPeriph_Driver\src\stm32f10x_tim.c(1941): warning:  #223-D: function "assert_param" declared implicitly
..\STM32_Lib\STM32F10x_StdPeriph_Driver\src\stm32f10x_tim.c:     assert_param(IS_TIM_LIST3_PERIPH(TIMx));
..\STM32_Lib\STM32F10x_StdPeriph_Driver\src\stm32f10x_tim.c:     ^
..\STM32_Lib\STM32F10x_StdPeriph_Driver\src\stm32f10x_tim.c(1969): warning:  #223-D: function "assert_param" declared implicitly
..\STM32_Lib\STM32F10x_StdPeriph_Driver\src\stm32f10x_tim.c:     assert_param(IS_TIM_LIST8_PERIPH(TIMx));
..\STM32_Lib\STM32F10x_StdPeriph_Driver\src\stm32f10x_tim.c:     ^
..\STM32_Lib\STM32F10x_StdPeriph_Driver\src\stm32f10x_tim.c(1999): warning:  #223-D: function "assert_param" declared implicitly
..\STM32_Lib\STM32F10x_StdPeriph_Driver\src\stm32f10x_tim.c:     assert_param(IS_TIM_LIST2_PERIPH(TIMx));
..\STM32_Lib\STM32F10x_StdPeriph_Driver\src\stm32f10x_tim.c:     ^
..\STM32_Lib\STM32F10x_StdPeriph_Driver\src\stm32f10x_tim.c(2041): warning:  #223-D: function "assert_param" declared implicitly
..\STM32_Lib\STM32F10x_StdPeriph_Driver\src\stm32f10x_tim.c:     assert_param(IS_TIM_LIST8_PERIPH(TIMx));
..\STM32_Lib\STM32F10x_StdPeriph_Driver\src\stm32f10x_tim.c:     ^
..\STM32_Lib\STM32F10x_StdPeriph_Driver\src\stm32f10x_tim.c(2085): warning:  #223-D: function "assert_param" declared implicitly
..\STM32_Lib\STM32F10x_StdPeriph_Driver\src\stm32f10x_tim.c:     assert_param(IS_TIM_ALL_PERIPH(TIMx));
..\STM32_Lib\STM32F10x_StdPeriph_Driver\src\stm32f10x_tim.c:     ^
..\STM32_Lib\STM32F10x_StdPeriph_Driver\src\stm32f10x_tim.c(2113): warning:  #223-D: function "assert_param" declared implicitly
..\STM32_Lib\STM32F10x_StdPeriph_Driver\src\stm32f10x_tim.c:     assert_param(IS_TIM_ALL_PERIPH(TIMx));
..\STM32_Lib\STM32F10x_StdPeriph_Driver\src\stm32f10x_tim.c:     ^
..\STM32_Lib\STM32F10x_StdPeriph_Driver\src\stm32f10x_tim.c(2137): warning:  #223-D: function "assert_param" declared implicitly
..\STM32_Lib\STM32F10x_StdPeriph_Driver\src\stm32f10x_tim.c:     assert_param(IS_TIM_LIST6_PERIPH(TIMx));
..\STM32_Lib\STM32F10x_StdPeriph_Driver\src\stm32f10x_tim.c:     ^
..\STM32_Lib\STM32F10x_StdPeriph_Driver\src\stm32f10x_tim.c(2163): warning:  #223-D: function "assert_param" declared implicitly
..\STM32_Lib\STM32F10x_StdPeriph_Driver\src\stm32f10x_tim.c:     assert_param(IS_TIM_ALL_PERIPH(TIMx));
..\STM32_Lib\STM32F10x_StdPeriph_Driver\src\stm32f10x_tim.c:     ^
..\STM32_Lib\STM32F10x_StdPeriph_Driver\src\stm32f10x_tim.c(2195): warning:  #223-D: function "assert_param" declared implicitly
..\STM32_Lib\STM32F10x_StdPeriph_Driver\src\stm32f10x_tim.c:     assert_param(IS_TIM_LIST7_PERIPH(TIMx));
..\STM32_Lib\STM32F10x_StdPeriph_Driver\src\stm32f10x_tim.c:     ^
..\STM32_Lib\STM32F10x_StdPeriph_Driver\src\stm32f10x_tim.c(2218): warning:  #223-D: function "assert_param" declared implicitly
..\STM32_Lib\STM32F10x_StdPeriph_Driver\src\stm32f10x_tim.c:     assert_param(IS_TIM_LIST6_PERIPH(TIMx));
..\STM32_Lib\STM32F10x_StdPeriph_Driver\src\stm32f10x_tim.c:     ^
..\STM32_Lib\STM32F10x_StdPeriph_Driver\src\stm32f10x_tim.c(2239): warning:  #223-D: function "assert_param" declared implicitly
..\STM32_Lib\STM32F10x_StdPeriph_Driver\src\stm32f10x_tim.c:     assert_param(IS_TIM_LIST6_PERIPH(TIMx));
..\STM32_Lib\STM32F10x_StdPeriph_Driver\src\stm32f10x_tim.c:     ^
..\STM32_Lib\STM32F10x_StdPeriph_Driver\src\stm32f10x_tim.c(2257): warning:  #223-D: function "assert_param" declared implicitly
..\STM32_Lib\STM32F10x_StdPeriph_Driver\src\stm32f10x_tim.c:     assert_param(IS_TIM_ALL_PERIPH(TIMx));
..\STM32_Lib\STM32F10x_StdPeriph_Driver\src\stm32f10x_tim.c:     ^
..\STM32_Lib\STM32F10x_StdPeriph_Driver\src\stm32f10x_tim.c(2271): warning:  #223-D: function "assert_param" declared implicitly
..\STM32_Lib\STM32F10x_StdPeriph_Driver\src\stm32f10x_tim.c:     assert_param(IS_TIM_ALL_PERIPH(TIMx));
..\STM32_Lib\STM32F10x_StdPeriph_Driver\src\stm32f10x_tim.c:     ^
..\STM32_Lib\STM32F10x_StdPeriph_Driver\src\stm32f10x_tim.c(2285): warning:  #223-D: function "assert_param" declared implicitly
..\STM32_Lib\STM32F10x_StdPeriph_Driver\src\stm32f10x_tim.c:     assert_param(IS_TIM_LIST8_PERIPH(TIMx));
..\STM32_Lib\STM32F10x_StdPeriph_Driver\src\stm32f10x_tim.c:     ^
..\STM32_Lib\STM32F10x_StdPeriph_Driver\src\stm32f10x_tim.c(2299): warning:  #223-D: function "assert_param" declared implicitly
..\STM32_Lib\STM32F10x_StdPeriph_Driver\src\stm32f10x_tim.c:     assert_param(IS_TIM_LIST6_PERIPH(TIMx));
..\STM32_Lib\STM32F10x_StdPeriph_Driver\src\stm32f10x_tim.c:     ^
..\STM32_Lib\STM32F10x_StdPeriph_Driver\src\stm32f10x_tim.c(2313): warning:  #223-D: function "assert_param" declared implicitly
..\STM32_Lib\STM32F10x_StdPeriph_Driver\src\stm32f10x_tim.c:     assert_param(IS_TIM_LIST3_PERIPH(TIMx));
..\STM32_Lib\STM32F10x_StdPeriph_Driver\src\stm32f10x_tim.c:     ^
..\STM32_Lib\STM32F10x_StdPeriph_Driver\src\stm32f10x_tim.c(2327): warning:  #223-D: function "assert_param" declared implicitly
..\STM32_Lib\STM32F10x_StdPeriph_Driver\src\stm32f10x_tim.c:     assert_param(IS_TIM_LIST3_PERIPH(TIMx));
..\STM32_Lib\STM32F10x_StdPeriph_Driver\src\stm32f10x_tim.c:     ^
..\STM32_Lib\STM32F10x_StdPeriph_Driver\src\stm32f10x_tim.c(2346): warning:  #223-D: function "assert_param" declared implicitly
..\STM32_Lib\STM32F10x_StdPeriph_Driver\src\stm32f10x_tim.c:     assert_param(IS_TIM_LIST8_PERIPH(TIMx));
..\STM32_Lib\STM32F10x_StdPeriph_Driver\src\stm32f10x_tim.c:     ^
..\STM32_Lib\STM32F10x_StdPeriph_Driver\src\stm32f10x_tim.c(2368): warning:  #223-D: function "assert_param" declared implicitly
..\STM32_Lib\STM32F10x_StdPeriph_Driver\src\stm32f10x_tim.c:     assert_param(IS_TIM_LIST6_PERIPH(TIMx));
..\STM32_Lib\STM32F10x_StdPeriph_Driver\src\stm32f10x_tim.c:     ^
..\STM32_Lib\STM32F10x_StdPeriph_Driver\src\stm32f10x_tim.c(2390): warning:  #223-D: function "assert_param" declared implicitly
..\STM32_Lib\STM32F10x_StdPeriph_Driver\src\stm32f10x_tim.c:     assert_param(IS_TIM_LIST3_PERIPH(TIMx));
..\STM32_Lib\STM32F10x_StdPeriph_Driver\src\stm32f10x_tim.c:     ^
..\STM32_Lib\STM32F10x_StdPeriph_Driver\src\stm32f10x_tim.c(2412): warning:  #223-D: function "assert_param" declared implicitly
..\STM32_Lib\STM32F10x_StdPeriph_Driver\src\stm32f10x_tim.c:     assert_param(IS_TIM_LIST3_PERIPH(TIMx));
..\STM32_Lib\STM32F10x_StdPeriph_Driver\src\stm32f10x_tim.c:     ^
..\STM32_Lib\STM32F10x_StdPeriph_Driver\src\stm32f10x_tim.c(2434): warning:  #223-D: function "assert_param" declared implicitly
..\STM32_Lib\STM32F10x_StdPeriph_Driver\src\stm32f10x_tim.c:     assert_param(IS_TIM_LIST8_PERIPH(TIMx));
..\STM32_Lib\STM32F10x_StdPeriph_Driver\src\stm32f10x_tim.c:     ^
..\STM32_Lib\STM32F10x_StdPeriph_Driver\src\stm32f10x_tim.c(2450): warning:  #223-D: function "assert_param" declared implicitly
..\STM32_Lib\STM32F10x_StdPeriph_Driver\src\stm32f10x_tim.c:     assert_param(IS_TIM_LIST8_PERIPH(TIMx));
..\STM32_Lib\STM32F10x_StdPeriph_Driver\src\stm32f10x_tim.c:     ^
..\STM32_Lib\STM32F10x_StdPeriph_Driver\src\stm32f10x_tim.c(2463): warning:  #223-D: function "assert_param" declared implicitly
..\STM32_Lib\STM32F10x_StdPeriph_Driver\src\stm32f10x_tim.c:     assert_param(IS_TIM_LIST6_PERIPH(TIMx));
..\STM32_Lib\STM32F10x_StdPeriph_Driver\src\stm32f10x_tim.c:     ^
..\STM32_Lib\STM32F10x_StdPeriph_Driver\src\stm32f10x_tim.c(2476): warning:  #223-D: function "assert_param" declared implicitly
..\STM32_Lib\STM32F10x_StdPeriph_Driver\src\stm32f10x_tim.c:     assert_param(IS_TIM_LIST3_PERIPH(TIMx)); 
..\STM32_Lib\STM32F10x_StdPeriph_Driver\src\stm32f10x_tim.c:     ^
..\STM32_Lib\STM32F10x_StdPeriph_Driver\src\stm32f10x_tim.c(2489): warning:  #223-D: function "assert_param" declared implicitly
..\STM32_Lib\STM32F10x_StdPeriph_Driver\src\stm32f10x_tim.c:     assert_param(IS_TIM_LIST3_PERIPH(TIMx));
..\STM32_Lib\STM32F10x_StdPeriph_Driver\src\stm32f10x_tim.c:     ^
..\STM32_Lib\STM32F10x_StdPeriph_Driver\src\stm32f10x_tim.c(2502): warning:  #223-D: function "assert_param" declared implicitly
..\STM32_Lib\STM32F10x_StdPeriph_Driver\src\stm32f10x_tim.c:     assert_param(IS_TIM_ALL_PERIPH(TIMx));
..\STM32_Lib\STM32F10x_StdPeriph_Driver\src\stm32f10x_tim.c:     ^
..\STM32_Lib\STM32F10x_StdPeriph_Driver\src\stm32f10x_tim.c(2515): warning:  #223-D: function "assert_param" declared implicitly
..\STM32_Lib\STM32F10x_StdPeriph_Driver\src\stm32f10x_tim.c:     assert_param(IS_TIM_ALL_PERIPH(TIMx));
..\STM32_Lib\STM32F10x_StdPeriph_Driver\src\stm32f10x_tim.c:     ^
..\STM32_Lib\STM32F10x_StdPeriph_Driver\src\stm32f10x_tim.c(2550): warning:  #223-D: function "assert_param" declared implicitly
..\STM32_Lib\STM32F10x_StdPeriph_Driver\src\stm32f10x_tim.c:     assert_param(IS_TIM_ALL_PERIPH(TIMx));
..\STM32_Lib\STM32F10x_StdPeriph_Driver\src\stm32f10x_tim.c:     ^
..\STM32_Lib\STM32F10x_StdPeriph_Driver\src\stm32f10x_tim.c(2593): warning:  #223-D: function "assert_param" declared implicitly
..\STM32_Lib\STM32F10x_StdPeriph_Driver\src\stm32f10x_tim.c:     assert_param(IS_TIM_ALL_PERIPH(TIMx));
..\STM32_Lib\STM32F10x_StdPeriph_Driver\src\stm32f10x_tim.c:     ^
..\STM32_Lib\STM32F10x_StdPeriph_Driver\src\stm32f10x_tim.c(2627): warning:  #223-D: function "assert_param" declared implicitly
..\STM32_Lib\STM32F10x_StdPeriph_Driver\src\stm32f10x_tim.c:     assert_param(IS_TIM_ALL_PERIPH(TIMx));
..\STM32_Lib\STM32F10x_StdPeriph_Driver\src\stm32f10x_tim.c:     ^
..\STM32_Lib\STM32F10x_StdPeriph_Driver\src\stm32f10x_tim.c(2669): warning:  #223-D: function "assert_param" declared implicitly
..\STM32_Lib\STM32F10x_StdPeriph_Driver\src\stm32f10x_tim.c:     assert_param(IS_TIM_ALL_PERIPH(TIMx));
..\STM32_Lib\STM32F10x_StdPeriph_Driver\src\stm32f10x_tim.c:     ^
..\STM32_Lib\STM32F10x_StdPeriph_Driver\src\stm32f10x_tim.c: ..\STM32_Lib\STM32F10x_StdPeriph_Driver\src\stm32f10x_tim.c: 83 warnings, 0 errors
compiling stm32f10x_usart.c...
..\STM32_Lib\STM32F10x_StdPeriph_Driver\src\stm32f10x_usart.c(131): warning:  #223-D: function "assert_param" declared implicitly
..\STM32_Lib\STM32F10x_StdPeriph_Driver\src\stm32f10x_usart.c:     assert_param(IS_USART_ALL_PERIPH(USARTx));
..\STM32_Lib\STM32F10x_StdPeriph_Driver\src\stm32f10x_usart.c:     ^
..\STM32_Lib\STM32F10x_StdPeriph_Driver\src\stm32f10x_usart.c(181): warning:  #223-D: function "assert_param" declared implicitly
..\STM32_Lib\STM32F10x_StdPeriph_Driver\src\stm32f10x_usart.c:     assert_param(IS_USART_ALL_PERIPH(USARTx));
..\STM32_Lib\STM32F10x_StdPeriph_Driver\src\stm32f10x_usart.c:     ^
..\STM32_Lib\STM32F10x_StdPeriph_Driver\src\stm32f10x_usart.c(303): warning:  #223-D: function "assert_param" declared implicitly
..\STM32_Lib\STM32F10x_StdPeriph_Driver\src\stm32f10x_usart.c:     assert_param(IS_USART_123_PERIPH(USARTx));
..\STM32_Lib\STM32F10x_StdPeriph_Driver\src\stm32f10x_usart.c:     ^
..\STM32_Lib\STM32F10x_StdPeriph_Driver\src\stm32f10x_usart.c(351): warning:  #223-D: function "assert_param" declared implicitly
..\STM32_Lib\STM32F10x_StdPeriph_Driver\src\stm32f10x_usart.c:     assert_param(IS_USART_ALL_PERIPH(USARTx));
..\STM32_Lib\STM32F10x_StdPeriph_Driver\src\stm32f10x_usart.c:     ^
..\STM32_Lib\STM32F10x_StdPeriph_Driver\src\stm32f10x_usart.c(390): warning:  #223-D: function "assert_param" declared implicitly
..\STM32_Lib\STM32F10x_StdPeriph_Driver\src\stm32f10x_usart.c:     assert_param(IS_USART_ALL_PERIPH(USARTx));
..\STM32_Lib\STM32F10x_StdPeriph_Driver\src\stm32f10x_usart.c:     ^
..\STM32_Lib\STM32F10x_StdPeriph_Driver\src\stm32f10x_usart.c(447): warning:  #223-D: function "assert_param" declared implicitly
..\STM32_Lib\STM32F10x_StdPeriph_Driver\src\stm32f10x_usart.c:     assert_param(IS_USART_1234_PERIPH(USARTx));
..\STM32_Lib\STM32F10x_StdPeriph_Driver\src\stm32f10x_usart.c:     ^
..\STM32_Lib\STM32F10x_StdPeriph_Driver\src\stm32f10x_usart.c(475): warning:  #223-D: function "assert_param" declared implicitly
..\STM32_Lib\STM32F10x_StdPeriph_Driver\src\stm32f10x_usart.c:     assert_param(IS_USART_ALL_PERIPH(USARTx));
..\STM32_Lib\STM32F10x_StdPeriph_Driver\src\stm32f10x_usart.c:     ^
..\STM32_Lib\STM32F10x_StdPeriph_Driver\src\stm32f10x_usart.c(498): warning:  #223-D: function "assert_param" declared implicitly
..\STM32_Lib\STM32F10x_StdPeriph_Driver\src\stm32f10x_usart.c:     assert_param(IS_USART_ALL_PERIPH(USARTx));
..\STM32_Lib\STM32F10x_StdPeriph_Driver\src\stm32f10x_usart.c:     ^
..\STM32_Lib\STM32F10x_StdPeriph_Driver\src\stm32f10x_usart.c(517): warning:  #223-D: function "assert_param" declared implicitly
..\STM32_Lib\STM32F10x_StdPeriph_Driver\src\stm32f10x_usart.c:     assert_param(IS_USART_ALL_PERIPH(USARTx));
..\STM32_Lib\STM32F10x_StdPeriph_Driver\src\stm32f10x_usart.c:     ^
..\STM32_Lib\STM32F10x_StdPeriph_Driver\src\stm32f10x_usart.c(546): warning:  #223-D: function "assert_param" declared implicitly
..\STM32_Lib\STM32F10x_StdPeriph_Driver\src\stm32f10x_usart.c:     assert_param(IS_USART_ALL_PERIPH(USARTx));
..\STM32_Lib\STM32F10x_StdPeriph_Driver\src\stm32f10x_usart.c:     ^
..\STM32_Lib\STM32F10x_StdPeriph_Driver\src\stm32f10x_usart.c(565): warning:  #223-D: function "assert_param" declared implicitly
..\STM32_Lib\STM32F10x_StdPeriph_Driver\src\stm32f10x_usart.c:     assert_param(IS_USART_ALL_PERIPH(USARTx));
..\STM32_Lib\STM32F10x_StdPeriph_Driver\src\stm32f10x_usart.c:     ^
..\STM32_Lib\STM32F10x_StdPeriph_Driver\src\stm32f10x_usart.c(591): warning:  #223-D: function "assert_param" declared implicitly
..\STM32_Lib\STM32F10x_StdPeriph_Driver\src\stm32f10x_usart.c:     assert_param(IS_USART_ALL_PERIPH(USARTx));
..\STM32_Lib\STM32F10x_StdPeriph_Driver\src\stm32f10x_usart.c:     ^
..\STM32_Lib\STM32F10x_StdPeriph_Driver\src\stm32f10x_usart.c(608): warning:  #223-D: function "assert_param" declared implicitly
..\STM32_Lib\STM32F10x_StdPeriph_Driver\src\stm32f10x_usart.c:     assert_param(IS_USART_ALL_PERIPH(USARTx));
..\STM32_Lib\STM32F10x_StdPeriph_Driver\src\stm32f10x_usart.c:     ^
..\STM32_Lib\STM32F10x_StdPeriph_Driver\src\stm32f10x_usart.c(624): warning:  #223-D: function "assert_param" declared implicitly
..\STM32_Lib\STM32F10x_StdPeriph_Driver\src\stm32f10x_usart.c:     assert_param(IS_USART_ALL_PERIPH(USARTx));
..\STM32_Lib\STM32F10x_StdPeriph_Driver\src\stm32f10x_usart.c:     ^
..\STM32_Lib\STM32F10x_StdPeriph_Driver\src\stm32f10x_usart.c(640): warning:  #223-D: function "assert_param" declared implicitly
..\STM32_Lib\STM32F10x_StdPeriph_Driver\src\stm32f10x_usart.c:     assert_param(IS_USART_123_PERIPH(USARTx));
..\STM32_Lib\STM32F10x_StdPeriph_Driver\src\stm32f10x_usart.c:     ^
..\STM32_Lib\STM32F10x_StdPeriph_Driver\src\stm32f10x_usart.c(660): warning:  #223-D: function "assert_param" declared implicitly
..\STM32_Lib\STM32F10x_StdPeriph_Driver\src\stm32f10x_usart.c:     assert_param(IS_USART_ALL_PERIPH(USARTx));
..\STM32_Lib\STM32F10x_StdPeriph_Driver\src\stm32f10x_usart.c:     ^
..\STM32_Lib\STM32F10x_StdPeriph_Driver\src\stm32f10x_usart.c(679): warning:  #223-D: function "assert_param" declared implicitly
..\STM32_Lib\STM32F10x_StdPeriph_Driver\src\stm32f10x_usart.c:     assert_param(IS_USART_123_PERIPH(USARTx));
..\STM32_Lib\STM32F10x_StdPeriph_Driver\src\stm32f10x_usart.c:     ^
..\STM32_Lib\STM32F10x_StdPeriph_Driver\src\stm32f10x_usart.c(704): warning:  #223-D: function "assert_param" declared implicitly
..\STM32_Lib\STM32F10x_StdPeriph_Driver\src\stm32f10x_usart.c:     assert_param(IS_USART_123_PERIPH(USARTx));  
..\STM32_Lib\STM32F10x_StdPeriph_Driver\src\stm32f10x_usart.c:     ^
..\STM32_Lib\STM32F10x_StdPeriph_Driver\src\stm32f10x_usart.c(730): warning:  #223-D: function "assert_param" declared implicitly
..\STM32_Lib\STM32F10x_StdPeriph_Driver\src\stm32f10x_usart.c:     assert_param(IS_USART_ALL_PERIPH(USARTx));
..\STM32_Lib\STM32F10x_StdPeriph_Driver\src\stm32f10x_usart.c:     ^
..\STM32_Lib\STM32F10x_StdPeriph_Driver\src\stm32f10x_usart.c(761): warning:  #223-D: function "assert_param" declared implicitly
..\STM32_Lib\STM32F10x_StdPeriph_Driver\src\stm32f10x_usart.c:     assert_param(IS_USART_ALL_PERIPH(USARTx));
..\STM32_Lib\STM32F10x_StdPeriph_Driver\src\stm32f10x_usart.c:     ^
..\STM32_Lib\STM32F10x_StdPeriph_Driver\src\stm32f10x_usart.c(788): warning:  #223-D: function "assert_param" declared implicitly
..\STM32_Lib\STM32F10x_StdPeriph_Driver\src\stm32f10x_usart.c:     assert_param(IS_USART_ALL_PERIPH(USARTx));
..\STM32_Lib\STM32F10x_StdPeriph_Driver\src\stm32f10x_usart.c:     ^
..\STM32_Lib\STM32F10x_StdPeriph_Driver\src\stm32f10x_usart.c(817): warning:  #223-D: function "assert_param" declared implicitly
..\STM32_Lib\STM32F10x_StdPeriph_Driver\src\stm32f10x_usart.c:     assert_param(IS_USART_ALL_PERIPH(USARTx));
..\STM32_Lib\STM32F10x_StdPeriph_Driver\src\stm32f10x_usart.c:     ^
..\STM32_Lib\STM32F10x_StdPeriph_Driver\src\stm32f10x_usart.c(836): warning:  #223-D: function "assert_param" declared implicitly
..\STM32_Lib\STM32F10x_StdPeriph_Driver\src\stm32f10x_usart.c:     assert_param(IS_USART_ALL_PERIPH(USARTx));
..\STM32_Lib\STM32F10x_StdPeriph_Driver\src\stm32f10x_usart.c:     ^
..\STM32_Lib\STM32F10x_StdPeriph_Driver\src\stm32f10x_usart.c(874): warning:  #223-D: function "assert_param" declared implicitly
..\STM32_Lib\STM32F10x_StdPeriph_Driver\src\stm32f10x_usart.c:     assert_param(IS_USART_ALL_PERIPH(USARTx));
..\STM32_Lib\STM32F10x_StdPeriph_Driver\src\stm32f10x_usart.c:     ^
..\STM32_Lib\STM32F10x_StdPeriph_Driver\src\stm32f10x_usart.c(922): warning:  #223-D: function "assert_param" declared implicitly
..\STM32_Lib\STM32F10x_StdPeriph_Driver\src\stm32f10x_usart.c:     assert_param(IS_USART_ALL_PERIPH(USARTx));
..\STM32_Lib\STM32F10x_StdPeriph_Driver\src\stm32f10x_usart.c:     ^
..\STM32_Lib\STM32F10x_StdPeriph_Driver\src\stm32f10x_usart.c(957): warning:  #223-D: function "assert_param" declared implicitly
..\STM32_Lib\STM32F10x_StdPeriph_Driver\src\stm32f10x_usart.c:     assert_param(IS_USART_ALL_PERIPH(USARTx));
..\STM32_Lib\STM32F10x_StdPeriph_Driver\src\stm32f10x_usart.c:     ^
..\STM32_Lib\STM32F10x_StdPeriph_Driver\src\stm32f10x_usart.c(1030): warning:  #223-D: function "assert_param" declared implicitly
..\STM32_Lib\STM32F10x_StdPeriph_Driver\src\stm32f10x_usart.c:     assert_param(IS_USART_ALL_PERIPH(USARTx));
..\STM32_Lib\STM32F10x_StdPeriph_Driver\src\stm32f10x_usart.c:     ^
..\STM32_Lib\STM32F10x_StdPeriph_Driver\src\stm32f10x_usart.c: ..\STM32_Lib\STM32F10x_StdPeriph_Driver\src\stm32f10x_usart.c: 27 warnings, 0 errors
compiling core_cm3.c...
compiling system_stm32f10x.c...
Target not created
